[1.169s] Invoking command in '/home/arms/paper3_ws/src/uwb_slam': PYTHONPATH=/home/arms/paper3_ws/build/uwb_slam/prefix_override:/home/arms/paper3_ws/install/uwb_slam/lib/python3.10/site-packages:${PYTHONPATH} /usr/bin/python3 -W ignore:setup.py install is deprecated setup.py egg_info --egg-base ../../build/uwb_slam build --build-base /home/arms/paper3_ws/build/uwb_slam/build install --record /home/arms/paper3_ws/build/uwb_slam/install.log --single-version-externally-managed install_data
[1.427s] running egg_info
[1.427s] writing ../../build/uwb_slam/uwb_slam.egg-info/PKG-INFO
[1.428s] writing dependency_links to ../../build/uwb_slam/uwb_slam.egg-info/dependency_links.txt
[1.428s] writing entry points to ../../build/uwb_slam/uwb_slam.egg-info/entry_points.txt
[1.428s] writing requirements to ../../build/uwb_slam/uwb_slam.egg-info/requires.txt
[1.428s] writing top-level names to ../../build/uwb_slam/uwb_slam.egg-info/top_level.txt
[1.431s] reading manifest file '../../build/uwb_slam/uwb_slam.egg-info/SOURCES.txt'
[1.431s] adding license file 'LICENSE'
[1.431s] running build
[1.431s] running build_py
[1.432s] running install
[1.437s] running install_lib
[1.438s] running install_data
[1.438s] running install_egg_info
[1.440s] running install_scripts
[1.459s] Installing init_ancs script to /home/arms/paper3_ws/install/uwb_slam/lib/uwb_slam
[1.459s] Installing run_SLAM script to /home/arms/paper3_ws/install/uwb_slam/lib/uwb_slam
[1.459s] Installing test_LM script to /home/arms/paper3_ws/install/uwb_slam/lib/uwb_slam
[1.460s] Installing test_rot script to /home/arms/paper3_ws/install/uwb_slam/lib/uwb_slam
[1.484s] Invoked command in '/home/arms/paper3_ws/src/uwb_slam' returned '0': PYTHONPATH=/home/arms/paper3_ws/build/uwb_slam/prefix_override:/home/arms/paper3_ws/install/uwb_slam/lib/python3.10/site-packages:${PYTHONPATH} /usr/bin/python3 -W ignore:setup.py install is deprecated setup.py egg_info --egg-base ../../build/uwb_slam build --build-base /home/arms/paper3_ws/build/uwb_slam/build install --record /home/arms/paper3_ws/build/uwb_slam/install.log --single-version-externally-managed install_data
