[0.134s] DEBUG:colcon:Command line arguments: ['/usr/bin/colcon', 'build']
[0.134s] DEBUG:colcon:Parsed command line arguments: Namespace(log_base=None, log_level=None, verb_name='build', build_base='build', install_base='install', merge_install=False, symlink_install=False, test_result_base=None, continue_on_error=False, executor='parallel', parallel_workers=20, event_handlers=None, ignore_user_meta=False, metas=['./colcon.meta'], base_paths=['.'], packages_ignore=None, packages_ignore_regex=None, paths=None, packages_up_to=None, packages_up_to_regex=None, packages_above=None, packages_above_and_dependencies=None, packages_above_depth=None, packages_select_by_dep=None, packages_skip_by_dep=None, packages_skip_up_to=None, packages_select_build_failed=False, packages_skip_build_finished=False, packages_select_test_failures=False, packages_skip_test_passed=False, packages_select=None, packages_skip=None, packages_select_regex=None, packages_skip_regex=None, packages_start=None, packages_end=None, allow_overriding=[], cmake_args=None, cmake_target=None, cmake_target_skip_unavailable=False, cmake_clean_cache=False, cmake_clean_first=False, cmake_force_configure=False, ament_cmake_args=None, catkin_cmake_args=None, catkin_skip_building_tests=False, verb_parser=<colcon_defaults.argument_parser.defaults.DefaultArgumentsDecorator object at 0x71c237c33f70>, verb_extension=<colcon_core.verb.build.BuildVerb object at 0x71c237c33a30>, main=<bound method BuildVerb.main of <colcon_core.verb.build.BuildVerb object at 0x71c237c33a30>>)
[0.417s] Level 1:colcon.colcon_core.package_discovery:discover_packages(colcon_meta) check parameters
[0.417s] Level 1:colcon.colcon_core.package_discovery:discover_packages(recursive) check parameters
[0.417s] Level 1:colcon.colcon_core.package_discovery:discover_packages(ignore) check parameters
[0.417s] Level 1:colcon.colcon_core.package_discovery:discover_packages(path) check parameters
[0.417s] Level 1:colcon.colcon_core.package_discovery:discover_packages(colcon_meta) discover
[0.417s] Level 1:colcon.colcon_core.package_discovery:discover_packages(recursive) discover
[0.417s] INFO:colcon.colcon_core.package_discovery:Crawling recursively for packages in '/home/arms/paper3_ws'
[0.418s] Level 1:colcon.colcon_core.package_identification:_identify(.) by extensions ['ignore', 'ignore_ament_install']
[0.418s] Level 1:colcon.colcon_core.package_identification:_identify(.) by extension 'ignore'
[0.418s] Level 1:colcon.colcon_core.package_identification:_identify(.) by extension 'ignore_ament_install'
[0.418s] Level 1:colcon.colcon_core.package_identification:_identify(.) by extensions ['colcon_pkg']
[0.418s] Level 1:colcon.colcon_core.package_identification:_identify(.) by extension 'colcon_pkg'
[0.418s] Level 1:colcon.colcon_core.package_identification:_identify(.) by extensions ['colcon_meta']
[0.418s] Level 1:colcon.colcon_core.package_identification:_identify(.) by extension 'colcon_meta'
[0.418s] Level 1:colcon.colcon_core.package_identification:_identify(.) by extensions ['ros']
[0.418s] Level 1:colcon.colcon_core.package_identification:_identify(.) by extension 'ros'
[0.439s] Level 1:colcon.colcon_core.package_identification:_identify(.) by extensions ['cmake', 'python']
[0.439s] Level 1:colcon.colcon_core.package_identification:_identify(.) by extension 'cmake'
[0.439s] Level 1:colcon.colcon_core.package_identification:_identify(.) by extension 'python'
[0.439s] Level 1:colcon.colcon_core.package_identification:_identify(.) by extensions ['python_setup_py']
[0.439s] Level 1:colcon.colcon_core.package_identification:_identify(.) by extension 'python_setup_py'
[0.443s] Level 1:colcon.colcon_core.package_identification:_identify(build) by extensions ['ignore', 'ignore_ament_install']
[0.443s] Level 1:colcon.colcon_core.package_identification:_identify(build) by extension 'ignore'
[0.443s] Level 1:colcon.colcon_core.package_identification:_identify(build) ignored
[0.444s] Level 1:colcon.colcon_core.package_identification:_identify(install) by extensions ['ignore', 'ignore_ament_install']
[0.444s] Level 1:colcon.colcon_core.package_identification:_identify(install) by extension 'ignore'
[0.444s] Level 1:colcon.colcon_core.package_identification:_identify(install) ignored
[0.444s] Level 1:colcon.colcon_core.package_identification:_identify(log) by extensions ['ignore', 'ignore_ament_install']
[0.444s] Level 1:colcon.colcon_core.package_identification:_identify(log) by extension 'ignore'
[0.444s] Level 1:colcon.colcon_core.package_identification:_identify(log) ignored
[0.444s] Level 1:colcon.colcon_core.package_identification:_identify(src) by extensions ['ignore', 'ignore_ament_install']
[0.444s] Level 1:colcon.colcon_core.package_identification:_identify(src) by extension 'ignore'
[0.444s] Level 1:colcon.colcon_core.package_identification:_identify(src) by extension 'ignore_ament_install'
[0.444s] Level 1:colcon.colcon_core.package_identification:_identify(src) by extensions ['colcon_pkg']
[0.444s] Level 1:colcon.colcon_core.package_identification:_identify(src) by extension 'colcon_pkg'
[0.444s] Level 1:colcon.colcon_core.package_identification:_identify(src) by extensions ['colcon_meta']
[0.445s] Level 1:colcon.colcon_core.package_identification:_identify(src) by extension 'colcon_meta'
[0.445s] Level 1:colcon.colcon_core.package_identification:_identify(src) by extensions ['ros']
[0.445s] Level 1:colcon.colcon_core.package_identification:_identify(src) by extension 'ros'
[0.445s] Level 1:colcon.colcon_core.package_identification:_identify(src) by extensions ['cmake', 'python']
[0.445s] Level 1:colcon.colcon_core.package_identification:_identify(src) by extension 'cmake'
[0.445s] Level 1:colcon.colcon_core.package_identification:_identify(src) by extension 'python'
[0.445s] Level 1:colcon.colcon_core.package_identification:_identify(src) by extensions ['python_setup_py']
[0.445s] Level 1:colcon.colcon_core.package_identification:_identify(src) by extension 'python_setup_py'
[0.445s] Level 1:colcon.colcon_core.package_identification:_identify(src/ekf_slam) by extensions ['ignore', 'ignore_ament_install']
[0.445s] Level 1:colcon.colcon_core.package_identification:_identify(src/ekf_slam) by extension 'ignore'
[0.445s] Level 1:colcon.colcon_core.package_identification:_identify(src/ekf_slam) by extension 'ignore_ament_install'
[0.445s] Level 1:colcon.colcon_core.package_identification:_identify(src/ekf_slam) by extensions ['colcon_pkg']
[0.445s] Level 1:colcon.colcon_core.package_identification:_identify(src/ekf_slam) by extension 'colcon_pkg'
[0.445s] Level 1:colcon.colcon_core.package_identification:_identify(src/ekf_slam) by extensions ['colcon_meta']
[0.445s] Level 1:colcon.colcon_core.package_identification:_identify(src/ekf_slam) by extension 'colcon_meta'
[0.445s] Level 1:colcon.colcon_core.package_identification:_identify(src/ekf_slam) by extensions ['ros']
[0.445s] Level 1:colcon.colcon_core.package_identification:_identify(src/ekf_slam) by extension 'ros'
[0.448s] DEBUG:colcon.colcon_core.package_identification:Package 'src/ekf_slam' with type 'ros.ament_python' and name 'lp_slam'
[0.448s] Level 1:colcon.colcon_core.package_identification:_identify(src/my_g2o) by extensions ['ignore', 'ignore_ament_install']
[0.448s] Level 1:colcon.colcon_core.package_identification:_identify(src/my_g2o) by extension 'ignore'
[0.448s] Level 1:colcon.colcon_core.package_identification:_identify(src/my_g2o) by extension 'ignore_ament_install'
[0.448s] Level 1:colcon.colcon_core.package_identification:_identify(src/my_g2o) by extensions ['colcon_pkg']
[0.448s] Level 1:colcon.colcon_core.package_identification:_identify(src/my_g2o) by extension 'colcon_pkg'
[0.448s] Level 1:colcon.colcon_core.package_identification:_identify(src/my_g2o) by extensions ['colcon_meta']
[0.449s] Level 1:colcon.colcon_core.package_identification:_identify(src/my_g2o) by extension 'colcon_meta'
[0.449s] Level 1:colcon.colcon_core.package_identification:_identify(src/my_g2o) by extensions ['ros']
[0.449s] Level 1:colcon.colcon_core.package_identification:_identify(src/my_g2o) by extension 'ros'
[0.449s] Level 1:colcon.colcon_core.package_identification:_identify(src/my_g2o) by extensions ['cmake', 'python']
[0.449s] Level 1:colcon.colcon_core.package_identification:_identify(src/my_g2o) by extension 'cmake'
[0.449s] Level 1:colcon.colcon_core.package_identification:_identify(src/my_g2o) by extension 'python'
[0.449s] Level 1:colcon.colcon_core.package_identification:_identify(src/my_g2o) by extensions ['python_setup_py']
[0.449s] Level 1:colcon.colcon_core.package_identification:_identify(src/my_g2o) by extension 'python_setup_py'
[0.449s] Level 1:colcon.colcon_core.package_identification:_identify(src/my_g2o/__pycache__) by extensions ['ignore', 'ignore_ament_install']
[0.449s] Level 1:colcon.colcon_core.package_identification:_identify(src/my_g2o/__pycache__) by extension 'ignore'
[0.449s] Level 1:colcon.colcon_core.package_identification:_identify(src/my_g2o/__pycache__) by extension 'ignore_ament_install'
[0.449s] Level 1:colcon.colcon_core.package_identification:_identify(src/my_g2o/__pycache__) by extensions ['colcon_pkg']
[0.449s] Level 1:colcon.colcon_core.package_identification:_identify(src/my_g2o/__pycache__) by extension 'colcon_pkg'
[0.449s] Level 1:colcon.colcon_core.package_identification:_identify(src/my_g2o/__pycache__) by extensions ['colcon_meta']
[0.449s] Level 1:colcon.colcon_core.package_identification:_identify(src/my_g2o/__pycache__) by extension 'colcon_meta'
[0.449s] Level 1:colcon.colcon_core.package_identification:_identify(src/my_g2o/__pycache__) by extensions ['ros']
[0.449s] Level 1:colcon.colcon_core.package_identification:_identify(src/my_g2o/__pycache__) by extension 'ros'
[0.449s] Level 1:colcon.colcon_core.package_identification:_identify(src/my_g2o/__pycache__) by extensions ['cmake', 'python']
[0.449s] Level 1:colcon.colcon_core.package_identification:_identify(src/my_g2o/__pycache__) by extension 'cmake'
[0.450s] Level 1:colcon.colcon_core.package_identification:_identify(src/my_g2o/__pycache__) by extension 'python'
[0.450s] Level 1:colcon.colcon_core.package_identification:_identify(src/my_g2o/__pycache__) by extensions ['python_setup_py']
[0.450s] Level 1:colcon.colcon_core.package_identification:_identify(src/my_g2o/__pycache__) by extension 'python_setup_py'
[0.450s] Level 1:colcon.colcon_core.package_identification:_identify(src/ui) by extensions ['ignore', 'ignore_ament_install']
[0.450s] Level 1:colcon.colcon_core.package_identification:_identify(src/ui) by extension 'ignore'
[0.450s] Level 1:colcon.colcon_core.package_identification:_identify(src/ui) by extension 'ignore_ament_install'
[0.450s] Level 1:colcon.colcon_core.package_identification:_identify(src/ui) by extensions ['colcon_pkg']
[0.450s] Level 1:colcon.colcon_core.package_identification:_identify(src/ui) by extension 'colcon_pkg'
[0.450s] Level 1:colcon.colcon_core.package_identification:_identify(src/ui) by extensions ['colcon_meta']
[0.450s] Level 1:colcon.colcon_core.package_identification:_identify(src/ui) by extension 'colcon_meta'
[0.450s] Level 1:colcon.colcon_core.package_identification:_identify(src/ui) by extensions ['ros']
[0.450s] Level 1:colcon.colcon_core.package_identification:_identify(src/ui) by extension 'ros'
[0.451s] DEBUG:colcon.colcon_core.package_identification:Package 'src/ui' with type 'ros.ament_python' and name 'ui'
[0.451s] Level 1:colcon.colcon_core.package_identification:_identify(src/uwb_range) by extensions ['ignore', 'ignore_ament_install']
[0.451s] Level 1:colcon.colcon_core.package_identification:_identify(src/uwb_range) by extension 'ignore'
[0.451s] Level 1:colcon.colcon_core.package_identification:_identify(src/uwb_range) by extension 'ignore_ament_install'
[0.451s] Level 1:colcon.colcon_core.package_identification:_identify(src/uwb_range) by extensions ['colcon_pkg']
[0.451s] Level 1:colcon.colcon_core.package_identification:_identify(src/uwb_range) by extension 'colcon_pkg'
[0.451s] Level 1:colcon.colcon_core.package_identification:_identify(src/uwb_range) by extensions ['colcon_meta']
[0.451s] Level 1:colcon.colcon_core.package_identification:_identify(src/uwb_range) by extension 'colcon_meta'
[0.451s] Level 1:colcon.colcon_core.package_identification:_identify(src/uwb_range) by extensions ['ros']
[0.451s] Level 1:colcon.colcon_core.package_identification:_identify(src/uwb_range) by extension 'ros'
[0.452s] DEBUG:colcon.colcon_core.package_identification:Package 'src/uwb_range' with type 'ros.ament_cmake' and name 'uwb_ranger'
[0.452s] Level 1:colcon.colcon_core.package_identification:_identify(src/uwb_slam) by extensions ['ignore', 'ignore_ament_install']
[0.452s] Level 1:colcon.colcon_core.package_identification:_identify(src/uwb_slam) by extension 'ignore'
[0.453s] Level 1:colcon.colcon_core.package_identification:_identify(src/uwb_slam) by extension 'ignore_ament_install'
[0.453s] Level 1:colcon.colcon_core.package_identification:_identify(src/uwb_slam) by extensions ['colcon_pkg']
[0.453s] Level 1:colcon.colcon_core.package_identification:_identify(src/uwb_slam) by extension 'colcon_pkg'
[0.453s] Level 1:colcon.colcon_core.package_identification:_identify(src/uwb_slam) by extensions ['colcon_meta']
[0.453s] Level 1:colcon.colcon_core.package_identification:_identify(src/uwb_slam) by extension 'colcon_meta'
[0.453s] Level 1:colcon.colcon_core.package_identification:_identify(src/uwb_slam) by extensions ['ros']
[0.453s] Level 1:colcon.colcon_core.package_identification:_identify(src/uwb_slam) by extension 'ros'
[0.453s] DEBUG:colcon.colcon_core.package_identification:Package 'src/uwb_slam' with type 'ros.ament_python' and name 'uwb_slam'
[0.453s] Level 1:colcon.colcon_core.package_discovery:discover_packages(recursive) using defaults
[0.453s] Level 1:colcon.colcon_core.package_discovery:discover_packages(ignore) discover
[0.453s] Level 1:colcon.colcon_core.package_discovery:discover_packages(ignore) using defaults
[0.453s] Level 1:colcon.colcon_core.package_discovery:discover_packages(path) discover
[0.453s] Level 1:colcon.colcon_core.package_discovery:discover_packages(path) using defaults
[0.482s] Level 1:colcon.colcon_core.package_discovery:discover_packages(prefix_path) check parameters
[0.482s] Level 1:colcon.colcon_core.package_discovery:discover_packages(prefix_path) discover
[0.485s] DEBUG:colcon.colcon_installed_package_information.package_discovery:Found 3 installed packages in /home/arms/turtlebot3_ws/install
[0.485s] DEBUG:colcon.colcon_installed_package_information.package_discovery:Found 4 installed packages in /home/arms/paper3_ws/install
[0.486s] DEBUG:colcon.colcon_installed_package_information.package_discovery:Found 3 installed packages in /home/arms/X4M300_ws/install
[0.486s] DEBUG:colcon.colcon_installed_package_information.package_discovery:Found 7 installed packages in /home/arms/p440_ws/install
[0.487s] DEBUG:colcon.colcon_installed_package_information.package_discovery:Found 4 installed packages in /home/arms/ros2_driver_mmwave/install
[0.489s] DEBUG:colcon.colcon_installed_package_information.package_discovery:Found 343 installed packages in /opt/ros/iron
[0.491s] Level 1:colcon.colcon_core.package_discovery:discover_packages(prefix_path) using defaults
[0.546s] Level 5:colcon.colcon_core.verb:set package 'lp_slam' build argument 'cmake_args' from command line to 'None'
[0.546s] Level 5:colcon.colcon_core.verb:set package 'lp_slam' build argument 'cmake_target' from command line to 'None'
[0.546s] Level 5:colcon.colcon_core.verb:set package 'lp_slam' build argument 'cmake_target_skip_unavailable' from command line to 'False'
[0.546s] Level 5:colcon.colcon_core.verb:set package 'lp_slam' build argument 'cmake_clean_cache' from command line to 'False'
[0.546s] Level 5:colcon.colcon_core.verb:set package 'lp_slam' build argument 'cmake_clean_first' from command line to 'False'
[0.546s] Level 5:colcon.colcon_core.verb:set package 'lp_slam' build argument 'cmake_force_configure' from command line to 'False'
[0.546s] Level 5:colcon.colcon_core.verb:set package 'lp_slam' build argument 'ament_cmake_args' from command line to 'None'
[0.546s] Level 5:colcon.colcon_core.verb:set package 'lp_slam' build argument 'catkin_cmake_args' from command line to 'None'
[0.546s] Level 5:colcon.colcon_core.verb:set package 'lp_slam' build argument 'catkin_skip_building_tests' from command line to 'False'
[0.546s] DEBUG:colcon.colcon_core.verb:Building package 'lp_slam' with the following arguments: {'ament_cmake_args': None, 'build_base': '/home/arms/paper3_ws/build/lp_slam', 'catkin_cmake_args': None, 'catkin_skip_building_tests': False, 'cmake_args': None, 'cmake_clean_cache': False, 'cmake_clean_first': False, 'cmake_force_configure': False, 'cmake_target': None, 'cmake_target_skip_unavailable': False, 'install_base': '/home/arms/paper3_ws/install/lp_slam', 'merge_install': False, 'path': '/home/arms/paper3_ws/src/ekf_slam', 'symlink_install': False, 'test_result_base': None}
[0.547s] Level 5:colcon.colcon_core.verb:set package 'ui' build argument 'cmake_args' from command line to 'None'
[0.547s] Level 5:colcon.colcon_core.verb:set package 'ui' build argument 'cmake_target' from command line to 'None'
[0.547s] Level 5:colcon.colcon_core.verb:set package 'ui' build argument 'cmake_target_skip_unavailable' from command line to 'False'
[0.547s] Level 5:colcon.colcon_core.verb:set package 'ui' build argument 'cmake_clean_cache' from command line to 'False'
[0.547s] Level 5:colcon.colcon_core.verb:set package 'ui' build argument 'cmake_clean_first' from command line to 'False'
[0.547s] Level 5:colcon.colcon_core.verb:set package 'ui' build argument 'cmake_force_configure' from command line to 'False'
[0.547s] Level 5:colcon.colcon_core.verb:set package 'ui' build argument 'ament_cmake_args' from command line to 'None'
[0.547s] Level 5:colcon.colcon_core.verb:set package 'ui' build argument 'catkin_cmake_args' from command line to 'None'
[0.547s] Level 5:colcon.colcon_core.verb:set package 'ui' build argument 'catkin_skip_building_tests' from command line to 'False'
[0.547s] DEBUG:colcon.colcon_core.verb:Building package 'ui' with the following arguments: {'ament_cmake_args': None, 'build_base': '/home/arms/paper3_ws/build/ui', 'catkin_cmake_args': None, 'catkin_skip_building_tests': False, 'cmake_args': None, 'cmake_clean_cache': False, 'cmake_clean_first': False, 'cmake_force_configure': False, 'cmake_target': None, 'cmake_target_skip_unavailable': False, 'install_base': '/home/arms/paper3_ws/install/ui', 'merge_install': False, 'path': '/home/arms/paper3_ws/src/ui', 'symlink_install': False, 'test_result_base': None}
[0.547s] Level 5:colcon.colcon_core.verb:set package 'uwb_ranger' build argument 'cmake_args' from command line to 'None'
[0.547s] Level 5:colcon.colcon_core.verb:set package 'uwb_ranger' build argument 'cmake_target' from command line to 'None'
[0.547s] Level 5:colcon.colcon_core.verb:set package 'uwb_ranger' build argument 'cmake_target_skip_unavailable' from command line to 'False'
[0.547s] Level 5:colcon.colcon_core.verb:set package 'uwb_ranger' build argument 'cmake_clean_cache' from command line to 'False'
[0.547s] Level 5:colcon.colcon_core.verb:set package 'uwb_ranger' build argument 'cmake_clean_first' from command line to 'False'
[0.547s] Level 5:colcon.colcon_core.verb:set package 'uwb_ranger' build argument 'cmake_force_configure' from command line to 'False'
[0.547s] Level 5:colcon.colcon_core.verb:set package 'uwb_ranger' build argument 'ament_cmake_args' from command line to 'None'
[0.547s] Level 5:colcon.colcon_core.verb:set package 'uwb_ranger' build argument 'catkin_cmake_args' from command line to 'None'
[0.547s] Level 5:colcon.colcon_core.verb:set package 'uwb_ranger' build argument 'catkin_skip_building_tests' from command line to 'False'
[0.547s] DEBUG:colcon.colcon_core.verb:Building package 'uwb_ranger' with the following arguments: {'ament_cmake_args': None, 'build_base': '/home/arms/paper3_ws/build/uwb_ranger', 'catkin_cmake_args': None, 'catkin_skip_building_tests': False, 'cmake_args': None, 'cmake_clean_cache': False, 'cmake_clean_first': False, 'cmake_force_configure': False, 'cmake_target': None, 'cmake_target_skip_unavailable': False, 'install_base': '/home/arms/paper3_ws/install/uwb_ranger', 'merge_install': False, 'path': '/home/arms/paper3_ws/src/uwb_range', 'symlink_install': False, 'test_result_base': None}
[0.548s] Level 5:colcon.colcon_core.verb:set package 'uwb_slam' build argument 'cmake_args' from command line to 'None'
[0.548s] Level 5:colcon.colcon_core.verb:set package 'uwb_slam' build argument 'cmake_target' from command line to 'None'
[0.548s] Level 5:colcon.colcon_core.verb:set package 'uwb_slam' build argument 'cmake_target_skip_unavailable' from command line to 'False'
[0.548s] Level 5:colcon.colcon_core.verb:set package 'uwb_slam' build argument 'cmake_clean_cache' from command line to 'False'
[0.548s] Level 5:colcon.colcon_core.verb:set package 'uwb_slam' build argument 'cmake_clean_first' from command line to 'False'
[0.548s] Level 5:colcon.colcon_core.verb:set package 'uwb_slam' build argument 'cmake_force_configure' from command line to 'False'
[0.548s] Level 5:colcon.colcon_core.verb:set package 'uwb_slam' build argument 'ament_cmake_args' from command line to 'None'
[0.548s] Level 5:colcon.colcon_core.verb:set package 'uwb_slam' build argument 'catkin_cmake_args' from command line to 'None'
[0.548s] Level 5:colcon.colcon_core.verb:set package 'uwb_slam' build argument 'catkin_skip_building_tests' from command line to 'False'
[0.548s] DEBUG:colcon.colcon_core.verb:Building package 'uwb_slam' with the following arguments: {'ament_cmake_args': None, 'build_base': '/home/arms/paper3_ws/build/uwb_slam', 'catkin_cmake_args': None, 'catkin_skip_building_tests': False, 'cmake_args': None, 'cmake_clean_cache': False, 'cmake_clean_first': False, 'cmake_force_configure': False, 'cmake_target': None, 'cmake_target_skip_unavailable': False, 'install_base': '/home/arms/paper3_ws/install/uwb_slam', 'merge_install': False, 'path': '/home/arms/paper3_ws/src/uwb_slam', 'symlink_install': False, 'test_result_base': None}
[0.548s] INFO:colcon.colcon_core.executor:Executing jobs using 'parallel' executor
[0.549s] DEBUG:colcon.colcon_parallel_executor.executor.parallel:run_until_complete
[0.550s] INFO:colcon.colcon_ros.task.ament_python.build:Building ROS package in '/home/arms/paper3_ws/src/ekf_slam' with build type 'ament_python'
[0.550s] Level 1:colcon.colcon_core.shell:create_environment_hook('lp_slam', 'ament_prefix_path')
[0.552s] INFO:colcon.colcon_core.plugin_system:Skipping extension 'colcon_core.shell.bat': Not used on non-Windows systems
[0.553s] INFO:colcon.colcon_core.shell:Creating environment hook '/home/arms/paper3_ws/install/lp_slam/share/lp_slam/hook/ament_prefix_path.ps1'
[0.553s] INFO:colcon.colcon_core.shell:Creating environment descriptor '/home/arms/paper3_ws/install/lp_slam/share/lp_slam/hook/ament_prefix_path.dsv'
[0.554s] INFO:colcon.colcon_core.shell:Creating environment hook '/home/arms/paper3_ws/install/lp_slam/share/lp_slam/hook/ament_prefix_path.sh'
[0.555s] INFO:colcon.colcon_core.shell:Skip shell extension 'powershell' for command environment: Not usable outside of PowerShell
[0.555s] DEBUG:colcon.colcon_core.shell:Skip shell extension 'dsv' for command environment
[0.562s] INFO:colcon.colcon_ros.task.ament_python.build:Building ROS package in '/home/arms/paper3_ws/src/ui' with build type 'ament_python'
[0.562s] Level 1:colcon.colcon_core.shell:create_environment_hook('ui', 'ament_prefix_path')
[0.562s] INFO:colcon.colcon_core.shell:Creating environment hook '/home/arms/paper3_ws/install/ui/share/ui/hook/ament_prefix_path.ps1'
[0.563s] INFO:colcon.colcon_core.shell:Creating environment descriptor '/home/arms/paper3_ws/install/ui/share/ui/hook/ament_prefix_path.dsv'
[0.563s] INFO:colcon.colcon_core.shell:Creating environment hook '/home/arms/paper3_ws/install/ui/share/ui/hook/ament_prefix_path.sh'
[0.563s] INFO:colcon.colcon_core.shell:Skip shell extension 'powershell' for command environment: Not usable outside of PowerShell
[0.564s] DEBUG:colcon.colcon_core.shell:Skip shell extension 'dsv' for command environment
[0.571s] INFO:colcon.colcon_ros.task.ament_cmake.build:Building ROS package in '/home/arms/paper3_ws/src/uwb_range' with build type 'ament_cmake'
[0.571s] INFO:colcon.colcon_cmake.task.cmake.build:Building CMake package in '/home/arms/paper3_ws/src/uwb_range'
[0.572s] INFO:colcon.colcon_core.shell:Skip shell extension 'powershell' for command environment: Not usable outside of PowerShell
[0.572s] DEBUG:colcon.colcon_core.shell:Skip shell extension 'dsv' for command environment
[0.580s] INFO:colcon.colcon_ros.task.ament_python.build:Building ROS package in '/home/arms/paper3_ws/src/uwb_slam' with build type 'ament_python'
[0.580s] Level 1:colcon.colcon_core.shell:create_environment_hook('uwb_slam', 'ament_prefix_path')
[0.580s] INFO:colcon.colcon_core.shell:Creating environment hook '/home/arms/paper3_ws/install/uwb_slam/share/uwb_slam/hook/ament_prefix_path.ps1'
[0.581s] INFO:colcon.colcon_core.shell:Creating environment descriptor '/home/arms/paper3_ws/install/uwb_slam/share/uwb_slam/hook/ament_prefix_path.dsv'
[0.581s] INFO:colcon.colcon_core.shell:Creating environment hook '/home/arms/paper3_ws/install/uwb_slam/share/uwb_slam/hook/ament_prefix_path.sh'
[0.582s] INFO:colcon.colcon_core.shell:Skip shell extension 'powershell' for command environment: Not usable outside of PowerShell
[0.582s] DEBUG:colcon.colcon_core.shell:Skip shell extension 'dsv' for command environment
[1.140s] INFO:colcon.colcon_core.task.python.build:Building Python package in '/home/arms/paper3_ws/src/ekf_slam'
[1.140s] INFO:colcon.colcon_core.shell:Skip shell extension 'powershell' for command environment: Not usable outside of PowerShell
[1.140s] DEBUG:colcon.colcon_core.shell:Skip shell extension 'dsv' for command environment
[1.535s] INFO:colcon.colcon_core.task.python.build:Building Python package in '/home/arms/paper3_ws/src/ui'
[1.536s] INFO:colcon.colcon_core.shell:Skip shell extension 'powershell' for command environment: Not usable outside of PowerShell
[1.536s] DEBUG:colcon.colcon_core.shell:Skip shell extension 'dsv' for command environment
[1.546s] DEBUG:colcon.colcon_core.event_handler.log_command:Invoking command in '/home/arms/paper3_ws/build/uwb_ranger': CMAKE_PREFIX_PATH=${CMAKE_PREFIX_PATH}:/home/arms/paper3_ws/install/uwb_slam:/home/arms/paper3_ws/install/ui:/home/arms/paper3_ws/install/lp_slam:/home/arms/X4M300_ws/install/python_parameters:/home/arms/X4M300_ws/install/novelda_x4m300:/home/arms/p440_ws/install/uwb_slam:/home/arms/p440_ws/install/uwb_raw_vis:/home/arms/p440_ws/install/ui:/home/arms/p440_ws/install/ekf_slam:/home/arms/ros2_driver_mmwave/install/save_db:/opt/ros/iron /usr/bin/cmake --build /home/arms/paper3_ws/build/uwb_ranger -- -j20 -l20
[1.987s] INFO:colcon.colcon_core.task.python.build:Building Python package in '/home/arms/paper3_ws/src/uwb_slam'
[1.994s] INFO:colcon.colcon_core.shell:Skip shell extension 'powershell' for command environment: Not usable outside of PowerShell
[1.994s] DEBUG:colcon.colcon_core.shell:Skip shell extension 'dsv' for command environment
[2.051s] DEBUG:colcon.colcon_core.event_handler.log_command:Invoked command in '/home/arms/paper3_ws/build/uwb_ranger' returned '0': CMAKE_PREFIX_PATH=${CMAKE_PREFIX_PATH}:/home/arms/paper3_ws/install/uwb_slam:/home/arms/paper3_ws/install/ui:/home/arms/paper3_ws/install/lp_slam:/home/arms/X4M300_ws/install/python_parameters:/home/arms/X4M300_ws/install/novelda_x4m300:/home/arms/p440_ws/install/uwb_slam:/home/arms/p440_ws/install/uwb_raw_vis:/home/arms/p440_ws/install/ui:/home/arms/p440_ws/install/ekf_slam:/home/arms/ros2_driver_mmwave/install/save_db:/opt/ros/iron /usr/bin/cmake --build /home/arms/paper3_ws/build/uwb_ranger -- -j20 -l20
[2.133s] DEBUG:colcon.colcon_core.event_handler.log_command:Invoking command in '/home/arms/paper3_ws/build/uwb_ranger': CMAKE_PREFIX_PATH=${CMAKE_PREFIX_PATH}:/home/arms/paper3_ws/install/uwb_slam:/home/arms/paper3_ws/install/ui:/home/arms/paper3_ws/install/lp_slam:/home/arms/X4M300_ws/install/python_parameters:/home/arms/X4M300_ws/install/novelda_x4m300:/home/arms/p440_ws/install/uwb_slam:/home/arms/p440_ws/install/uwb_raw_vis:/home/arms/p440_ws/install/ui:/home/arms/p440_ws/install/ekf_slam:/home/arms/ros2_driver_mmwave/install/save_db:/opt/ros/iron /usr/bin/cmake --install /home/arms/paper3_ws/build/uwb_ranger
[2.151s] Level 1:colcon.colcon_core.environment:create_environment_scripts_only(uwb_ranger)
[2.153s] DEBUG:colcon.colcon_core.event_handler.log_command:Invoked command in '/home/arms/paper3_ws/build/uwb_ranger' returned '0': CMAKE_PREFIX_PATH=${CMAKE_PREFIX_PATH}:/home/arms/paper3_ws/install/uwb_slam:/home/arms/paper3_ws/install/ui:/home/arms/paper3_ws/install/lp_slam:/home/arms/X4M300_ws/install/python_parameters:/home/arms/X4M300_ws/install/novelda_x4m300:/home/arms/p440_ws/install/uwb_slam:/home/arms/p440_ws/install/uwb_raw_vis:/home/arms/p440_ws/install/ui:/home/arms/p440_ws/install/ekf_slam:/home/arms/ros2_driver_mmwave/install/save_db:/opt/ros/iron /usr/bin/cmake --install /home/arms/paper3_ws/build/uwb_ranger
[2.156s] Level 1:colcon.colcon_core.environment:checking '/home/arms/paper3_ws/install/uwb_ranger' for CMake module files
[2.157s] Level 1:colcon.colcon_core.environment:checking '/home/arms/paper3_ws/install/uwb_ranger' for CMake config files
[2.158s] Level 1:colcon.colcon_core.shell:create_environment_hook('uwb_ranger', 'cmake_prefix_path')
[2.158s] INFO:colcon.colcon_core.shell:Creating environment hook '/home/arms/paper3_ws/install/uwb_ranger/share/uwb_ranger/hook/cmake_prefix_path.ps1'
[2.159s] INFO:colcon.colcon_core.shell:Creating environment descriptor '/home/arms/paper3_ws/install/uwb_ranger/share/uwb_ranger/hook/cmake_prefix_path.dsv'
[2.159s] INFO:colcon.colcon_core.shell:Creating environment hook '/home/arms/paper3_ws/install/uwb_ranger/share/uwb_ranger/hook/cmake_prefix_path.sh'
[2.160s] Level 1:colcon.colcon_core.environment:checking '/home/arms/paper3_ws/install/uwb_ranger/lib'
[2.160s] Level 1:colcon.colcon_core.environment:checking '/home/arms/paper3_ws/install/uwb_ranger/bin'
[2.161s] Level 1:colcon.colcon_core.environment:checking '/home/arms/paper3_ws/install/uwb_ranger/lib/pkgconfig/uwb_ranger.pc'
[2.161s] Level 1:colcon.colcon_core.environment:checking '/home/arms/paper3_ws/install/uwb_ranger/lib/python3.10/site-packages'
[2.161s] Level 1:colcon.colcon_core.environment:checking '/home/arms/paper3_ws/install/uwb_ranger/bin'
[2.162s] INFO:colcon.colcon_core.shell:Creating package script '/home/arms/paper3_ws/install/uwb_ranger/share/uwb_ranger/package.ps1'
[2.163s] INFO:colcon.colcon_core.shell:Creating package descriptor '/home/arms/paper3_ws/install/uwb_ranger/share/uwb_ranger/package.dsv'
[2.164s] INFO:colcon.colcon_core.shell:Creating package script '/home/arms/paper3_ws/install/uwb_ranger/share/uwb_ranger/package.sh'
[2.165s] INFO:colcon.colcon_core.shell:Creating package script '/home/arms/paper3_ws/install/uwb_ranger/share/uwb_ranger/package.bash'
[2.166s] INFO:colcon.colcon_core.shell:Creating package script '/home/arms/paper3_ws/install/uwb_ranger/share/uwb_ranger/package.zsh'
[2.167s] Level 1:colcon.colcon_core.environment:create_file_with_runtime_dependencies(/home/arms/paper3_ws/install/uwb_ranger/share/colcon-core/packages/uwb_ranger)
[2.236s] Level 1:colcon.colcon_core.environment:create_environment_scripts_only(uwb_ranger)
[2.237s] Level 1:colcon.colcon_core.environment:checking '/home/arms/paper3_ws/install/uwb_ranger' for CMake module files
[2.237s] Level 1:colcon.colcon_core.environment:checking '/home/arms/paper3_ws/install/uwb_ranger' for CMake config files
[2.238s] Level 1:colcon.colcon_core.shell:create_environment_hook('uwb_ranger', 'cmake_prefix_path')
[2.238s] INFO:colcon.colcon_core.shell:Creating environment hook '/home/arms/paper3_ws/install/uwb_ranger/share/uwb_ranger/hook/cmake_prefix_path.ps1'
[2.239s] INFO:colcon.colcon_core.shell:Creating environment descriptor '/home/arms/paper3_ws/install/uwb_ranger/share/uwb_ranger/hook/cmake_prefix_path.dsv'
[2.239s] INFO:colcon.colcon_core.shell:Creating environment hook '/home/arms/paper3_ws/install/uwb_ranger/share/uwb_ranger/hook/cmake_prefix_path.sh'
[2.240s] Level 1:colcon.colcon_core.environment:checking '/home/arms/paper3_ws/install/uwb_ranger/lib'
[2.240s] Level 1:colcon.colcon_core.environment:checking '/home/arms/paper3_ws/install/uwb_ranger/bin'
[2.241s] Level 1:colcon.colcon_core.environment:checking '/home/arms/paper3_ws/install/uwb_ranger/lib/pkgconfig/uwb_ranger.pc'
[2.241s] Level 1:colcon.colcon_core.environment:checking '/home/arms/paper3_ws/install/uwb_ranger/lib/python3.10/site-packages'
[2.241s] Level 1:colcon.colcon_core.environment:checking '/home/arms/paper3_ws/install/uwb_ranger/bin'
[2.242s] INFO:colcon.colcon_core.shell:Creating package script '/home/arms/paper3_ws/install/uwb_ranger/share/uwb_ranger/package.ps1'
[2.243s] INFO:colcon.colcon_core.shell:Creating package descriptor '/home/arms/paper3_ws/install/uwb_ranger/share/uwb_ranger/package.dsv'
[2.243s] INFO:colcon.colcon_core.shell:Creating package script '/home/arms/paper3_ws/install/uwb_ranger/share/uwb_ranger/package.sh'
[2.244s] INFO:colcon.colcon_core.shell:Creating package script '/home/arms/paper3_ws/install/uwb_ranger/share/uwb_ranger/package.bash'
[2.244s] INFO:colcon.colcon_core.shell:Creating package script '/home/arms/paper3_ws/install/uwb_ranger/share/uwb_ranger/package.zsh'
[2.245s] Level 1:colcon.colcon_core.environment:create_file_with_runtime_dependencies(/home/arms/paper3_ws/install/uwb_ranger/share/colcon-core/packages/uwb_ranger)
[2.929s] DEBUG:colcon.colcon_core.event_handler.log_command:Invoking command in '/home/arms/paper3_ws/src/ekf_slam': PYTHONPATH=/home/arms/paper3_ws/build/lp_slam/prefix_override:/home/arms/paper3_ws/install/lp_slam/lib/python3.10/site-packages:${PYTHONPATH} /usr/bin/python3 -W ignore:setup.py install is deprecated setup.py egg_info --egg-base ../../build/lp_slam build --build-base /home/arms/paper3_ws/build/lp_slam/build install --record /home/arms/paper3_ws/build/lp_slam/install.log --single-version-externally-managed install_data
[2.980s] DEBUG:colcon.colcon_core.event_handler.log_command:Invoking command in '/home/arms/paper3_ws/src/uwb_slam': PYTHONPATH=/home/arms/paper3_ws/build/uwb_slam/prefix_override:/home/arms/paper3_ws/install/uwb_slam/lib/python3.10/site-packages:${PYTHONPATH} /usr/bin/python3 -W ignore:setup.py install is deprecated setup.py egg_info --egg-base ../../build/uwb_slam build --build-base /home/arms/paper3_ws/build/uwb_slam/build install --record /home/arms/paper3_ws/build/uwb_slam/install.log --single-version-externally-managed install_data
[3.244s] DEBUG:colcon.colcon_core.event_handler.log_command:Invoking command in '/home/arms/paper3_ws/src/ui': PYTHONPATH=/home/arms/paper3_ws/build/ui/prefix_override:/home/arms/paper3_ws/install/ui/lib/python3.10/site-packages:${PYTHONPATH} /usr/bin/python3 -W ignore:setup.py install is deprecated setup.py egg_info --egg-base ../../build/ui build --build-base /home/arms/paper3_ws/build/ui/build install --record /home/arms/paper3_ws/build/ui/install.log --single-version-externally-managed install_data
[3.581s] Level 1:colcon.colcon_core.environment:checking '/home/arms/paper3_ws/install/lp_slam' for CMake module files
[3.582s] DEBUG:colcon.colcon_core.event_handler.log_command:Invoked command in '/home/arms/paper3_ws/src/ekf_slam' returned '0': PYTHONPATH=/home/arms/paper3_ws/build/lp_slam/prefix_override:/home/arms/paper3_ws/install/lp_slam/lib/python3.10/site-packages:${PYTHONPATH} /usr/bin/python3 -W ignore:setup.py install is deprecated setup.py egg_info --egg-base ../../build/lp_slam build --build-base /home/arms/paper3_ws/build/lp_slam/build install --record /home/arms/paper3_ws/build/lp_slam/install.log --single-version-externally-managed install_data
[3.583s] Level 1:colcon.colcon_core.environment:checking '/home/arms/paper3_ws/install/lp_slam' for CMake config files
[3.584s] Level 1:colcon.colcon_core.environment:checking '/home/arms/paper3_ws/install/lp_slam/lib'
[3.584s] Level 1:colcon.colcon_core.environment:checking '/home/arms/paper3_ws/install/lp_slam/bin'
[3.584s] Level 1:colcon.colcon_core.environment:checking '/home/arms/paper3_ws/install/lp_slam/lib/pkgconfig/lp_slam.pc'
[3.585s] Level 1:colcon.colcon_core.environment:checking '/home/arms/paper3_ws/install/lp_slam/lib/python3.10/site-packages'
[3.585s] Level 1:colcon.colcon_core.shell:create_environment_hook('lp_slam', 'pythonpath')
[3.585s] INFO:colcon.colcon_core.shell:Creating environment hook '/home/arms/paper3_ws/install/lp_slam/share/lp_slam/hook/pythonpath.ps1'
[3.586s] INFO:colcon.colcon_core.shell:Creating environment descriptor '/home/arms/paper3_ws/install/lp_slam/share/lp_slam/hook/pythonpath.dsv'
[3.586s] INFO:colcon.colcon_core.shell:Creating environment hook '/home/arms/paper3_ws/install/lp_slam/share/lp_slam/hook/pythonpath.sh'
[3.587s] Level 1:colcon.colcon_core.environment:checking '/home/arms/paper3_ws/install/lp_slam/bin'
[3.587s] Level 1:colcon.colcon_core.environment:create_environment_scripts_only(lp_slam)
[3.588s] INFO:colcon.colcon_core.shell:Creating package script '/home/arms/paper3_ws/install/lp_slam/share/lp_slam/package.ps1'
[3.588s] INFO:colcon.colcon_core.shell:Creating package descriptor '/home/arms/paper3_ws/install/lp_slam/share/lp_slam/package.dsv'
[3.589s] INFO:colcon.colcon_core.shell:Creating package script '/home/arms/paper3_ws/install/lp_slam/share/lp_slam/package.sh'
[3.590s] INFO:colcon.colcon_core.shell:Creating package script '/home/arms/paper3_ws/install/lp_slam/share/lp_slam/package.bash'
[3.591s] INFO:colcon.colcon_core.shell:Creating package script '/home/arms/paper3_ws/install/lp_slam/share/lp_slam/package.zsh'
[3.591s] Level 1:colcon.colcon_core.environment:create_file_with_runtime_dependencies(/home/arms/paper3_ws/install/lp_slam/share/colcon-core/packages/lp_slam)
[3.621s] Level 1:colcon.colcon_core.environment:checking '/home/arms/paper3_ws/install/uwb_slam' for CMake module files
[3.622s] DEBUG:colcon.colcon_core.event_handler.log_command:Invoked command in '/home/arms/paper3_ws/src/uwb_slam' returned '0': PYTHONPATH=/home/arms/paper3_ws/build/uwb_slam/prefix_override:/home/arms/paper3_ws/install/uwb_slam/lib/python3.10/site-packages:${PYTHONPATH} /usr/bin/python3 -W ignore:setup.py install is deprecated setup.py egg_info --egg-base ../../build/uwb_slam build --build-base /home/arms/paper3_ws/build/uwb_slam/build install --record /home/arms/paper3_ws/build/uwb_slam/install.log --single-version-externally-managed install_data
[3.623s] Level 1:colcon.colcon_core.environment:checking '/home/arms/paper3_ws/install/uwb_slam' for CMake config files
[3.623s] Level 1:colcon.colcon_core.environment:checking '/home/arms/paper3_ws/install/uwb_slam/lib'
[3.624s] Level 1:colcon.colcon_core.environment:checking '/home/arms/paper3_ws/install/uwb_slam/bin'
[3.624s] Level 1:colcon.colcon_core.environment:checking '/home/arms/paper3_ws/install/uwb_slam/lib/pkgconfig/uwb_slam.pc'
[3.624s] Level 1:colcon.colcon_core.environment:checking '/home/arms/paper3_ws/install/uwb_slam/lib/python3.10/site-packages'
[3.624s] Level 1:colcon.colcon_core.shell:create_environment_hook('uwb_slam', 'pythonpath')
[3.624s] INFO:colcon.colcon_core.shell:Creating environment hook '/home/arms/paper3_ws/install/uwb_slam/share/uwb_slam/hook/pythonpath.ps1'
[3.625s] INFO:colcon.colcon_core.shell:Creating environment descriptor '/home/arms/paper3_ws/install/uwb_slam/share/uwb_slam/hook/pythonpath.dsv'
[3.626s] INFO:colcon.colcon_core.shell:Creating environment hook '/home/arms/paper3_ws/install/uwb_slam/share/uwb_slam/hook/pythonpath.sh'
[3.626s] Level 1:colcon.colcon_core.environment:checking '/home/arms/paper3_ws/install/uwb_slam/bin'
[3.626s] Level 1:colcon.colcon_core.environment:create_environment_scripts_only(uwb_slam)
[3.627s] INFO:colcon.colcon_core.shell:Creating package script '/home/arms/paper3_ws/install/uwb_slam/share/uwb_slam/package.ps1'
[3.628s] INFO:colcon.colcon_core.shell:Creating package descriptor '/home/arms/paper3_ws/install/uwb_slam/share/uwb_slam/package.dsv'
[3.628s] INFO:colcon.colcon_core.shell:Creating package script '/home/arms/paper3_ws/install/uwb_slam/share/uwb_slam/package.sh'
[3.629s] INFO:colcon.colcon_core.shell:Creating package script '/home/arms/paper3_ws/install/uwb_slam/share/uwb_slam/package.bash'
[3.629s] INFO:colcon.colcon_core.shell:Creating package script '/home/arms/paper3_ws/install/uwb_slam/share/uwb_slam/package.zsh'
[3.629s] Level 1:colcon.colcon_core.environment:create_file_with_runtime_dependencies(/home/arms/paper3_ws/install/uwb_slam/share/colcon-core/packages/uwb_slam)
[3.927s] Level 1:colcon.colcon_core.environment:checking '/home/arms/paper3_ws/install/ui' for CMake module files
[3.929s] DEBUG:colcon.colcon_core.event_handler.log_command:Invoked command in '/home/arms/paper3_ws/src/ui' returned '0': PYTHONPATH=/home/arms/paper3_ws/build/ui/prefix_override:/home/arms/paper3_ws/install/ui/lib/python3.10/site-packages:${PYTHONPATH} /usr/bin/python3 -W ignore:setup.py install is deprecated setup.py egg_info --egg-base ../../build/ui build --build-base /home/arms/paper3_ws/build/ui/build install --record /home/arms/paper3_ws/build/ui/install.log --single-version-externally-managed install_data
[3.929s] Level 1:colcon.colcon_core.environment:checking '/home/arms/paper3_ws/install/ui' for CMake config files
[3.930s] Level 1:colcon.colcon_core.environment:checking '/home/arms/paper3_ws/install/ui/lib'
[3.930s] Level 1:colcon.colcon_core.environment:checking '/home/arms/paper3_ws/install/ui/bin'
[3.930s] Level 1:colcon.colcon_core.environment:checking '/home/arms/paper3_ws/install/ui/lib/pkgconfig/ui.pc'
[3.931s] Level 1:colcon.colcon_core.environment:checking '/home/arms/paper3_ws/install/ui/lib/python3.10/site-packages'
[3.931s] Level 1:colcon.colcon_core.shell:create_environment_hook('ui', 'pythonpath')
[3.931s] INFO:colcon.colcon_core.shell:Creating environment hook '/home/arms/paper3_ws/install/ui/share/ui/hook/pythonpath.ps1'
[3.932s] INFO:colcon.colcon_core.shell:Creating environment descriptor '/home/arms/paper3_ws/install/ui/share/ui/hook/pythonpath.dsv'
[3.933s] INFO:colcon.colcon_core.shell:Creating environment hook '/home/arms/paper3_ws/install/ui/share/ui/hook/pythonpath.sh'
[3.933s] Level 1:colcon.colcon_core.environment:checking '/home/arms/paper3_ws/install/ui/bin'
[3.933s] Level 1:colcon.colcon_core.environment:create_environment_scripts_only(ui)
[3.934s] INFO:colcon.colcon_core.shell:Creating package script '/home/arms/paper3_ws/install/ui/share/ui/package.ps1'
[3.935s] INFO:colcon.colcon_core.shell:Creating package descriptor '/home/arms/paper3_ws/install/ui/share/ui/package.dsv'
[3.935s] INFO:colcon.colcon_core.shell:Creating package script '/home/arms/paper3_ws/install/ui/share/ui/package.sh'
[3.936s] INFO:colcon.colcon_core.shell:Creating package script '/home/arms/paper3_ws/install/ui/share/ui/package.bash'
[3.936s] INFO:colcon.colcon_core.shell:Creating package script '/home/arms/paper3_ws/install/ui/share/ui/package.zsh'
[3.937s] Level 1:colcon.colcon_core.environment:create_file_with_runtime_dependencies(/home/arms/paper3_ws/install/ui/share/colcon-core/packages/ui)
[3.937s] DEBUG:colcon.colcon_parallel_executor.executor.parallel:closing loop
[3.938s] DEBUG:colcon.colcon_parallel_executor.executor.parallel:loop closed
[3.938s] DEBUG:colcon.colcon_parallel_executor.executor.parallel:run_until_complete finished with '0'
[3.938s] DEBUG:colcon.colcon_core.event_reactor:joining thread
[3.947s] INFO:colcon.colcon_core.plugin_system:Skipping extension 'colcon_notification.desktop_notification.terminal_notifier': Not used on non-Darwin systems
[3.948s] INFO:colcon.colcon_core.plugin_system:Skipping extension 'colcon_notification.desktop_notification.win32': Not used on non-Windows systems
[3.948s] INFO:colcon.colcon_notification.desktop_notification:Sending desktop notification using 'notify2'
[3.977s] DEBUG:colcon.colcon_core.event_reactor:joined thread
[3.977s] INFO:colcon.colcon_core.shell:Creating prefix script '/home/arms/paper3_ws/install/local_setup.ps1'
[3.979s] INFO:colcon.colcon_core.shell:Creating prefix util module '/home/arms/paper3_ws/install/_local_setup_util_ps1.py'
[3.981s] INFO:colcon.colcon_core.shell:Creating prefix chain script '/home/arms/paper3_ws/install/setup.ps1'
[3.983s] INFO:colcon.colcon_core.shell:Creating prefix script '/home/arms/paper3_ws/install/local_setup.sh'
[3.984s] INFO:colcon.colcon_core.shell:Creating prefix util module '/home/arms/paper3_ws/install/_local_setup_util_sh.py'
[3.985s] INFO:colcon.colcon_core.shell:Creating prefix chain script '/home/arms/paper3_ws/install/setup.sh'
[3.987s] INFO:colcon.colcon_core.shell:Creating prefix script '/home/arms/paper3_ws/install/local_setup.bash'
[3.988s] INFO:colcon.colcon_core.shell:Creating prefix chain script '/home/arms/paper3_ws/install/setup.bash'
[3.991s] INFO:colcon.colcon_core.shell:Creating prefix script '/home/arms/paper3_ws/install/local_setup.zsh'
[3.991s] INFO:colcon.colcon_core.shell:Creating prefix chain script '/home/arms/paper3_ws/install/setup.zsh'
