[0.966s] Invoking command in '/home/arms/paper3_ws/src/uwb_slam': PYTHONPATH=/home/arms/paper3_ws/build/uwb_slam/prefix_override:/home/arms/paper3_ws/install/uwb_slam/lib/python3.10/site-packages:${PYTHONPATH} /usr/bin/python3 -W ignore:setup.py install is deprecated setup.py egg_info --egg-base ../../build/uwb_slam build --build-base /home/arms/paper3_ws/build/uwb_slam/build install --record /home/arms/paper3_ws/build/uwb_slam/install.log --single-version-externally-managed install_data
[1.180s] running egg_info
[1.181s] writing ../../build/uwb_slam/uwb_slam.egg-info/PKG-INFO
[1.181s] writing dependency_links to ../../build/uwb_slam/uwb_slam.egg-info/dependency_links.txt
[1.181s] writing entry points to ../../build/uwb_slam/uwb_slam.egg-info/entry_points.txt
[1.181s] writing requirements to ../../build/uwb_slam/uwb_slam.egg-info/requires.txt
[1.181s] writing top-level names to ../../build/uwb_slam/uwb_slam.egg-info/top_level.txt
[1.183s] reading manifest file '../../build/uwb_slam/uwb_slam.egg-info/SOURCES.txt'
[1.183s] adding license file 'LICENSE'
[1.184s] running build
[1.184s] running build_py
[1.184s] running install
[1.188s] running install_lib
[1.189s] running install_data
[1.189s] running install_egg_info
[1.191s] running install_scripts
[1.207s] Installing init_ancs script to /home/arms/paper3_ws/install/uwb_slam/lib/uwb_slam
[1.207s] Installing run_SLAM script to /home/arms/paper3_ws/install/uwb_slam/lib/uwb_slam
[1.207s] Installing test_LM script to /home/arms/paper3_ws/install/uwb_slam/lib/uwb_slam
[1.207s] Installing test_rot script to /home/arms/paper3_ws/install/uwb_slam/lib/uwb_slam
[1.229s] Invoked command in '/home/arms/paper3_ws/src/uwb_slam' returned '0': PYTHONPATH=/home/arms/paper3_ws/build/uwb_slam/prefix_override:/home/arms/paper3_ws/install/uwb_slam/lib/python3.10/site-packages:${PYTHONPATH} /usr/bin/python3 -W ignore:setup.py install is deprecated setup.py egg_info --egg-base ../../build/uwb_slam build --build-base /home/arms/paper3_ws/build/uwb_slam/build install --record /home/arms/paper3_ws/build/uwb_slam/install.log --single-version-externally-managed install_data
