[2.246s] Invoking command in '/home/arms/paper3_ws/src/uwb_slam': PYTHONPATH=/home/arms/paper3_ws/build/uwb_slam/prefix_override:/home/arms/paper3_ws/install/uwb_slam/lib/python3.10/site-packages:${PYTHONPATH} /usr/bin/python3 -W ignore:setup.py install is deprecated setup.py egg_info --egg-base ../../build/uwb_slam build --build-base /home/arms/paper3_ws/build/uwb_slam/build install --record /home/arms/paper3_ws/build/uwb_slam/install.log --single-version-externally-managed install_data
[2.780s] running egg_info
[2.781s] writing ../../build/uwb_slam/uwb_slam.egg-info/PKG-INFO
[2.782s] writing dependency_links to ../../build/uwb_slam/uwb_slam.egg-info/dependency_links.txt
[2.782s] writing entry points to ../../build/uwb_slam/uwb_slam.egg-info/entry_points.txt
[2.782s] writing requirements to ../../build/uwb_slam/uwb_slam.egg-info/requires.txt
[2.782s] writing top-level names to ../../build/uwb_slam/uwb_slam.egg-info/top_level.txt
[2.788s] reading manifest file '../../build/uwb_slam/uwb_slam.egg-info/SOURCES.txt'
[2.788s] adding license file 'LICENSE'
[2.789s] running build
[2.790s] running build_py
[2.790s] running install
[2.801s] running install_lib
[2.803s] running install_data
[2.804s] running install_egg_info
[2.808s] running install_scripts
[2.846s] Installing init_ancs script to /home/arms/paper3_ws/install/uwb_slam/lib/uwb_slam
[2.846s] Installing run_SLAM script to /home/arms/paper3_ws/install/uwb_slam/lib/uwb_slam
[2.847s] Installing test_LM script to /home/arms/paper3_ws/install/uwb_slam/lib/uwb_slam
[2.847s] Installing test_rot script to /home/arms/paper3_ws/install/uwb_slam/lib/uwb_slam
[2.895s] Invoked command in '/home/arms/paper3_ws/src/uwb_slam' returned '0': PYTHONPATH=/home/arms/paper3_ws/build/uwb_slam/prefix_override:/home/arms/paper3_ws/install/uwb_slam/lib/python3.10/site-packages:${PYTHONPATH} /usr/bin/python3 -W ignore:setup.py install is deprecated setup.py egg_info --egg-base ../../build/uwb_slam build --build-base /home/arms/paper3_ws/build/uwb_slam/build install --record /home/arms/paper3_ws/build/uwb_slam/install.log --single-version-externally-managed install_data
