[0.146s] DEBUG:colcon:Command line arguments: ['/usr/bin/colcon', 'build']
[0.147s] DEBUG:colcon:Parsed command line arguments: Namespace(log_base=None, log_level=None, verb_name='build', build_base='build', install_base='install', merge_install=False, symlink_install=False, test_result_base=None, continue_on_error=False, executor='parallel', parallel_workers=20, event_handlers=None, ignore_user_meta=False, metas=['./colcon.meta'], base_paths=['.'], packages_ignore=None, packages_ignore_regex=None, paths=None, packages_up_to=None, packages_up_to_regex=None, packages_above=None, packages_above_and_dependencies=None, packages_above_depth=None, packages_select_by_dep=None, packages_skip_by_dep=None, packages_skip_up_to=None, packages_select_build_failed=False, packages_skip_build_finished=False, packages_select_test_failures=False, packages_skip_test_passed=False, packages_select=None, packages_skip=None, packages_select_regex=None, packages_skip_regex=None, packages_start=None, packages_end=None, allow_overriding=[], cmake_args=None, cmake_target=None, cmake_target_skip_unavailable=False, cmake_clean_cache=False, cmake_clean_first=False, cmake_force_configure=False, ament_cmake_args=None, catkin_cmake_args=None, catkin_skip_building_tests=False, verb_parser=<colcon_defaults.argument_parser.defaults.DefaultArgumentsDecorator object at 0x73ddba0ebf70>, verb_extension=<colcon_core.verb.build.BuildVerb object at 0x73ddba0eba30>, main=<bound method BuildVerb.main of <colcon_core.verb.build.BuildVerb object at 0x73ddba0eba30>>)
[0.469s] Level 1:colcon.colcon_core.package_discovery:discover_packages(colcon_meta) check parameters
[0.469s] Level 1:colcon.colcon_core.package_discovery:discover_packages(recursive) check parameters
[0.469s] Level 1:colcon.colcon_core.package_discovery:discover_packages(ignore) check parameters
[0.469s] Level 1:colcon.colcon_core.package_discovery:discover_packages(path) check parameters
[0.469s] Level 1:colcon.colcon_core.package_discovery:discover_packages(colcon_meta) discover
[0.469s] Level 1:colcon.colcon_core.package_discovery:discover_packages(recursive) discover
[0.469s] INFO:colcon.colcon_core.package_discovery:Crawling recursively for packages in '/home/arms/paper3_ws'
[0.469s] Level 1:colcon.colcon_core.package_identification:_identify(.) by extensions ['ignore', 'ignore_ament_install']
[0.469s] Level 1:colcon.colcon_core.package_identification:_identify(.) by extension 'ignore'
[0.469s] Level 1:colcon.colcon_core.package_identification:_identify(.) by extension 'ignore_ament_install'
[0.469s] Level 1:colcon.colcon_core.package_identification:_identify(.) by extensions ['colcon_pkg']
[0.470s] Level 1:colcon.colcon_core.package_identification:_identify(.) by extension 'colcon_pkg'
[0.470s] Level 1:colcon.colcon_core.package_identification:_identify(.) by extensions ['colcon_meta']
[0.470s] Level 1:colcon.colcon_core.package_identification:_identify(.) by extension 'colcon_meta'
[0.470s] Level 1:colcon.colcon_core.package_identification:_identify(.) by extensions ['ros']
[0.470s] Level 1:colcon.colcon_core.package_identification:_identify(.) by extension 'ros'
[0.485s] Level 1:colcon.colcon_core.package_identification:_identify(.) by extensions ['cmake', 'python']
[0.485s] Level 1:colcon.colcon_core.package_identification:_identify(.) by extension 'cmake'
[0.485s] Level 1:colcon.colcon_core.package_identification:_identify(.) by extension 'python'
[0.485s] Level 1:colcon.colcon_core.package_identification:_identify(.) by extensions ['python_setup_py']
[0.485s] Level 1:colcon.colcon_core.package_identification:_identify(.) by extension 'python_setup_py'
[0.485s] Level 1:colcon.colcon_core.package_identification:_identify(build) by extensions ['ignore', 'ignore_ament_install']
[0.485s] Level 1:colcon.colcon_core.package_identification:_identify(build) by extension 'ignore'
[0.486s] Level 1:colcon.colcon_core.package_identification:_identify(build) ignored
[0.486s] Level 1:colcon.colcon_core.package_identification:_identify(install) by extensions ['ignore', 'ignore_ament_install']
[0.486s] Level 1:colcon.colcon_core.package_identification:_identify(install) by extension 'ignore'
[0.486s] Level 1:colcon.colcon_core.package_identification:_identify(install) ignored
[0.486s] Level 1:colcon.colcon_core.package_identification:_identify(log) by extensions ['ignore', 'ignore_ament_install']
[0.486s] Level 1:colcon.colcon_core.package_identification:_identify(log) by extension 'ignore'
[0.486s] Level 1:colcon.colcon_core.package_identification:_identify(log) ignored
[0.486s] Level 1:colcon.colcon_core.package_identification:_identify(src) by extensions ['ignore', 'ignore_ament_install']
[0.486s] Level 1:colcon.colcon_core.package_identification:_identify(src) by extension 'ignore'
[0.486s] Level 1:colcon.colcon_core.package_identification:_identify(src) by extension 'ignore_ament_install'
[0.487s] Level 1:colcon.colcon_core.package_identification:_identify(src) by extensions ['colcon_pkg']
[0.487s] Level 1:colcon.colcon_core.package_identification:_identify(src) by extension 'colcon_pkg'
[0.487s] Level 1:colcon.colcon_core.package_identification:_identify(src) by extensions ['colcon_meta']
[0.487s] Level 1:colcon.colcon_core.package_identification:_identify(src) by extension 'colcon_meta'
[0.487s] Level 1:colcon.colcon_core.package_identification:_identify(src) by extensions ['ros']
[0.487s] Level 1:colcon.colcon_core.package_identification:_identify(src) by extension 'ros'
[0.487s] Level 1:colcon.colcon_core.package_identification:_identify(src) by extensions ['cmake', 'python']
[0.487s] Level 1:colcon.colcon_core.package_identification:_identify(src) by extension 'cmake'
[0.487s] Level 1:colcon.colcon_core.package_identification:_identify(src) by extension 'python'
[0.488s] Level 1:colcon.colcon_core.package_identification:_identify(src) by extensions ['python_setup_py']
[0.488s] Level 1:colcon.colcon_core.package_identification:_identify(src) by extension 'python_setup_py'
[0.488s] Level 1:colcon.colcon_core.package_identification:_identify(src/ekf_slam) by extensions ['ignore', 'ignore_ament_install']
[0.488s] Level 1:colcon.colcon_core.package_identification:_identify(src/ekf_slam) by extension 'ignore'
[0.488s] Level 1:colcon.colcon_core.package_identification:_identify(src/ekf_slam) by extension 'ignore_ament_install'
[0.488s] Level 1:colcon.colcon_core.package_identification:_identify(src/ekf_slam) by extensions ['colcon_pkg']
[0.488s] Level 1:colcon.colcon_core.package_identification:_identify(src/ekf_slam) by extension 'colcon_pkg'
[0.488s] Level 1:colcon.colcon_core.package_identification:_identify(src/ekf_slam) by extensions ['colcon_meta']
[0.488s] Level 1:colcon.colcon_core.package_identification:_identify(src/ekf_slam) by extension 'colcon_meta'
[0.488s] Level 1:colcon.colcon_core.package_identification:_identify(src/ekf_slam) by extensions ['ros']
[0.488s] Level 1:colcon.colcon_core.package_identification:_identify(src/ekf_slam) by extension 'ros'
[0.491s] DEBUG:colcon.colcon_core.package_identification:Package 'src/ekf_slam' with type 'ros.ament_python' and name 'lp_slam'
[0.491s] Level 1:colcon.colcon_core.package_identification:_identify(src/my_g2o) by extensions ['ignore', 'ignore_ament_install']
[0.491s] Level 1:colcon.colcon_core.package_identification:_identify(src/my_g2o) by extension 'ignore'
[0.491s] Level 1:colcon.colcon_core.package_identification:_identify(src/my_g2o) by extension 'ignore_ament_install'
[0.491s] Level 1:colcon.colcon_core.package_identification:_identify(src/my_g2o) by extensions ['colcon_pkg']
[0.491s] Level 1:colcon.colcon_core.package_identification:_identify(src/my_g2o) by extension 'colcon_pkg'
[0.491s] Level 1:colcon.colcon_core.package_identification:_identify(src/my_g2o) by extensions ['colcon_meta']
[0.491s] Level 1:colcon.colcon_core.package_identification:_identify(src/my_g2o) by extension 'colcon_meta'
[0.491s] Level 1:colcon.colcon_core.package_identification:_identify(src/my_g2o) by extensions ['ros']
[0.491s] Level 1:colcon.colcon_core.package_identification:_identify(src/my_g2o) by extension 'ros'
[0.492s] Level 1:colcon.colcon_core.package_identification:_identify(src/my_g2o) by extensions ['cmake', 'python']
[0.492s] Level 1:colcon.colcon_core.package_identification:_identify(src/my_g2o) by extension 'cmake'
[0.492s] Level 1:colcon.colcon_core.package_identification:_identify(src/my_g2o) by extension 'python'
[0.492s] Level 1:colcon.colcon_core.package_identification:_identify(src/my_g2o) by extensions ['python_setup_py']
[0.492s] Level 1:colcon.colcon_core.package_identification:_identify(src/my_g2o) by extension 'python_setup_py'
[0.492s] Level 1:colcon.colcon_core.package_identification:_identify(src/my_g2o/__pycache__) by extensions ['ignore', 'ignore_ament_install']
[0.492s] Level 1:colcon.colcon_core.package_identification:_identify(src/my_g2o/__pycache__) by extension 'ignore'
[0.492s] Level 1:colcon.colcon_core.package_identification:_identify(src/my_g2o/__pycache__) by extension 'ignore_ament_install'
[0.492s] Level 1:colcon.colcon_core.package_identification:_identify(src/my_g2o/__pycache__) by extensions ['colcon_pkg']
[0.492s] Level 1:colcon.colcon_core.package_identification:_identify(src/my_g2o/__pycache__) by extension 'colcon_pkg'
[0.492s] Level 1:colcon.colcon_core.package_identification:_identify(src/my_g2o/__pycache__) by extensions ['colcon_meta']
[0.492s] Level 1:colcon.colcon_core.package_identification:_identify(src/my_g2o/__pycache__) by extension 'colcon_meta'
[0.492s] Level 1:colcon.colcon_core.package_identification:_identify(src/my_g2o/__pycache__) by extensions ['ros']
[0.492s] Level 1:colcon.colcon_core.package_identification:_identify(src/my_g2o/__pycache__) by extension 'ros'
[0.492s] Level 1:colcon.colcon_core.package_identification:_identify(src/my_g2o/__pycache__) by extensions ['cmake', 'python']
[0.492s] Level 1:colcon.colcon_core.package_identification:_identify(src/my_g2o/__pycache__) by extension 'cmake'
[0.492s] Level 1:colcon.colcon_core.package_identification:_identify(src/my_g2o/__pycache__) by extension 'python'
[0.492s] Level 1:colcon.colcon_core.package_identification:_identify(src/my_g2o/__pycache__) by extensions ['python_setup_py']
[0.492s] Level 1:colcon.colcon_core.package_identification:_identify(src/my_g2o/__pycache__) by extension 'python_setup_py'
[0.493s] Level 1:colcon.colcon_core.package_identification:_identify(src/ui) by extensions ['ignore', 'ignore_ament_install']
[0.493s] Level 1:colcon.colcon_core.package_identification:_identify(src/ui) by extension 'ignore'
[0.493s] Level 1:colcon.colcon_core.package_identification:_identify(src/ui) by extension 'ignore_ament_install'
[0.493s] Level 1:colcon.colcon_core.package_identification:_identify(src/ui) by extensions ['colcon_pkg']
[0.493s] Level 1:colcon.colcon_core.package_identification:_identify(src/ui) by extension 'colcon_pkg'
[0.493s] Level 1:colcon.colcon_core.package_identification:_identify(src/ui) by extensions ['colcon_meta']
[0.493s] Level 1:colcon.colcon_core.package_identification:_identify(src/ui) by extension 'colcon_meta'
[0.493s] Level 1:colcon.colcon_core.package_identification:_identify(src/ui) by extensions ['ros']
[0.493s] Level 1:colcon.colcon_core.package_identification:_identify(src/ui) by extension 'ros'
[0.494s] DEBUG:colcon.colcon_core.package_identification:Package 'src/ui' with type 'ros.ament_python' and name 'ui'
[0.494s] Level 1:colcon.colcon_core.package_identification:_identify(src/uwb_range) by extensions ['ignore', 'ignore_ament_install']
[0.495s] Level 1:colcon.colcon_core.package_identification:_identify(src/uwb_range) by extension 'ignore'
[0.495s] Level 1:colcon.colcon_core.package_identification:_identify(src/uwb_range) by extension 'ignore_ament_install'
[0.495s] Level 1:colcon.colcon_core.package_identification:_identify(src/uwb_range) by extensions ['colcon_pkg']
[0.495s] Level 1:colcon.colcon_core.package_identification:_identify(src/uwb_range) by extension 'colcon_pkg'
[0.495s] Level 1:colcon.colcon_core.package_identification:_identify(src/uwb_range) by extensions ['colcon_meta']
[0.495s] Level 1:colcon.colcon_core.package_identification:_identify(src/uwb_range) by extension 'colcon_meta'
[0.495s] Level 1:colcon.colcon_core.package_identification:_identify(src/uwb_range) by extensions ['ros']
[0.495s] Level 1:colcon.colcon_core.package_identification:_identify(src/uwb_range) by extension 'ros'
[0.496s] DEBUG:colcon.colcon_core.package_identification:Package 'src/uwb_range' with type 'ros.ament_cmake' and name 'uwb_ranger'
[0.496s] Level 1:colcon.colcon_core.package_identification:_identify(src/uwb_slam) by extensions ['ignore', 'ignore_ament_install']
[0.496s] Level 1:colcon.colcon_core.package_identification:_identify(src/uwb_slam) by extension 'ignore'
[0.496s] Level 1:colcon.colcon_core.package_identification:_identify(src/uwb_slam) by extension 'ignore_ament_install'
[0.496s] Level 1:colcon.colcon_core.package_identification:_identify(src/uwb_slam) by extensions ['colcon_pkg']
[0.496s] Level 1:colcon.colcon_core.package_identification:_identify(src/uwb_slam) by extension 'colcon_pkg'
[0.496s] Level 1:colcon.colcon_core.package_identification:_identify(src/uwb_slam) by extensions ['colcon_meta']
[0.496s] Level 1:colcon.colcon_core.package_identification:_identify(src/uwb_slam) by extension 'colcon_meta'
[0.496s] Level 1:colcon.colcon_core.package_identification:_identify(src/uwb_slam) by extensions ['ros']
[0.496s] Level 1:colcon.colcon_core.package_identification:_identify(src/uwb_slam) by extension 'ros'
[0.497s] DEBUG:colcon.colcon_core.package_identification:Package 'src/uwb_slam' with type 'ros.ament_python' and name 'uwb_slam'
[0.497s] Level 1:colcon.colcon_core.package_discovery:discover_packages(recursive) using defaults
[0.497s] Level 1:colcon.colcon_core.package_discovery:discover_packages(ignore) discover
[0.497s] Level 1:colcon.colcon_core.package_discovery:discover_packages(ignore) using defaults
[0.497s] Level 1:colcon.colcon_core.package_discovery:discover_packages(path) discover
[0.497s] Level 1:colcon.colcon_core.package_discovery:discover_packages(path) using defaults
[0.528s] Level 1:colcon.colcon_core.package_discovery:discover_packages(prefix_path) check parameters
[0.528s] Level 1:colcon.colcon_core.package_discovery:discover_packages(prefix_path) discover
[0.531s] DEBUG:colcon.colcon_installed_package_information.package_discovery:Found 3 installed packages in /home/arms/turtlebot3_ws/install
[0.532s] DEBUG:colcon.colcon_installed_package_information.package_discovery:Found 4 installed packages in /home/arms/paper3_ws/install
[0.532s] DEBUG:colcon.colcon_installed_package_information.package_discovery:Found 3 installed packages in /home/arms/X4M300_ws/install
[0.533s] DEBUG:colcon.colcon_installed_package_information.package_discovery:Found 7 installed packages in /home/arms/p440_ws/install
[0.534s] DEBUG:colcon.colcon_installed_package_information.package_discovery:Found 4 installed packages in /home/arms/ros2_driver_mmwave/install
[0.535s] DEBUG:colcon.colcon_installed_package_information.package_discovery:Found 343 installed packages in /opt/ros/iron
[0.538s] Level 1:colcon.colcon_core.package_discovery:discover_packages(prefix_path) using defaults
[0.595s] Level 5:colcon.colcon_core.verb:set package 'lp_slam' build argument 'cmake_args' from command line to 'None'
[0.595s] Level 5:colcon.colcon_core.verb:set package 'lp_slam' build argument 'cmake_target' from command line to 'None'
[0.595s] Level 5:colcon.colcon_core.verb:set package 'lp_slam' build argument 'cmake_target_skip_unavailable' from command line to 'False'
[0.595s] Level 5:colcon.colcon_core.verb:set package 'lp_slam' build argument 'cmake_clean_cache' from command line to 'False'
[0.595s] Level 5:colcon.colcon_core.verb:set package 'lp_slam' build argument 'cmake_clean_first' from command line to 'False'
[0.595s] Level 5:colcon.colcon_core.verb:set package 'lp_slam' build argument 'cmake_force_configure' from command line to 'False'
[0.595s] Level 5:colcon.colcon_core.verb:set package 'lp_slam' build argument 'ament_cmake_args' from command line to 'None'
[0.595s] Level 5:colcon.colcon_core.verb:set package 'lp_slam' build argument 'catkin_cmake_args' from command line to 'None'
[0.595s] Level 5:colcon.colcon_core.verb:set package 'lp_slam' build argument 'catkin_skip_building_tests' from command line to 'False'
[0.595s] DEBUG:colcon.colcon_core.verb:Building package 'lp_slam' with the following arguments: {'ament_cmake_args': None, 'build_base': '/home/arms/paper3_ws/build/lp_slam', 'catkin_cmake_args': None, 'catkin_skip_building_tests': False, 'cmake_args': None, 'cmake_clean_cache': False, 'cmake_clean_first': False, 'cmake_force_configure': False, 'cmake_target': None, 'cmake_target_skip_unavailable': False, 'install_base': '/home/arms/paper3_ws/install/lp_slam', 'merge_install': False, 'path': '/home/arms/paper3_ws/src/ekf_slam', 'symlink_install': False, 'test_result_base': None}
[0.596s] Level 5:colcon.colcon_core.verb:set package 'ui' build argument 'cmake_args' from command line to 'None'
[0.596s] Level 5:colcon.colcon_core.verb:set package 'ui' build argument 'cmake_target' from command line to 'None'
[0.596s] Level 5:colcon.colcon_core.verb:set package 'ui' build argument 'cmake_target_skip_unavailable' from command line to 'False'
[0.596s] Level 5:colcon.colcon_core.verb:set package 'ui' build argument 'cmake_clean_cache' from command line to 'False'
[0.596s] Level 5:colcon.colcon_core.verb:set package 'ui' build argument 'cmake_clean_first' from command line to 'False'
[0.596s] Level 5:colcon.colcon_core.verb:set package 'ui' build argument 'cmake_force_configure' from command line to 'False'
[0.596s] Level 5:colcon.colcon_core.verb:set package 'ui' build argument 'ament_cmake_args' from command line to 'None'
[0.596s] Level 5:colcon.colcon_core.verb:set package 'ui' build argument 'catkin_cmake_args' from command line to 'None'
[0.596s] Level 5:colcon.colcon_core.verb:set package 'ui' build argument 'catkin_skip_building_tests' from command line to 'False'
[0.596s] DEBUG:colcon.colcon_core.verb:Building package 'ui' with the following arguments: {'ament_cmake_args': None, 'build_base': '/home/arms/paper3_ws/build/ui', 'catkin_cmake_args': None, 'catkin_skip_building_tests': False, 'cmake_args': None, 'cmake_clean_cache': False, 'cmake_clean_first': False, 'cmake_force_configure': False, 'cmake_target': None, 'cmake_target_skip_unavailable': False, 'install_base': '/home/arms/paper3_ws/install/ui', 'merge_install': False, 'path': '/home/arms/paper3_ws/src/ui', 'symlink_install': False, 'test_result_base': None}
[0.596s] Level 5:colcon.colcon_core.verb:set package 'uwb_ranger' build argument 'cmake_args' from command line to 'None'
[0.596s] Level 5:colcon.colcon_core.verb:set package 'uwb_ranger' build argument 'cmake_target' from command line to 'None'
[0.596s] Level 5:colcon.colcon_core.verb:set package 'uwb_ranger' build argument 'cmake_target_skip_unavailable' from command line to 'False'
[0.596s] Level 5:colcon.colcon_core.verb:set package 'uwb_ranger' build argument 'cmake_clean_cache' from command line to 'False'
[0.596s] Level 5:colcon.colcon_core.verb:set package 'uwb_ranger' build argument 'cmake_clean_first' from command line to 'False'
[0.596s] Level 5:colcon.colcon_core.verb:set package 'uwb_ranger' build argument 'cmake_force_configure' from command line to 'False'
[0.596s] Level 5:colcon.colcon_core.verb:set package 'uwb_ranger' build argument 'ament_cmake_args' from command line to 'None'
[0.596s] Level 5:colcon.colcon_core.verb:set package 'uwb_ranger' build argument 'catkin_cmake_args' from command line to 'None'
[0.596s] Level 5:colcon.colcon_core.verb:set package 'uwb_ranger' build argument 'catkin_skip_building_tests' from command line to 'False'
[0.596s] DEBUG:colcon.colcon_core.verb:Building package 'uwb_ranger' with the following arguments: {'ament_cmake_args': None, 'build_base': '/home/arms/paper3_ws/build/uwb_ranger', 'catkin_cmake_args': None, 'catkin_skip_building_tests': False, 'cmake_args': None, 'cmake_clean_cache': False, 'cmake_clean_first': False, 'cmake_force_configure': False, 'cmake_target': None, 'cmake_target_skip_unavailable': False, 'install_base': '/home/arms/paper3_ws/install/uwb_ranger', 'merge_install': False, 'path': '/home/arms/paper3_ws/src/uwb_range', 'symlink_install': False, 'test_result_base': None}
[0.597s] Level 5:colcon.colcon_core.verb:set package 'uwb_slam' build argument 'cmake_args' from command line to 'None'
[0.597s] Level 5:colcon.colcon_core.verb:set package 'uwb_slam' build argument 'cmake_target' from command line to 'None'
[0.597s] Level 5:colcon.colcon_core.verb:set package 'uwb_slam' build argument 'cmake_target_skip_unavailable' from command line to 'False'
[0.597s] Level 5:colcon.colcon_core.verb:set package 'uwb_slam' build argument 'cmake_clean_cache' from command line to 'False'
[0.597s] Level 5:colcon.colcon_core.verb:set package 'uwb_slam' build argument 'cmake_clean_first' from command line to 'False'
[0.597s] Level 5:colcon.colcon_core.verb:set package 'uwb_slam' build argument 'cmake_force_configure' from command line to 'False'
[0.597s] Level 5:colcon.colcon_core.verb:set package 'uwb_slam' build argument 'ament_cmake_args' from command line to 'None'
[0.597s] Level 5:colcon.colcon_core.verb:set package 'uwb_slam' build argument 'catkin_cmake_args' from command line to 'None'
[0.597s] Level 5:colcon.colcon_core.verb:set package 'uwb_slam' build argument 'catkin_skip_building_tests' from command line to 'False'
[0.597s] DEBUG:colcon.colcon_core.verb:Building package 'uwb_slam' with the following arguments: {'ament_cmake_args': None, 'build_base': '/home/arms/paper3_ws/build/uwb_slam', 'catkin_cmake_args': None, 'catkin_skip_building_tests': False, 'cmake_args': None, 'cmake_clean_cache': False, 'cmake_clean_first': False, 'cmake_force_configure': False, 'cmake_target': None, 'cmake_target_skip_unavailable': False, 'install_base': '/home/arms/paper3_ws/install/uwb_slam', 'merge_install': False, 'path': '/home/arms/paper3_ws/src/uwb_slam', 'symlink_install': False, 'test_result_base': None}
[0.597s] INFO:colcon.colcon_core.executor:Executing jobs using 'parallel' executor
[0.599s] DEBUG:colcon.colcon_parallel_executor.executor.parallel:run_until_complete
[0.599s] INFO:colcon.colcon_ros.task.ament_python.build:Building ROS package in '/home/arms/paper3_ws/src/ekf_slam' with build type 'ament_python'
[0.600s] Level 1:colcon.colcon_core.shell:create_environment_hook('lp_slam', 'ament_prefix_path')
[0.602s] INFO:colcon.colcon_core.plugin_system:Skipping extension 'colcon_core.shell.bat': Not used on non-Windows systems
[0.602s] INFO:colcon.colcon_core.shell:Creating environment hook '/home/arms/paper3_ws/install/lp_slam/share/lp_slam/hook/ament_prefix_path.ps1'
[0.603s] INFO:colcon.colcon_core.shell:Creating environment descriptor '/home/arms/paper3_ws/install/lp_slam/share/lp_slam/hook/ament_prefix_path.dsv'
[0.603s] INFO:colcon.colcon_core.shell:Creating environment hook '/home/arms/paper3_ws/install/lp_slam/share/lp_slam/hook/ament_prefix_path.sh'
[0.604s] INFO:colcon.colcon_core.shell:Skip shell extension 'powershell' for command environment: Not usable outside of PowerShell
[0.604s] DEBUG:colcon.colcon_core.shell:Skip shell extension 'dsv' for command environment
[0.611s] INFO:colcon.colcon_ros.task.ament_python.build:Building ROS package in '/home/arms/paper3_ws/src/ui' with build type 'ament_python'
[0.611s] Level 1:colcon.colcon_core.shell:create_environment_hook('ui', 'ament_prefix_path')
[0.612s] INFO:colcon.colcon_core.shell:Creating environment hook '/home/arms/paper3_ws/install/ui/share/ui/hook/ament_prefix_path.ps1'
[0.614s] INFO:colcon.colcon_core.shell:Creating environment descriptor '/home/arms/paper3_ws/install/ui/share/ui/hook/ament_prefix_path.dsv'
[0.614s] INFO:colcon.colcon_core.shell:Creating environment hook '/home/arms/paper3_ws/install/ui/share/ui/hook/ament_prefix_path.sh'
[0.615s] INFO:colcon.colcon_core.shell:Skip shell extension 'powershell' for command environment: Not usable outside of PowerShell
[0.615s] DEBUG:colcon.colcon_core.shell:Skip shell extension 'dsv' for command environment
[0.622s] INFO:colcon.colcon_ros.task.ament_cmake.build:Building ROS package in '/home/arms/paper3_ws/src/uwb_range' with build type 'ament_cmake'
[0.622s] INFO:colcon.colcon_cmake.task.cmake.build:Building CMake package in '/home/arms/paper3_ws/src/uwb_range'
[0.622s] INFO:colcon.colcon_core.shell:Skip shell extension 'powershell' for command environment: Not usable outside of PowerShell
[0.622s] DEBUG:colcon.colcon_core.shell:Skip shell extension 'dsv' for command environment
[0.632s] INFO:colcon.colcon_ros.task.ament_python.build:Building ROS package in '/home/arms/paper3_ws/src/uwb_slam' with build type 'ament_python'
[0.632s] Level 1:colcon.colcon_core.shell:create_environment_hook('uwb_slam', 'ament_prefix_path')
[0.632s] INFO:colcon.colcon_core.shell:Creating environment hook '/home/arms/paper3_ws/install/uwb_slam/share/uwb_slam/hook/ament_prefix_path.ps1'
[0.633s] INFO:colcon.colcon_core.shell:Creating environment descriptor '/home/arms/paper3_ws/install/uwb_slam/share/uwb_slam/hook/ament_prefix_path.dsv'
[0.634s] INFO:colcon.colcon_core.shell:Creating environment hook '/home/arms/paper3_ws/install/uwb_slam/share/uwb_slam/hook/ament_prefix_path.sh'
[0.635s] INFO:colcon.colcon_core.shell:Skip shell extension 'powershell' for command environment: Not usable outside of PowerShell
[0.635s] DEBUG:colcon.colcon_core.shell:Skip shell extension 'dsv' for command environment
[1.114s] INFO:colcon.colcon_core.task.python.build:Building Python package in '/home/arms/paper3_ws/src/ekf_slam'
[1.114s] INFO:colcon.colcon_core.shell:Skip shell extension 'powershell' for command environment: Not usable outside of PowerShell
[1.114s] DEBUG:colcon.colcon_core.shell:Skip shell extension 'dsv' for command environment
[1.526s] INFO:colcon.colcon_core.task.python.build:Building Python package in '/home/arms/paper3_ws/src/ui'
[1.526s] INFO:colcon.colcon_core.shell:Skip shell extension 'powershell' for command environment: Not usable outside of PowerShell
[1.526s] DEBUG:colcon.colcon_core.shell:Skip shell extension 'dsv' for command environment
[1.538s] DEBUG:colcon.colcon_core.event_handler.log_command:Invoking command in '/home/arms/paper3_ws/build/uwb_ranger': CMAKE_PREFIX_PATH=${CMAKE_PREFIX_PATH}:/home/arms/paper3_ws/install/uwb_slam:/home/arms/paper3_ws/install/ui:/home/arms/paper3_ws/install/lp_slam:/home/arms/X4M300_ws/install/python_parameters:/home/arms/X4M300_ws/install/novelda_x4m300:/home/arms/p440_ws/install/uwb_slam:/home/arms/p440_ws/install/uwb_raw_vis:/home/arms/p440_ws/install/ui:/home/arms/p440_ws/install/ekf_slam:/home/arms/ros2_driver_mmwave/install/save_db:/opt/ros/iron /usr/bin/cmake --build /home/arms/paper3_ws/build/uwb_ranger -- -j20 -l20
[1.977s] INFO:colcon.colcon_core.task.python.build:Building Python package in '/home/arms/paper3_ws/src/uwb_slam'
[1.977s] INFO:colcon.colcon_core.shell:Skip shell extension 'powershell' for command environment: Not usable outside of PowerShell
[1.977s] DEBUG:colcon.colcon_core.shell:Skip shell extension 'dsv' for command environment
[1.992s] DEBUG:colcon.colcon_core.event_handler.log_command:Invoked command in '/home/arms/paper3_ws/build/uwb_ranger' returned '0': CMAKE_PREFIX_PATH=${CMAKE_PREFIX_PATH}:/home/arms/paper3_ws/install/uwb_slam:/home/arms/paper3_ws/install/ui:/home/arms/paper3_ws/install/lp_slam:/home/arms/X4M300_ws/install/python_parameters:/home/arms/X4M300_ws/install/novelda_x4m300:/home/arms/p440_ws/install/uwb_slam:/home/arms/p440_ws/install/uwb_raw_vis:/home/arms/p440_ws/install/ui:/home/arms/p440_ws/install/ekf_slam:/home/arms/ros2_driver_mmwave/install/save_db:/opt/ros/iron /usr/bin/cmake --build /home/arms/paper3_ws/build/uwb_ranger -- -j20 -l20
[2.067s] DEBUG:colcon.colcon_core.event_handler.log_command:Invoking command in '/home/arms/paper3_ws/build/uwb_ranger': CMAKE_PREFIX_PATH=${CMAKE_PREFIX_PATH}:/home/arms/paper3_ws/install/uwb_slam:/home/arms/paper3_ws/install/ui:/home/arms/paper3_ws/install/lp_slam:/home/arms/X4M300_ws/install/python_parameters:/home/arms/X4M300_ws/install/novelda_x4m300:/home/arms/p440_ws/install/uwb_slam:/home/arms/p440_ws/install/uwb_raw_vis:/home/arms/p440_ws/install/ui:/home/arms/p440_ws/install/ekf_slam:/home/arms/ros2_driver_mmwave/install/save_db:/opt/ros/iron /usr/bin/cmake --install /home/arms/paper3_ws/build/uwb_ranger
[2.084s] Level 1:colcon.colcon_core.environment:create_environment_scripts_only(uwb_ranger)
[2.089s] DEBUG:colcon.colcon_core.event_handler.log_command:Invoked command in '/home/arms/paper3_ws/build/uwb_ranger' returned '0': CMAKE_PREFIX_PATH=${CMAKE_PREFIX_PATH}:/home/arms/paper3_ws/install/uwb_slam:/home/arms/paper3_ws/install/ui:/home/arms/paper3_ws/install/lp_slam:/home/arms/X4M300_ws/install/python_parameters:/home/arms/X4M300_ws/install/novelda_x4m300:/home/arms/p440_ws/install/uwb_slam:/home/arms/p440_ws/install/uwb_raw_vis:/home/arms/p440_ws/install/ui:/home/arms/p440_ws/install/ekf_slam:/home/arms/ros2_driver_mmwave/install/save_db:/opt/ros/iron /usr/bin/cmake --install /home/arms/paper3_ws/build/uwb_ranger
[2.091s] Level 1:colcon.colcon_core.environment:checking '/home/arms/paper3_ws/install/uwb_ranger' for CMake module files
[2.091s] Level 1:colcon.colcon_core.environment:checking '/home/arms/paper3_ws/install/uwb_ranger' for CMake config files
[2.092s] Level 1:colcon.colcon_core.shell:create_environment_hook('uwb_ranger', 'cmake_prefix_path')
[2.092s] INFO:colcon.colcon_core.shell:Creating environment hook '/home/arms/paper3_ws/install/uwb_ranger/share/uwb_ranger/hook/cmake_prefix_path.ps1'
[2.093s] INFO:colcon.colcon_core.shell:Creating environment descriptor '/home/arms/paper3_ws/install/uwb_ranger/share/uwb_ranger/hook/cmake_prefix_path.dsv'
[2.094s] INFO:colcon.colcon_core.shell:Creating environment hook '/home/arms/paper3_ws/install/uwb_ranger/share/uwb_ranger/hook/cmake_prefix_path.sh'
[2.095s] Level 1:colcon.colcon_core.environment:checking '/home/arms/paper3_ws/install/uwb_ranger/lib'
[2.095s] Level 1:colcon.colcon_core.environment:checking '/home/arms/paper3_ws/install/uwb_ranger/bin'
[2.095s] Level 1:colcon.colcon_core.environment:checking '/home/arms/paper3_ws/install/uwb_ranger/lib/pkgconfig/uwb_ranger.pc'
[2.095s] Level 1:colcon.colcon_core.environment:checking '/home/arms/paper3_ws/install/uwb_ranger/lib/python3.10/site-packages'
[2.096s] Level 1:colcon.colcon_core.environment:checking '/home/arms/paper3_ws/install/uwb_ranger/bin'
[2.096s] INFO:colcon.colcon_core.shell:Creating package script '/home/arms/paper3_ws/install/uwb_ranger/share/uwb_ranger/package.ps1'
[2.098s] INFO:colcon.colcon_core.shell:Creating package descriptor '/home/arms/paper3_ws/install/uwb_ranger/share/uwb_ranger/package.dsv'
[2.098s] INFO:colcon.colcon_core.shell:Creating package script '/home/arms/paper3_ws/install/uwb_ranger/share/uwb_ranger/package.sh'
[2.100s] INFO:colcon.colcon_core.shell:Creating package script '/home/arms/paper3_ws/install/uwb_ranger/share/uwb_ranger/package.bash'
[2.101s] INFO:colcon.colcon_core.shell:Creating package script '/home/arms/paper3_ws/install/uwb_ranger/share/uwb_ranger/package.zsh'
[2.102s] Level 1:colcon.colcon_core.environment:create_file_with_runtime_dependencies(/home/arms/paper3_ws/install/uwb_ranger/share/colcon-core/packages/uwb_ranger)
[2.164s] Level 1:colcon.colcon_core.environment:create_environment_scripts_only(uwb_ranger)
[2.165s] Level 1:colcon.colcon_core.environment:checking '/home/arms/paper3_ws/install/uwb_ranger' for CMake module files
[2.166s] Level 1:colcon.colcon_core.environment:checking '/home/arms/paper3_ws/install/uwb_ranger' for CMake config files
[2.166s] Level 1:colcon.colcon_core.shell:create_environment_hook('uwb_ranger', 'cmake_prefix_path')
[2.167s] INFO:colcon.colcon_core.shell:Creating environment hook '/home/arms/paper3_ws/install/uwb_ranger/share/uwb_ranger/hook/cmake_prefix_path.ps1'
[2.167s] INFO:colcon.colcon_core.shell:Creating environment descriptor '/home/arms/paper3_ws/install/uwb_ranger/share/uwb_ranger/hook/cmake_prefix_path.dsv'
[2.168s] INFO:colcon.colcon_core.shell:Creating environment hook '/home/arms/paper3_ws/install/uwb_ranger/share/uwb_ranger/hook/cmake_prefix_path.sh'
[2.169s] Level 1:colcon.colcon_core.environment:checking '/home/arms/paper3_ws/install/uwb_ranger/lib'
[2.169s] Level 1:colcon.colcon_core.environment:checking '/home/arms/paper3_ws/install/uwb_ranger/bin'
[2.169s] Level 1:colcon.colcon_core.environment:checking '/home/arms/paper3_ws/install/uwb_ranger/lib/pkgconfig/uwb_ranger.pc'
[2.170s] Level 1:colcon.colcon_core.environment:checking '/home/arms/paper3_ws/install/uwb_ranger/lib/python3.10/site-packages'
[2.170s] Level 1:colcon.colcon_core.environment:checking '/home/arms/paper3_ws/install/uwb_ranger/bin'
[2.170s] INFO:colcon.colcon_core.shell:Creating package script '/home/arms/paper3_ws/install/uwb_ranger/share/uwb_ranger/package.ps1'
[2.171s] INFO:colcon.colcon_core.shell:Creating package descriptor '/home/arms/paper3_ws/install/uwb_ranger/share/uwb_ranger/package.dsv'
[2.172s] INFO:colcon.colcon_core.shell:Creating package script '/home/arms/paper3_ws/install/uwb_ranger/share/uwb_ranger/package.sh'
[2.172s] INFO:colcon.colcon_core.shell:Creating package script '/home/arms/paper3_ws/install/uwb_ranger/share/uwb_ranger/package.bash'
[2.173s] INFO:colcon.colcon_core.shell:Creating package script '/home/arms/paper3_ws/install/uwb_ranger/share/uwb_ranger/package.zsh'
[2.174s] Level 1:colcon.colcon_core.environment:create_file_with_runtime_dependencies(/home/arms/paper3_ws/install/uwb_ranger/share/colcon-core/packages/uwb_ranger)
[2.918s] DEBUG:colcon.colcon_core.event_handler.log_command:Invoking command in '/home/arms/paper3_ws/src/ekf_slam': PYTHONPATH=/home/arms/paper3_ws/build/lp_slam/prefix_override:/home/arms/paper3_ws/install/lp_slam/lib/python3.10/site-packages:${PYTHONPATH} /usr/bin/python3 -W ignore:setup.py install is deprecated setup.py egg_info --egg-base ../../build/lp_slam build --build-base /home/arms/paper3_ws/build/lp_slam/build install --record /home/arms/paper3_ws/build/lp_slam/install.log --single-version-externally-managed install_data
[2.927s] DEBUG:colcon.colcon_core.event_handler.log_command:Invoking command in '/home/arms/paper3_ws/src/ui': PYTHONPATH=/home/arms/paper3_ws/build/ui/prefix_override:/home/arms/paper3_ws/install/ui/lib/python3.10/site-packages:${PYTHONPATH} /usr/bin/python3 -W ignore:setup.py install is deprecated setup.py egg_info --egg-base ../../build/ui build --build-base /home/arms/paper3_ws/build/ui/build install --record /home/arms/paper3_ws/build/ui/install.log --single-version-externally-managed install_data
[2.966s] DEBUG:colcon.colcon_core.event_handler.log_command:Invoking command in '/home/arms/paper3_ws/src/uwb_slam': PYTHONPATH=/home/arms/paper3_ws/build/uwb_slam/prefix_override:/home/arms/paper3_ws/install/uwb_slam/lib/python3.10/site-packages:${PYTHONPATH} /usr/bin/python3 -W ignore:setup.py install is deprecated setup.py egg_info --egg-base ../../build/uwb_slam build --build-base /home/arms/paper3_ws/build/uwb_slam/build install --record /home/arms/paper3_ws/build/uwb_slam/install.log --single-version-externally-managed install_data
[3.594s] Level 1:colcon.colcon_core.environment:checking '/home/arms/paper3_ws/install/ui' for CMake module files
[3.595s] DEBUG:colcon.colcon_core.event_handler.log_command:Invoked command in '/home/arms/paper3_ws/src/ui' returned '0': PYTHONPATH=/home/arms/paper3_ws/build/ui/prefix_override:/home/arms/paper3_ws/install/ui/lib/python3.10/site-packages:${PYTHONPATH} /usr/bin/python3 -W ignore:setup.py install is deprecated setup.py egg_info --egg-base ../../build/ui build --build-base /home/arms/paper3_ws/build/ui/build install --record /home/arms/paper3_ws/build/ui/install.log --single-version-externally-managed install_data
[3.596s] Level 1:colcon.colcon_core.environment:checking '/home/arms/paper3_ws/install/ui' for CMake config files
[3.596s] Level 1:colcon.colcon_core.environment:checking '/home/arms/paper3_ws/install/ui/lib'
[3.597s] Level 1:colcon.colcon_core.environment:checking '/home/arms/paper3_ws/install/ui/bin'
[3.597s] Level 1:colcon.colcon_core.environment:checking '/home/arms/paper3_ws/install/ui/lib/pkgconfig/ui.pc'
[3.597s] Level 1:colcon.colcon_core.environment:checking '/home/arms/paper3_ws/install/ui/lib/python3.10/site-packages'
[3.597s] Level 1:colcon.colcon_core.shell:create_environment_hook('ui', 'pythonpath')
[3.598s] INFO:colcon.colcon_core.shell:Creating environment hook '/home/arms/paper3_ws/install/ui/share/ui/hook/pythonpath.ps1'
[3.598s] INFO:colcon.colcon_core.shell:Creating environment descriptor '/home/arms/paper3_ws/install/ui/share/ui/hook/pythonpath.dsv'
[3.599s] INFO:colcon.colcon_core.shell:Creating environment hook '/home/arms/paper3_ws/install/ui/share/ui/hook/pythonpath.sh'
[3.600s] Level 1:colcon.colcon_core.environment:checking '/home/arms/paper3_ws/install/ui/bin'
[3.600s] Level 1:colcon.colcon_core.environment:create_environment_scripts_only(ui)
[3.600s] INFO:colcon.colcon_core.shell:Creating package script '/home/arms/paper3_ws/install/ui/share/ui/package.ps1'
[3.601s] INFO:colcon.colcon_core.shell:Creating package descriptor '/home/arms/paper3_ws/install/ui/share/ui/package.dsv'
[3.602s] INFO:colcon.colcon_core.shell:Creating package script '/home/arms/paper3_ws/install/ui/share/ui/package.sh'
[3.603s] INFO:colcon.colcon_core.shell:Creating package script '/home/arms/paper3_ws/install/ui/share/ui/package.bash'
[3.603s] INFO:colcon.colcon_core.shell:Creating package script '/home/arms/paper3_ws/install/ui/share/ui/package.zsh'
[3.604s] Level 1:colcon.colcon_core.environment:create_file_with_runtime_dependencies(/home/arms/paper3_ws/install/ui/share/colcon-core/packages/ui)
[3.619s] Level 1:colcon.colcon_core.environment:checking '/home/arms/paper3_ws/install/uwb_slam' for CMake module files
[3.620s] DEBUG:colcon.colcon_core.event_handler.log_command:Invoked command in '/home/arms/paper3_ws/src/uwb_slam' returned '0': PYTHONPATH=/home/arms/paper3_ws/build/uwb_slam/prefix_override:/home/arms/paper3_ws/install/uwb_slam/lib/python3.10/site-packages:${PYTHONPATH} /usr/bin/python3 -W ignore:setup.py install is deprecated setup.py egg_info --egg-base ../../build/uwb_slam build --build-base /home/arms/paper3_ws/build/uwb_slam/build install --record /home/arms/paper3_ws/build/uwb_slam/install.log --single-version-externally-managed install_data
[3.621s] Level 1:colcon.colcon_core.environment:checking '/home/arms/paper3_ws/install/uwb_slam' for CMake config files
[3.621s] Level 1:colcon.colcon_core.environment:checking '/home/arms/paper3_ws/install/uwb_slam/lib'
[3.622s] Level 1:colcon.colcon_core.environment:checking '/home/arms/paper3_ws/install/uwb_slam/bin'
[3.622s] Level 1:colcon.colcon_core.environment:checking '/home/arms/paper3_ws/install/uwb_slam/lib/pkgconfig/uwb_slam.pc'
[3.622s] Level 1:colcon.colcon_core.environment:checking '/home/arms/paper3_ws/install/uwb_slam/lib/python3.10/site-packages'
[3.622s] Level 1:colcon.colcon_core.shell:create_environment_hook('uwb_slam', 'pythonpath')
[3.623s] INFO:colcon.colcon_core.shell:Creating environment hook '/home/arms/paper3_ws/install/uwb_slam/share/uwb_slam/hook/pythonpath.ps1'
[3.623s] INFO:colcon.colcon_core.shell:Creating environment descriptor '/home/arms/paper3_ws/install/uwb_slam/share/uwb_slam/hook/pythonpath.dsv'
[3.624s] INFO:colcon.colcon_core.shell:Creating environment hook '/home/arms/paper3_ws/install/uwb_slam/share/uwb_slam/hook/pythonpath.sh'
[3.625s] Level 1:colcon.colcon_core.environment:checking '/home/arms/paper3_ws/install/uwb_slam/bin'
[3.625s] Level 1:colcon.colcon_core.environment:create_environment_scripts_only(uwb_slam)
[3.626s] INFO:colcon.colcon_core.shell:Creating package script '/home/arms/paper3_ws/install/uwb_slam/share/uwb_slam/package.ps1'
[3.626s] INFO:colcon.colcon_core.shell:Creating package descriptor '/home/arms/paper3_ws/install/uwb_slam/share/uwb_slam/package.dsv'
[3.627s] INFO:colcon.colcon_core.shell:Creating package script '/home/arms/paper3_ws/install/uwb_slam/share/uwb_slam/package.sh'
[3.628s] INFO:colcon.colcon_core.shell:Creating package script '/home/arms/paper3_ws/install/uwb_slam/share/uwb_slam/package.bash'
[3.628s] INFO:colcon.colcon_core.shell:Creating package script '/home/arms/paper3_ws/install/uwb_slam/share/uwb_slam/package.zsh'
[3.629s] Level 1:colcon.colcon_core.environment:create_file_with_runtime_dependencies(/home/arms/paper3_ws/install/uwb_slam/share/colcon-core/packages/uwb_slam)
[3.740s] Level 1:colcon.colcon_core.environment:checking '/home/arms/paper3_ws/install/lp_slam' for CMake module files
[3.741s] DEBUG:colcon.colcon_core.event_handler.log_command:Invoked command in '/home/arms/paper3_ws/src/ekf_slam' returned '0': PYTHONPATH=/home/arms/paper3_ws/build/lp_slam/prefix_override:/home/arms/paper3_ws/install/lp_slam/lib/python3.10/site-packages:${PYTHONPATH} /usr/bin/python3 -W ignore:setup.py install is deprecated setup.py egg_info --egg-base ../../build/lp_slam build --build-base /home/arms/paper3_ws/build/lp_slam/build install --record /home/arms/paper3_ws/build/lp_slam/install.log --single-version-externally-managed install_data
[3.742s] Level 1:colcon.colcon_core.environment:checking '/home/arms/paper3_ws/install/lp_slam' for CMake config files
[3.743s] Level 1:colcon.colcon_core.environment:checking '/home/arms/paper3_ws/install/lp_slam/lib'
[3.743s] Level 1:colcon.colcon_core.environment:checking '/home/arms/paper3_ws/install/lp_slam/bin'
[3.743s] Level 1:colcon.colcon_core.environment:checking '/home/arms/paper3_ws/install/lp_slam/lib/pkgconfig/lp_slam.pc'
[3.743s] Level 1:colcon.colcon_core.environment:checking '/home/arms/paper3_ws/install/lp_slam/lib/python3.10/site-packages'
[3.743s] Level 1:colcon.colcon_core.shell:create_environment_hook('lp_slam', 'pythonpath')
[3.744s] INFO:colcon.colcon_core.shell:Creating environment hook '/home/arms/paper3_ws/install/lp_slam/share/lp_slam/hook/pythonpath.ps1'
[3.744s] INFO:colcon.colcon_core.shell:Creating environment descriptor '/home/arms/paper3_ws/install/lp_slam/share/lp_slam/hook/pythonpath.dsv'
[3.745s] INFO:colcon.colcon_core.shell:Creating environment hook '/home/arms/paper3_ws/install/lp_slam/share/lp_slam/hook/pythonpath.sh'
[3.745s] Level 1:colcon.colcon_core.environment:checking '/home/arms/paper3_ws/install/lp_slam/bin'
[3.745s] Level 1:colcon.colcon_core.environment:create_environment_scripts_only(lp_slam)
[3.746s] INFO:colcon.colcon_core.shell:Creating package script '/home/arms/paper3_ws/install/lp_slam/share/lp_slam/package.ps1'
[3.746s] INFO:colcon.colcon_core.shell:Creating package descriptor '/home/arms/paper3_ws/install/lp_slam/share/lp_slam/package.dsv'
[3.747s] INFO:colcon.colcon_core.shell:Creating package script '/home/arms/paper3_ws/install/lp_slam/share/lp_slam/package.sh'
[3.747s] INFO:colcon.colcon_core.shell:Creating package script '/home/arms/paper3_ws/install/lp_slam/share/lp_slam/package.bash'
[3.748s] INFO:colcon.colcon_core.shell:Creating package script '/home/arms/paper3_ws/install/lp_slam/share/lp_slam/package.zsh'
[3.748s] Level 1:colcon.colcon_core.environment:create_file_with_runtime_dependencies(/home/arms/paper3_ws/install/lp_slam/share/colcon-core/packages/lp_slam)
[3.748s] DEBUG:colcon.colcon_parallel_executor.executor.parallel:closing loop
[3.748s] DEBUG:colcon.colcon_parallel_executor.executor.parallel:loop closed
[3.748s] DEBUG:colcon.colcon_parallel_executor.executor.parallel:run_until_complete finished with '0'
[3.749s] DEBUG:colcon.colcon_core.event_reactor:joining thread
[3.759s] INFO:colcon.colcon_core.plugin_system:Skipping extension 'colcon_notification.desktop_notification.terminal_notifier': Not used on non-Darwin systems
[3.759s] INFO:colcon.colcon_core.plugin_system:Skipping extension 'colcon_notification.desktop_notification.win32': Not used on non-Windows systems
[3.759s] INFO:colcon.colcon_notification.desktop_notification:Sending desktop notification using 'notify2'
[3.784s] DEBUG:colcon.colcon_core.event_reactor:joined thread
[3.785s] INFO:colcon.colcon_core.shell:Creating prefix script '/home/arms/paper3_ws/install/local_setup.ps1'
[3.786s] INFO:colcon.colcon_core.shell:Creating prefix util module '/home/arms/paper3_ws/install/_local_setup_util_ps1.py'
[3.789s] INFO:colcon.colcon_core.shell:Creating prefix chain script '/home/arms/paper3_ws/install/setup.ps1'
[3.793s] INFO:colcon.colcon_core.shell:Creating prefix script '/home/arms/paper3_ws/install/local_setup.sh'
[3.793s] INFO:colcon.colcon_core.shell:Creating prefix util module '/home/arms/paper3_ws/install/_local_setup_util_sh.py'
[3.794s] INFO:colcon.colcon_core.shell:Creating prefix chain script '/home/arms/paper3_ws/install/setup.sh'
[3.797s] INFO:colcon.colcon_core.shell:Creating prefix script '/home/arms/paper3_ws/install/local_setup.bash'
[3.797s] INFO:colcon.colcon_core.shell:Creating prefix chain script '/home/arms/paper3_ws/install/setup.bash'
[3.800s] INFO:colcon.colcon_core.shell:Creating prefix script '/home/arms/paper3_ws/install/local_setup.zsh'
[3.800s] INFO:colcon.colcon_core.shell:Creating prefix chain script '/home/arms/paper3_ws/install/setup.zsh'
