/home/arms/paper3_ws/install/uwb_slam/lib/python3.10/site-packages/uwb_slam/__init__.py
/home/arms/paper3_ws/install/uwb_slam/lib/python3.10/site-packages/uwb_slam/test_LM.py
/home/arms/paper3_ws/install/uwb_slam/lib/python3.10/site-packages/uwb_slam/all_uwb_SLAM.py
/home/arms/paper3_ws/install/uwb_slam/lib/python3.10/site-packages/uwb_slam/initialize_ancs.py
/home/arms/paper3_ws/install/uwb_slam/lib/python3.10/site-packages/uwb_slam/func_LM.py
/home/arms/paper3_ws/install/uwb_slam/lib/python3.10/site-packages/uwb_slam/test_rotate.py
/home/arms/paper3_ws/install/uwb_slam/lib/python3.10/site-packages/uwb_slam/__pycache__/__init__.cpython-310.pyc
/home/arms/paper3_ws/install/uwb_slam/lib/python3.10/site-packages/uwb_slam/__pycache__/test_LM.cpython-310.pyc
/home/arms/paper3_ws/install/uwb_slam/lib/python3.10/site-packages/uwb_slam/__pycache__/all_uwb_SLAM.cpython-310.pyc
/home/arms/paper3_ws/install/uwb_slam/lib/python3.10/site-packages/uwb_slam/__pycache__/initialize_ancs.cpython-310.pyc
/home/arms/paper3_ws/install/uwb_slam/lib/python3.10/site-packages/uwb_slam/__pycache__/func_LM.cpython-310.pyc
/home/arms/paper3_ws/install/uwb_slam/lib/python3.10/site-packages/uwb_slam/__pycache__/test_rotate.cpython-310.pyc
/home/arms/paper3_ws/install/uwb_slam/share/ament_index/resource_index/packages/uwb_slam
/home/arms/paper3_ws/install/uwb_slam/share/uwb_slam/package.xml
/home/arms/paper3_ws/install/uwb_slam/lib/python3.10/site-packages/uwb_slam-0.0.0-py3.10.egg-info/dependency_links.txt
/home/arms/paper3_ws/install/uwb_slam/lib/python3.10/site-packages/uwb_slam-0.0.0-py3.10.egg-info/PKG-INFO
/home/arms/paper3_ws/install/uwb_slam/lib/python3.10/site-packages/uwb_slam-0.0.0-py3.10.egg-info/requires.txt
/home/arms/paper3_ws/install/uwb_slam/lib/python3.10/site-packages/uwb_slam-0.0.0-py3.10.egg-info/SOURCES.txt
/home/arms/paper3_ws/install/uwb_slam/lib/python3.10/site-packages/uwb_slam-0.0.0-py3.10.egg-info/entry_points.txt
/home/arms/paper3_ws/install/uwb_slam/lib/python3.10/site-packages/uwb_slam-0.0.0-py3.10.egg-info/top_level.txt
/home/arms/paper3_ws/install/uwb_slam/lib/python3.10/site-packages/uwb_slam-0.0.0-py3.10.egg-info/zip-safe
/home/arms/paper3_ws/install/uwb_slam/lib/uwb_slam/init_ancs
/home/arms/paper3_ws/install/uwb_slam/lib/uwb_slam/run_SLAM
/home/arms/paper3_ws/install/uwb_slam/lib/uwb_slam/test_LM
/home/arms/paper3_ws/install/uwb_slam/lib/uwb_slam/test_rot
