/home/arms/paper3_ws/install/save_data/lib/python3.10/site-packages/save_data/__init__.py
/home/arms/paper3_ws/install/save_data/lib/python3.10/site-packages/save_data/map2base.py
/home/arms/paper3_ws/install/save_data/lib/python3.10/site-packages/save_data/sv_data.py
/home/arms/paper3_ws/install/save_data/lib/python3.10/site-packages/save_data/icp.py
/home/arms/paper3_ws/install/save_data/lib/python3.10/site-packages/save_data/result_plot.py
/home/arms/paper3_ws/install/save_data/lib/python3.10/site-packages/save_data/__pycache__/__init__.cpython-310.pyc
/home/arms/paper3_ws/install/save_data/lib/python3.10/site-packages/save_data/__pycache__/map2base.cpython-310.pyc
/home/arms/paper3_ws/install/save_data/lib/python3.10/site-packages/save_data/__pycache__/sv_data.cpython-310.pyc
/home/arms/paper3_ws/install/save_data/lib/python3.10/site-packages/save_data/__pycache__/icp.cpython-310.pyc
/home/arms/paper3_ws/install/save_data/lib/python3.10/site-packages/save_data/__pycache__/result_plot.cpython-310.pyc
/home/arms/paper3_ws/install/save_data/share/ament_index/resource_index/packages/save_data
/home/arms/paper3_ws/install/save_data/share/save_data/package.xml
/home/arms/paper3_ws/install/save_data/lib/python3.10/site-packages/save_data-0.0.0-py3.10.egg-info/dependency_links.txt
/home/arms/paper3_ws/install/save_data/lib/python3.10/site-packages/save_data-0.0.0-py3.10.egg-info/PKG-INFO
/home/arms/paper3_ws/install/save_data/lib/python3.10/site-packages/save_data-0.0.0-py3.10.egg-info/requires.txt
/home/arms/paper3_ws/install/save_data/lib/python3.10/site-packages/save_data-0.0.0-py3.10.egg-info/SOURCES.txt
/home/arms/paper3_ws/install/save_data/lib/python3.10/site-packages/save_data-0.0.0-py3.10.egg-info/entry_points.txt
/home/arms/paper3_ws/install/save_data/lib/python3.10/site-packages/save_data-0.0.0-py3.10.egg-info/top_level.txt
/home/arms/paper3_ws/install/save_data/lib/python3.10/site-packages/save_data-0.0.0-py3.10.egg-info/zip-safe
/home/arms/paper3_ws/install/save_data/lib/save_data/icp_node
/home/arms/paper3_ws/install/save_data/lib/save_data/map2base
/home/arms/paper3_ws/install/save_data/lib/save_data/plot_results
/home/arms/paper3_ws/install/save_data/lib/save_data/save_node
