[1.056s] Invoking command in '/home/arms/paper3_ws/src/save_data': PYTHONPATH=/home/arms/paper3_ws/build/save_data/prefix_override:/usr/lib/python3/dist-packages/colcon_core/task/python/colcon_distutils_commands:/home/arms/paper3_ws/install/save_data/lib/python3.10/site-packages:${PYTHONPATH} /usr/bin/python3 -W ignore:setup.py install is deprecated setup.py egg_info --egg-base ../../build/save_data build --build-base /home/arms/paper3_ws/build/save_data/build install --record /home/arms/paper3_ws/build/save_data/install.log --single-version-externally-managed install_data
[1.257s] running egg_info
[1.257s] writing ../../build/save_data/save_data.egg-info/PKG-INFO
[1.258s] writing dependency_links to ../../build/save_data/save_data.egg-info/dependency_links.txt
[1.258s] writing entry points to ../../build/save_data/save_data.egg-info/entry_points.txt
[1.258s] writing requirements to ../../build/save_data/save_data.egg-info/requires.txt
[1.258s] writing top-level names to ../../build/save_data/save_data.egg-info/top_level.txt
[1.260s] reading manifest file '../../build/save_data/save_data.egg-info/SOURCES.txt'
[1.260s] running build
[1.260s] running build_py
[1.260s] running install
[1.265s] running install_lib
[1.266s] running install_data
[1.266s] running install_egg_info
[1.267s] running install_scripts
[1.280s] Installing icp_node script to /home/arms/paper3_ws/install/save_data/lib/save_data
[1.280s] Installing map2base script to /home/arms/paper3_ws/install/save_data/lib/save_data
[1.280s] Installing plot_results script to /home/arms/paper3_ws/install/save_data/lib/save_data
[1.280s] Installing save_node script to /home/arms/paper3_ws/install/save_data/lib/save_data
[1.299s] Invoked command in '/home/arms/paper3_ws/src/save_data' returned '0': PYTHONPATH=/home/arms/paper3_ws/build/save_data/prefix_override:/usr/lib/python3/dist-packages/colcon_core/task/python/colcon_distutils_commands:/home/arms/paper3_ws/install/save_data/lib/python3.10/site-packages:${PYTHONPATH} /usr/bin/python3 -W ignore:setup.py install is deprecated setup.py egg_info --egg-base ../../build/save_data build --build-base /home/arms/paper3_ws/build/save_data/build install --record /home/arms/paper3_ws/build/save_data/install.log --single-version-externally-managed install_data
