[2.604s] Invoking command in '/home/arms/paper3_ws/src/uwb_slam': PYTHONPATH=/home/arms/paper3_ws/build/uwb_slam/prefix_override:/home/arms/paper3_ws/install/uwb_slam/lib/python3.10/site-packages:${PYTHONPATH} /usr/bin/python3 -W ignore:setup.py install is deprecated setup.py egg_info --egg-base ../../build/uwb_slam build --build-base /home/arms/paper3_ws/build/uwb_slam/build install --record /home/arms/paper3_ws/build/uwb_slam/install.log --single-version-externally-managed install_data
[3.171s] running egg_info
[3.172s] writing ../../build/uwb_slam/uwb_slam.egg-info/PKG-INFO
[3.172s] writing dependency_links to ../../build/uwb_slam/uwb_slam.egg-info/dependency_links.txt
[3.173s] writing entry points to ../../build/uwb_slam/uwb_slam.egg-info/entry_points.txt
[3.173s] writing requirements to ../../build/uwb_slam/uwb_slam.egg-info/requires.txt
[3.173s] writing top-level names to ../../build/uwb_slam/uwb_slam.egg-info/top_level.txt
[3.178s] reading manifest file '../../build/uwb_slam/uwb_slam.egg-info/SOURCES.txt'
[3.179s] adding license file 'LICENSE'
[3.180s] running build
[3.180s] running build_py
[3.181s] running install
[3.192s] running install_lib
[3.194s] running install_data
[3.195s] running install_egg_info
[3.199s] running install_scripts
[3.239s] Installing init_ancs script to /home/arms/paper3_ws/install/uwb_slam/lib/uwb_slam
[3.239s] Installing run_SLAM script to /home/arms/paper3_ws/install/uwb_slam/lib/uwb_slam
[3.239s] Installing test_LM script to /home/arms/paper3_ws/install/uwb_slam/lib/uwb_slam
[3.239s] Installing test_rot script to /home/arms/paper3_ws/install/uwb_slam/lib/uwb_slam
[3.290s] Invoked command in '/home/arms/paper3_ws/src/uwb_slam' returned '0': PYTHONPATH=/home/arms/paper3_ws/build/uwb_slam/prefix_override:/home/arms/paper3_ws/install/uwb_slam/lib/python3.10/site-packages:${PYTHONPATH} /usr/bin/python3 -W ignore:setup.py install is deprecated setup.py egg_info --egg-base ../../build/uwb_slam build --build-base /home/arms/paper3_ws/build/uwb_slam/build install --record /home/arms/paper3_ws/build/uwb_slam/install.log --single-version-externally-managed install_data
