[2.684s] Invoking command in '/home/arms/paper3_ws/src/uwb_slam': PYTHONPATH=/home/arms/paper3_ws/build/uwb_slam/prefix_override:/home/arms/paper3_ws/install/uwb_slam/lib/python3.10/site-packages:${PYTHONPATH} /usr/bin/python3 -W ignore:setup.py install is deprecated setup.py egg_info --egg-base ../../build/uwb_slam build --build-base /home/arms/paper3_ws/build/uwb_slam/build install --record /home/arms/paper3_ws/build/uwb_slam/install.log --single-version-externally-managed install_data
[3.292s] running egg_info
[3.293s] writing ../../build/uwb_slam/uwb_slam.egg-info/PKG-INFO
[3.294s] writing dependency_links to ../../build/uwb_slam/uwb_slam.egg-info/dependency_links.txt
[3.294s] writing entry points to ../../build/uwb_slam/uwb_slam.egg-info/entry_points.txt
[3.294s] writing requirements to ../../build/uwb_slam/uwb_slam.egg-info/requires.txt
[3.294s] writing top-level names to ../../build/uwb_slam/uwb_slam.egg-info/top_level.txt
[3.301s] reading manifest file '../../build/uwb_slam/uwb_slam.egg-info/SOURCES.txt'
[3.301s] adding license file 'LICENSE'
[3.303s] running build
[3.303s] running build_py
[3.304s] running install
[3.317s] running install_lib
[3.320s] running install_data
[3.320s] running install_egg_info
[3.325s] running install_scripts
[3.369s] Installing init_ancs script to /home/arms/paper3_ws/install/uwb_slam/lib/uwb_slam
[3.370s] Installing run_SLAM script to /home/arms/paper3_ws/install/uwb_slam/lib/uwb_slam
[3.370s] Installing test_LM script to /home/arms/paper3_ws/install/uwb_slam/lib/uwb_slam
[3.370s] Installing test_rot script to /home/arms/paper3_ws/install/uwb_slam/lib/uwb_slam
[3.418s] Invoked command in '/home/arms/paper3_ws/src/uwb_slam' returned '0': PYTHONPATH=/home/arms/paper3_ws/build/uwb_slam/prefix_override:/home/arms/paper3_ws/install/uwb_slam/lib/python3.10/site-packages:${PYTHONPATH} /usr/bin/python3 -W ignore:setup.py install is deprecated setup.py egg_info --egg-base ../../build/uwb_slam build --build-base /home/arms/paper3_ws/build/uwb_slam/build install --record /home/arms/paper3_ws/build/uwb_slam/install.log --single-version-externally-managed install_data
