[0.937s] Invoking command in '/home/arms/paper3_ws/build/uwb_ranger': CMAKE_PREFIX_PATH=${CMAKE_PREFIX_PATH}:/home/arms/paper3_ws/install/uwb_slam:/home/arms/paper3_ws/install/ui:/home/arms/paper3_ws/install/lp_slam:/home/arms/X4M300_ws/install/python_parameters:/home/arms/X4M300_ws/install/novelda_x4m300:/home/arms/p440_ws/install/uwb_slam:/home/arms/p440_ws/install/uwb_raw_vis:/home/arms/p440_ws/install/ui:/home/arms/p440_ws/install/ekf_slam:/home/arms/ros2_driver_mmwave/install/save_db:/opt/ros/iron /usr/bin/cmake --build /home/arms/paper3_ws/build/uwb_ranger -- -j20 -l20
[0.965s] /usr/bin/cmake -S/home/arms/paper3_ws/src/uwb_range -B/home/arms/paper3_ws/build/uwb_ranger --check-build-system CMakeFiles/Makefile.cmake 0
[0.983s] /usr/bin/cmake -E cmake_progress_start /home/arms/paper3_ws/build/uwb_ranger/CMakeFiles /home/arms/paper3_ws/build/uwb_ranger//CMakeFiles/progress.marks
[1.011s] /usr/bin/gmake  -f CMakeFiles/Makefile2 all
[1.013s] gmake[1]: Entering directory '/home/arms/paper3_ws/build/uwb_ranger'
[1.014s] /usr/bin/gmake  -f CMakeFiles/ranger.dir/build.make CMakeFiles/ranger.dir/depend
[1.014s] /usr/bin/gmake  -f CMakeFiles/ranger2.dir/build.make CMakeFiles/ranger2.dir/depend
[1.017s] gmake[2]: Entering directory '/home/arms/paper3_ws/build/uwb_ranger'
[1.017s] cd /home/arms/paper3_ws/build/uwb_ranger && /usr/bin/cmake -E cmake_depends "Unix Makefiles" /home/arms/paper3_ws/src/uwb_range /home/arms/paper3_ws/src/uwb_range /home/arms/paper3_ws/build/uwb_ranger /home/arms/paper3_ws/build/uwb_ranger /home/arms/paper3_ws/build/uwb_ranger/CMakeFiles/ranger.dir/DependInfo.cmake --color=
[1.018s] gmake[2]: Entering directory '/home/arms/paper3_ws/build/uwb_ranger'
[1.018s] cd /home/arms/paper3_ws/build/uwb_ranger && /usr/bin/cmake -E cmake_depends "Unix Makefiles" /home/arms/paper3_ws/src/uwb_range /home/arms/paper3_ws/src/uwb_range /home/arms/paper3_ws/build/uwb_ranger /home/arms/paper3_ws/build/uwb_ranger /home/arms/paper3_ws/build/uwb_ranger/CMakeFiles/ranger2.dir/DependInfo.cmake --color=
[1.034s] gmake[2]: Leaving directory '/home/arms/paper3_ws/build/uwb_ranger'
[1.034s] /usr/bin/gmake  -f CMakeFiles/ranger2.dir/build.make CMakeFiles/ranger2.dir/build
[1.035s] gmake[2]: Leaving directory '/home/arms/paper3_ws/build/uwb_ranger'
[1.035s] /usr/bin/gmake  -f CMakeFiles/ranger.dir/build.make CMakeFiles/ranger.dir/build
[1.039s] gmake[2]: Entering directory '/home/arms/paper3_ws/build/uwb_ranger'
[1.039s] gmake[2]: Nothing to be done for 'CMakeFiles/ranger2.dir/build'.
[1.039s] gmake[2]: Leaving directory '/home/arms/paper3_ws/build/uwb_ranger'
[1.040s] gmake[2]: Entering directory '/home/arms/paper3_ws/build/uwb_ranger'
[1.041s] gmake[2]: Nothing to be done for 'CMakeFiles/ranger.dir/build'.
[1.041s] gmake[2]: Leaving directory '/home/arms/paper3_ws/build/uwb_ranger'
[1.054s] [ 50%] Built target ranger2
[1.055s] [100%] Built target ranger
[1.056s] gmake[1]: Leaving directory '/home/arms/paper3_ws/build/uwb_ranger'
[1.057s] /usr/bin/cmake -E cmake_progress_start /home/arms/paper3_ws/build/uwb_ranger/CMakeFiles 0
[1.459s] Invoked command in '/home/arms/paper3_ws/build/uwb_ranger' returned '0': CMAKE_PREFIX_PATH=${CMAKE_PREFIX_PATH}:/home/arms/paper3_ws/install/uwb_slam:/home/arms/paper3_ws/install/ui:/home/arms/paper3_ws/install/lp_slam:/home/arms/X4M300_ws/install/python_parameters:/home/arms/X4M300_ws/install/novelda_x4m300:/home/arms/p440_ws/install/uwb_slam:/home/arms/p440_ws/install/uwb_raw_vis:/home/arms/p440_ws/install/ui:/home/arms/p440_ws/install/ekf_slam:/home/arms/ros2_driver_mmwave/install/save_db:/opt/ros/iron /usr/bin/cmake --build /home/arms/paper3_ws/build/uwb_ranger -- -j20 -l20
[1.535s] Invoking command in '/home/arms/paper3_ws/build/uwb_ranger': CMAKE_PREFIX_PATH=${CMAKE_PREFIX_PATH}:/home/arms/paper3_ws/install/uwb_slam:/home/arms/paper3_ws/install/ui:/home/arms/paper3_ws/install/lp_slam:/home/arms/X4M300_ws/install/python_parameters:/home/arms/X4M300_ws/install/novelda_x4m300:/home/arms/p440_ws/install/uwb_slam:/home/arms/p440_ws/install/uwb_raw_vis:/home/arms/p440_ws/install/ui:/home/arms/p440_ws/install/ekf_slam:/home/arms/ros2_driver_mmwave/install/save_db:/opt/ros/iron /usr/bin/cmake --install /home/arms/paper3_ws/build/uwb_ranger
[1.549s] -- Install configuration: ""
[1.550s] -- Up-to-date: /home/arms/paper3_ws/install/uwb_ranger/lib/uwb_ranger/ranger
[1.550s] -- Up-to-date: /home/arms/paper3_ws/install/uwb_ranger/lib/uwb_ranger/ranger2
[1.550s] -- Up-to-date: /home/arms/paper3_ws/install/uwb_ranger/share/uwb_ranger//launch
[1.550s] -- Up-to-date: /home/arms/paper3_ws/install/uwb_ranger/share/uwb_ranger//launch/__pycache__
[1.550s] -- Up-to-date: /home/arms/paper3_ws/install/uwb_ranger/share/uwb_ranger//launch/__pycache__/rangenet.cpython-310.pyc
[1.550s] -- Up-to-date: /home/arms/paper3_ws/install/uwb_ranger/share/uwb_ranger//launch/rangenet.launch.py
[1.550s] -- Up-to-date: /home/arms/paper3_ws/install/uwb_ranger/share/uwb_ranger//config
[1.551s] -- Up-to-date: /home/arms/paper3_ws/install/uwb_ranger/share/uwb_ranger//config/params.yaml
[1.551s] -- Up-to-date: /home/arms/paper3_ws/install/uwb_ranger/share/ament_index/resource_index/package_run_dependencies/uwb_ranger
[1.551s] -- Up-to-date: /home/arms/paper3_ws/install/uwb_ranger/share/ament_index/resource_index/parent_prefix_path/uwb_ranger
[1.551s] -- Up-to-date: /home/arms/paper3_ws/install/uwb_ranger/share/uwb_ranger/environment/ament_prefix_path.sh
[1.551s] -- Up-to-date: /home/arms/paper3_ws/install/uwb_ranger/share/uwb_ranger/environment/ament_prefix_path.dsv
[1.551s] -- Up-to-date: /home/arms/paper3_ws/install/uwb_ranger/share/uwb_ranger/environment/path.sh
[1.551s] -- Up-to-date: /home/arms/paper3_ws/install/uwb_ranger/share/uwb_ranger/environment/path.dsv
[1.552s] -- Up-to-date: /home/arms/paper3_ws/install/uwb_ranger/share/uwb_ranger/local_setup.bash
[1.552s] -- Up-to-date: /home/arms/paper3_ws/install/uwb_ranger/share/uwb_ranger/local_setup.sh
[1.552s] -- Up-to-date: /home/arms/paper3_ws/install/uwb_ranger/share/uwb_ranger/local_setup.zsh
[1.552s] -- Up-to-date: /home/arms/paper3_ws/install/uwb_ranger/share/uwb_ranger/local_setup.dsv
[1.552s] -- Installing: /home/arms/paper3_ws/install/uwb_ranger/share/uwb_ranger/package.dsv
[1.552s] -- Up-to-date: /home/arms/paper3_ws/install/uwb_ranger/share/ament_index/resource_index/packages/uwb_ranger
[1.552s] -- Up-to-date: /home/arms/paper3_ws/install/uwb_ranger/share/uwb_ranger/cmake/uwb_rangerConfig.cmake
[1.552s] -- Up-to-date: /home/arms/paper3_ws/install/uwb_ranger/share/uwb_ranger/cmake/uwb_rangerConfig-version.cmake
[1.552s] -- Up-to-date: /home/arms/paper3_ws/install/uwb_ranger/share/uwb_ranger/package.xml
[1.555s] Invoked command in '/home/arms/paper3_ws/build/uwb_ranger' returned '0': CMAKE_PREFIX_PATH=${CMAKE_PREFIX_PATH}:/home/arms/paper3_ws/install/uwb_slam:/home/arms/paper3_ws/install/ui:/home/arms/paper3_ws/install/lp_slam:/home/arms/X4M300_ws/install/python_parameters:/home/arms/X4M300_ws/install/novelda_x4m300:/home/arms/p440_ws/install/uwb_slam:/home/arms/p440_ws/install/uwb_raw_vis:/home/arms/p440_ws/install/ui:/home/arms/p440_ws/install/ekf_slam:/home/arms/ros2_driver_mmwave/install/save_db:/opt/ros/iron /usr/bin/cmake --install /home/arms/paper3_ws/build/uwb_ranger
