[0.140s] DEBUG:colcon:Command line arguments: ['/usr/bin/colcon', 'build']
[0.140s] DEBUG:colcon:Parsed command line arguments: Namespace(log_base=None, log_level=None, verb_name='build', build_base='build', install_base='install', merge_install=False, symlink_install=False, test_result_base=None, continue_on_error=False, executor='parallel', parallel_workers=20, event_handlers=None, ignore_user_meta=False, metas=['./colcon.meta'], base_paths=['.'], packages_ignore=None, packages_ignore_regex=None, paths=None, packages_up_to=None, packages_up_to_regex=None, packages_above=None, packages_above_and_dependencies=None, packages_above_depth=None, packages_select_by_dep=None, packages_skip_by_dep=None, packages_skip_up_to=None, packages_select_build_failed=False, packages_skip_build_finished=False, packages_select_test_failures=False, packages_skip_test_passed=False, packages_select=None, packages_skip=None, packages_select_regex=None, packages_skip_regex=None, packages_start=None, packages_end=None, allow_overriding=[], cmake_args=None, cmake_target=None, cmake_target_skip_unavailable=False, cmake_clean_cache=False, cmake_clean_first=False, cmake_force_configure=False, ament_cmake_args=None, catkin_cmake_args=None, catkin_skip_building_tests=False, verb_parser=<colcon_defaults.argument_parser.defaults.DefaultArgumentsDecorator object at 0x7cc8abd47f70>, verb_extension=<colcon_core.verb.build.BuildVerb object at 0x7cc8abd47a30>, main=<bound method BuildVerb.main of <colcon_core.verb.build.BuildVerb object at 0x7cc8abd47a30>>)
[0.464s] Level 1:colcon.colcon_core.package_discovery:discover_packages(colcon_meta) check parameters
[0.465s] Level 1:colcon.colcon_core.package_discovery:discover_packages(recursive) check parameters
[0.465s] Level 1:colcon.colcon_core.package_discovery:discover_packages(ignore) check parameters
[0.465s] Level 1:colcon.colcon_core.package_discovery:discover_packages(path) check parameters
[0.465s] Level 1:colcon.colcon_core.package_discovery:discover_packages(colcon_meta) discover
[0.465s] Level 1:colcon.colcon_core.package_discovery:discover_packages(recursive) discover
[0.465s] INFO:colcon.colcon_core.package_discovery:Crawling recursively for packages in '/home/arms/paper3_ws'
[0.465s] Level 1:colcon.colcon_core.package_identification:_identify(.) by extensions ['ignore', 'ignore_ament_install']
[0.465s] Level 1:colcon.colcon_core.package_identification:_identify(.) by extension 'ignore'
[0.465s] Level 1:colcon.colcon_core.package_identification:_identify(.) by extension 'ignore_ament_install'
[0.465s] Level 1:colcon.colcon_core.package_identification:_identify(.) by extensions ['colcon_pkg']
[0.465s] Level 1:colcon.colcon_core.package_identification:_identify(.) by extension 'colcon_pkg'
[0.465s] Level 1:colcon.colcon_core.package_identification:_identify(.) by extensions ['colcon_meta']
[0.466s] Level 1:colcon.colcon_core.package_identification:_identify(.) by extension 'colcon_meta'
[0.466s] Level 1:colcon.colcon_core.package_identification:_identify(.) by extensions ['ros']
[0.466s] Level 1:colcon.colcon_core.package_identification:_identify(.) by extension 'ros'
[0.483s] Level 1:colcon.colcon_core.package_identification:_identify(.) by extensions ['cmake', 'python']
[0.484s] Level 1:colcon.colcon_core.package_identification:_identify(.) by extension 'cmake'
[0.484s] Level 1:colcon.colcon_core.package_identification:_identify(.) by extension 'python'
[0.484s] Level 1:colcon.colcon_core.package_identification:_identify(.) by extensions ['python_setup_py']
[0.484s] Level 1:colcon.colcon_core.package_identification:_identify(.) by extension 'python_setup_py'
[0.484s] Level 1:colcon.colcon_core.package_identification:_identify(build) by extensions ['ignore', 'ignore_ament_install']
[0.484s] Level 1:colcon.colcon_core.package_identification:_identify(build) by extension 'ignore'
[0.484s] Level 1:colcon.colcon_core.package_identification:_identify(build) ignored
[0.484s] Level 1:colcon.colcon_core.package_identification:_identify(install) by extensions ['ignore', 'ignore_ament_install']
[0.484s] Level 1:colcon.colcon_core.package_identification:_identify(install) by extension 'ignore'
[0.484s] Level 1:colcon.colcon_core.package_identification:_identify(install) ignored
[0.485s] Level 1:colcon.colcon_core.package_identification:_identify(log) by extensions ['ignore', 'ignore_ament_install']
[0.485s] Level 1:colcon.colcon_core.package_identification:_identify(log) by extension 'ignore'
[0.485s] Level 1:colcon.colcon_core.package_identification:_identify(log) ignored
[0.485s] Level 1:colcon.colcon_core.package_identification:_identify(src) by extensions ['ignore', 'ignore_ament_install']
[0.485s] Level 1:colcon.colcon_core.package_identification:_identify(src) by extension 'ignore'
[0.485s] Level 1:colcon.colcon_core.package_identification:_identify(src) by extension 'ignore_ament_install'
[0.485s] Level 1:colcon.colcon_core.package_identification:_identify(src) by extensions ['colcon_pkg']
[0.485s] Level 1:colcon.colcon_core.package_identification:_identify(src) by extension 'colcon_pkg'
[0.486s] Level 1:colcon.colcon_core.package_identification:_identify(src) by extensions ['colcon_meta']
[0.486s] Level 1:colcon.colcon_core.package_identification:_identify(src) by extension 'colcon_meta'
[0.486s] Level 1:colcon.colcon_core.package_identification:_identify(src) by extensions ['ros']
[0.486s] Level 1:colcon.colcon_core.package_identification:_identify(src) by extension 'ros'
[0.486s] Level 1:colcon.colcon_core.package_identification:_identify(src) by extensions ['cmake', 'python']
[0.486s] Level 1:colcon.colcon_core.package_identification:_identify(src) by extension 'cmake'
[0.486s] Level 1:colcon.colcon_core.package_identification:_identify(src) by extension 'python'
[0.486s] Level 1:colcon.colcon_core.package_identification:_identify(src) by extensions ['python_setup_py']
[0.486s] Level 1:colcon.colcon_core.package_identification:_identify(src) by extension 'python_setup_py'
[0.486s] Level 1:colcon.colcon_core.package_identification:_identify(src/ekf_slam) by extensions ['ignore', 'ignore_ament_install']
[0.486s] Level 1:colcon.colcon_core.package_identification:_identify(src/ekf_slam) by extension 'ignore'
[0.486s] Level 1:colcon.colcon_core.package_identification:_identify(src/ekf_slam) by extension 'ignore_ament_install'
[0.486s] Level 1:colcon.colcon_core.package_identification:_identify(src/ekf_slam) by extensions ['colcon_pkg']
[0.486s] Level 1:colcon.colcon_core.package_identification:_identify(src/ekf_slam) by extension 'colcon_pkg'
[0.486s] Level 1:colcon.colcon_core.package_identification:_identify(src/ekf_slam) by extensions ['colcon_meta']
[0.486s] Level 1:colcon.colcon_core.package_identification:_identify(src/ekf_slam) by extension 'colcon_meta'
[0.487s] Level 1:colcon.colcon_core.package_identification:_identify(src/ekf_slam) by extensions ['ros']
[0.487s] Level 1:colcon.colcon_core.package_identification:_identify(src/ekf_slam) by extension 'ros'
[0.490s] DEBUG:colcon.colcon_core.package_identification:Package 'src/ekf_slam' with type 'ros.ament_python' and name 'lp_slam'
[0.490s] Level 1:colcon.colcon_core.package_identification:_identify(src/my_g2o) by extensions ['ignore', 'ignore_ament_install']
[0.490s] Level 1:colcon.colcon_core.package_identification:_identify(src/my_g2o) by extension 'ignore'
[0.490s] Level 1:colcon.colcon_core.package_identification:_identify(src/my_g2o) by extension 'ignore_ament_install'
[0.490s] Level 1:colcon.colcon_core.package_identification:_identify(src/my_g2o) by extensions ['colcon_pkg']
[0.490s] Level 1:colcon.colcon_core.package_identification:_identify(src/my_g2o) by extension 'colcon_pkg'
[0.490s] Level 1:colcon.colcon_core.package_identification:_identify(src/my_g2o) by extensions ['colcon_meta']
[0.491s] Level 1:colcon.colcon_core.package_identification:_identify(src/my_g2o) by extension 'colcon_meta'
[0.491s] Level 1:colcon.colcon_core.package_identification:_identify(src/my_g2o) by extensions ['ros']
[0.491s] Level 1:colcon.colcon_core.package_identification:_identify(src/my_g2o) by extension 'ros'
[0.491s] Level 1:colcon.colcon_core.package_identification:_identify(src/my_g2o) by extensions ['cmake', 'python']
[0.491s] Level 1:colcon.colcon_core.package_identification:_identify(src/my_g2o) by extension 'cmake'
[0.491s] Level 1:colcon.colcon_core.package_identification:_identify(src/my_g2o) by extension 'python'
[0.491s] Level 1:colcon.colcon_core.package_identification:_identify(src/my_g2o) by extensions ['python_setup_py']
[0.491s] Level 1:colcon.colcon_core.package_identification:_identify(src/my_g2o) by extension 'python_setup_py'
[0.491s] Level 1:colcon.colcon_core.package_identification:_identify(src/my_g2o/__pycache__) by extensions ['ignore', 'ignore_ament_install']
[0.491s] Level 1:colcon.colcon_core.package_identification:_identify(src/my_g2o/__pycache__) by extension 'ignore'
[0.491s] Level 1:colcon.colcon_core.package_identification:_identify(src/my_g2o/__pycache__) by extension 'ignore_ament_install'
[0.491s] Level 1:colcon.colcon_core.package_identification:_identify(src/my_g2o/__pycache__) by extensions ['colcon_pkg']
[0.491s] Level 1:colcon.colcon_core.package_identification:_identify(src/my_g2o/__pycache__) by extension 'colcon_pkg'
[0.491s] Level 1:colcon.colcon_core.package_identification:_identify(src/my_g2o/__pycache__) by extensions ['colcon_meta']
[0.491s] Level 1:colcon.colcon_core.package_identification:_identify(src/my_g2o/__pycache__) by extension 'colcon_meta'
[0.491s] Level 1:colcon.colcon_core.package_identification:_identify(src/my_g2o/__pycache__) by extensions ['ros']
[0.492s] Level 1:colcon.colcon_core.package_identification:_identify(src/my_g2o/__pycache__) by extension 'ros'
[0.492s] Level 1:colcon.colcon_core.package_identification:_identify(src/my_g2o/__pycache__) by extensions ['cmake', 'python']
[0.492s] Level 1:colcon.colcon_core.package_identification:_identify(src/my_g2o/__pycache__) by extension 'cmake'
[0.492s] Level 1:colcon.colcon_core.package_identification:_identify(src/my_g2o/__pycache__) by extension 'python'
[0.492s] Level 1:colcon.colcon_core.package_identification:_identify(src/my_g2o/__pycache__) by extensions ['python_setup_py']
[0.492s] Level 1:colcon.colcon_core.package_identification:_identify(src/my_g2o/__pycache__) by extension 'python_setup_py'
[0.492s] Level 1:colcon.colcon_core.package_identification:_identify(src/ui) by extensions ['ignore', 'ignore_ament_install']
[0.492s] Level 1:colcon.colcon_core.package_identification:_identify(src/ui) by extension 'ignore'
[0.492s] Level 1:colcon.colcon_core.package_identification:_identify(src/ui) by extension 'ignore_ament_install'
[0.492s] Level 1:colcon.colcon_core.package_identification:_identify(src/ui) by extensions ['colcon_pkg']
[0.492s] Level 1:colcon.colcon_core.package_identification:_identify(src/ui) by extension 'colcon_pkg'
[0.492s] Level 1:colcon.colcon_core.package_identification:_identify(src/ui) by extensions ['colcon_meta']
[0.492s] Level 1:colcon.colcon_core.package_identification:_identify(src/ui) by extension 'colcon_meta'
[0.492s] Level 1:colcon.colcon_core.package_identification:_identify(src/ui) by extensions ['ros']
[0.492s] Level 1:colcon.colcon_core.package_identification:_identify(src/ui) by extension 'ros'
[0.493s] DEBUG:colcon.colcon_core.package_identification:Package 'src/ui' with type 'ros.ament_python' and name 'ui'
[0.493s] Level 1:colcon.colcon_core.package_identification:_identify(src/uwb_range) by extensions ['ignore', 'ignore_ament_install']
[0.494s] Level 1:colcon.colcon_core.package_identification:_identify(src/uwb_range) by extension 'ignore'
[0.494s] Level 1:colcon.colcon_core.package_identification:_identify(src/uwb_range) by extension 'ignore_ament_install'
[0.494s] Level 1:colcon.colcon_core.package_identification:_identify(src/uwb_range) by extensions ['colcon_pkg']
[0.494s] Level 1:colcon.colcon_core.package_identification:_identify(src/uwb_range) by extension 'colcon_pkg'
[0.494s] Level 1:colcon.colcon_core.package_identification:_identify(src/uwb_range) by extensions ['colcon_meta']
[0.494s] Level 1:colcon.colcon_core.package_identification:_identify(src/uwb_range) by extension 'colcon_meta'
[0.494s] Level 1:colcon.colcon_core.package_identification:_identify(src/uwb_range) by extensions ['ros']
[0.494s] Level 1:colcon.colcon_core.package_identification:_identify(src/uwb_range) by extension 'ros'
[0.495s] DEBUG:colcon.colcon_core.package_identification:Package 'src/uwb_range' with type 'ros.ament_cmake' and name 'uwb_ranger'
[0.495s] Level 1:colcon.colcon_core.package_identification:_identify(src/uwb_slam) by extensions ['ignore', 'ignore_ament_install']
[0.495s] Level 1:colcon.colcon_core.package_identification:_identify(src/uwb_slam) by extension 'ignore'
[0.495s] Level 1:colcon.colcon_core.package_identification:_identify(src/uwb_slam) by extension 'ignore_ament_install'
[0.495s] Level 1:colcon.colcon_core.package_identification:_identify(src/uwb_slam) by extensions ['colcon_pkg']
[0.495s] Level 1:colcon.colcon_core.package_identification:_identify(src/uwb_slam) by extension 'colcon_pkg'
[0.495s] Level 1:colcon.colcon_core.package_identification:_identify(src/uwb_slam) by extensions ['colcon_meta']
[0.495s] Level 1:colcon.colcon_core.package_identification:_identify(src/uwb_slam) by extension 'colcon_meta'
[0.496s] Level 1:colcon.colcon_core.package_identification:_identify(src/uwb_slam) by extensions ['ros']
[0.496s] Level 1:colcon.colcon_core.package_identification:_identify(src/uwb_slam) by extension 'ros'
[0.496s] DEBUG:colcon.colcon_core.package_identification:Package 'src/uwb_slam' with type 'ros.ament_python' and name 'uwb_slam'
[0.496s] Level 1:colcon.colcon_core.package_discovery:discover_packages(recursive) using defaults
[0.496s] Level 1:colcon.colcon_core.package_discovery:discover_packages(ignore) discover
[0.496s] Level 1:colcon.colcon_core.package_discovery:discover_packages(ignore) using defaults
[0.496s] Level 1:colcon.colcon_core.package_discovery:discover_packages(path) discover
[0.496s] Level 1:colcon.colcon_core.package_discovery:discover_packages(path) using defaults
[0.528s] Level 1:colcon.colcon_core.package_discovery:discover_packages(prefix_path) check parameters
[0.528s] Level 1:colcon.colcon_core.package_discovery:discover_packages(prefix_path) discover
[0.531s] DEBUG:colcon.colcon_installed_package_information.package_discovery:Found 3 installed packages in /home/arms/turtlebot3_ws/install
[0.531s] DEBUG:colcon.colcon_installed_package_information.package_discovery:Found 4 installed packages in /home/arms/paper3_ws/install
[0.532s] DEBUG:colcon.colcon_installed_package_information.package_discovery:Found 3 installed packages in /home/arms/X4M300_ws/install
[0.533s] DEBUG:colcon.colcon_installed_package_information.package_discovery:Found 7 installed packages in /home/arms/p440_ws/install
[0.534s] DEBUG:colcon.colcon_installed_package_information.package_discovery:Found 4 installed packages in /home/arms/ros2_driver_mmwave/install
[0.535s] DEBUG:colcon.colcon_installed_package_information.package_discovery:Found 343 installed packages in /opt/ros/iron
[0.538s] Level 1:colcon.colcon_core.package_discovery:discover_packages(prefix_path) using defaults
[0.602s] Level 5:colcon.colcon_core.verb:set package 'lp_slam' build argument 'cmake_args' from command line to 'None'
[0.602s] Level 5:colcon.colcon_core.verb:set package 'lp_slam' build argument 'cmake_target' from command line to 'None'
[0.602s] Level 5:colcon.colcon_core.verb:set package 'lp_slam' build argument 'cmake_target_skip_unavailable' from command line to 'False'
[0.602s] Level 5:colcon.colcon_core.verb:set package 'lp_slam' build argument 'cmake_clean_cache' from command line to 'False'
[0.603s] Level 5:colcon.colcon_core.verb:set package 'lp_slam' build argument 'cmake_clean_first' from command line to 'False'
[0.603s] Level 5:colcon.colcon_core.verb:set package 'lp_slam' build argument 'cmake_force_configure' from command line to 'False'
[0.603s] Level 5:colcon.colcon_core.verb:set package 'lp_slam' build argument 'ament_cmake_args' from command line to 'None'
[0.603s] Level 5:colcon.colcon_core.verb:set package 'lp_slam' build argument 'catkin_cmake_args' from command line to 'None'
[0.603s] Level 5:colcon.colcon_core.verb:set package 'lp_slam' build argument 'catkin_skip_building_tests' from command line to 'False'
[0.603s] DEBUG:colcon.colcon_core.verb:Building package 'lp_slam' with the following arguments: {'ament_cmake_args': None, 'build_base': '/home/arms/paper3_ws/build/lp_slam', 'catkin_cmake_args': None, 'catkin_skip_building_tests': False, 'cmake_args': None, 'cmake_clean_cache': False, 'cmake_clean_first': False, 'cmake_force_configure': False, 'cmake_target': None, 'cmake_target_skip_unavailable': False, 'install_base': '/home/arms/paper3_ws/install/lp_slam', 'merge_install': False, 'path': '/home/arms/paper3_ws/src/ekf_slam', 'symlink_install': False, 'test_result_base': None}
[0.603s] Level 5:colcon.colcon_core.verb:set package 'ui' build argument 'cmake_args' from command line to 'None'
[0.603s] Level 5:colcon.colcon_core.verb:set package 'ui' build argument 'cmake_target' from command line to 'None'
[0.603s] Level 5:colcon.colcon_core.verb:set package 'ui' build argument 'cmake_target_skip_unavailable' from command line to 'False'
[0.603s] Level 5:colcon.colcon_core.verb:set package 'ui' build argument 'cmake_clean_cache' from command line to 'False'
[0.603s] Level 5:colcon.colcon_core.verb:set package 'ui' build argument 'cmake_clean_first' from command line to 'False'
[0.603s] Level 5:colcon.colcon_core.verb:set package 'ui' build argument 'cmake_force_configure' from command line to 'False'
[0.603s] Level 5:colcon.colcon_core.verb:set package 'ui' build argument 'ament_cmake_args' from command line to 'None'
[0.603s] Level 5:colcon.colcon_core.verb:set package 'ui' build argument 'catkin_cmake_args' from command line to 'None'
[0.603s] Level 5:colcon.colcon_core.verb:set package 'ui' build argument 'catkin_skip_building_tests' from command line to 'False'
[0.604s] DEBUG:colcon.colcon_core.verb:Building package 'ui' with the following arguments: {'ament_cmake_args': None, 'build_base': '/home/arms/paper3_ws/build/ui', 'catkin_cmake_args': None, 'catkin_skip_building_tests': False, 'cmake_args': None, 'cmake_clean_cache': False, 'cmake_clean_first': False, 'cmake_force_configure': False, 'cmake_target': None, 'cmake_target_skip_unavailable': False, 'install_base': '/home/arms/paper3_ws/install/ui', 'merge_install': False, 'path': '/home/arms/paper3_ws/src/ui', 'symlink_install': False, 'test_result_base': None}
[0.604s] Level 5:colcon.colcon_core.verb:set package 'uwb_ranger' build argument 'cmake_args' from command line to 'None'
[0.604s] Level 5:colcon.colcon_core.verb:set package 'uwb_ranger' build argument 'cmake_target' from command line to 'None'
[0.604s] Level 5:colcon.colcon_core.verb:set package 'uwb_ranger' build argument 'cmake_target_skip_unavailable' from command line to 'False'
[0.604s] Level 5:colcon.colcon_core.verb:set package 'uwb_ranger' build argument 'cmake_clean_cache' from command line to 'False'
[0.604s] Level 5:colcon.colcon_core.verb:set package 'uwb_ranger' build argument 'cmake_clean_first' from command line to 'False'
[0.604s] Level 5:colcon.colcon_core.verb:set package 'uwb_ranger' build argument 'cmake_force_configure' from command line to 'False'
[0.604s] Level 5:colcon.colcon_core.verb:set package 'uwb_ranger' build argument 'ament_cmake_args' from command line to 'None'
[0.604s] Level 5:colcon.colcon_core.verb:set package 'uwb_ranger' build argument 'catkin_cmake_args' from command line to 'None'
[0.604s] Level 5:colcon.colcon_core.verb:set package 'uwb_ranger' build argument 'catkin_skip_building_tests' from command line to 'False'
[0.604s] DEBUG:colcon.colcon_core.verb:Building package 'uwb_ranger' with the following arguments: {'ament_cmake_args': None, 'build_base': '/home/arms/paper3_ws/build/uwb_ranger', 'catkin_cmake_args': None, 'catkin_skip_building_tests': False, 'cmake_args': None, 'cmake_clean_cache': False, 'cmake_clean_first': False, 'cmake_force_configure': False, 'cmake_target': None, 'cmake_target_skip_unavailable': False, 'install_base': '/home/arms/paper3_ws/install/uwb_ranger', 'merge_install': False, 'path': '/home/arms/paper3_ws/src/uwb_range', 'symlink_install': False, 'test_result_base': None}
[0.605s] Level 5:colcon.colcon_core.verb:set package 'uwb_slam' build argument 'cmake_args' from command line to 'None'
[0.605s] Level 5:colcon.colcon_core.verb:set package 'uwb_slam' build argument 'cmake_target' from command line to 'None'
[0.605s] Level 5:colcon.colcon_core.verb:set package 'uwb_slam' build argument 'cmake_target_skip_unavailable' from command line to 'False'
[0.605s] Level 5:colcon.colcon_core.verb:set package 'uwb_slam' build argument 'cmake_clean_cache' from command line to 'False'
[0.605s] Level 5:colcon.colcon_core.verb:set package 'uwb_slam' build argument 'cmake_clean_first' from command line to 'False'
[0.605s] Level 5:colcon.colcon_core.verb:set package 'uwb_slam' build argument 'cmake_force_configure' from command line to 'False'
[0.605s] Level 5:colcon.colcon_core.verb:set package 'uwb_slam' build argument 'ament_cmake_args' from command line to 'None'
[0.605s] Level 5:colcon.colcon_core.verb:set package 'uwb_slam' build argument 'catkin_cmake_args' from command line to 'None'
[0.605s] Level 5:colcon.colcon_core.verb:set package 'uwb_slam' build argument 'catkin_skip_building_tests' from command line to 'False'
[0.605s] DEBUG:colcon.colcon_core.verb:Building package 'uwb_slam' with the following arguments: {'ament_cmake_args': None, 'build_base': '/home/arms/paper3_ws/build/uwb_slam', 'catkin_cmake_args': None, 'catkin_skip_building_tests': False, 'cmake_args': None, 'cmake_clean_cache': False, 'cmake_clean_first': False, 'cmake_force_configure': False, 'cmake_target': None, 'cmake_target_skip_unavailable': False, 'install_base': '/home/arms/paper3_ws/install/uwb_slam', 'merge_install': False, 'path': '/home/arms/paper3_ws/src/uwb_slam', 'symlink_install': False, 'test_result_base': None}
[0.605s] INFO:colcon.colcon_core.executor:Executing jobs using 'parallel' executor
[0.607s] DEBUG:colcon.colcon_parallel_executor.executor.parallel:run_until_complete
[0.607s] INFO:colcon.colcon_ros.task.ament_python.build:Building ROS package in '/home/arms/paper3_ws/src/ekf_slam' with build type 'ament_python'
[0.607s] Level 1:colcon.colcon_core.shell:create_environment_hook('lp_slam', 'ament_prefix_path')
[0.611s] INFO:colcon.colcon_core.plugin_system:Skipping extension 'colcon_core.shell.bat': Not used on non-Windows systems
[0.611s] INFO:colcon.colcon_core.shell:Creating environment hook '/home/arms/paper3_ws/install/lp_slam/share/lp_slam/hook/ament_prefix_path.ps1'
[0.612s] INFO:colcon.colcon_core.shell:Creating environment descriptor '/home/arms/paper3_ws/install/lp_slam/share/lp_slam/hook/ament_prefix_path.dsv'
[0.613s] INFO:colcon.colcon_core.shell:Creating environment hook '/home/arms/paper3_ws/install/lp_slam/share/lp_slam/hook/ament_prefix_path.sh'
[0.614s] INFO:colcon.colcon_core.shell:Skip shell extension 'powershell' for command environment: Not usable outside of PowerShell
[0.614s] DEBUG:colcon.colcon_core.shell:Skip shell extension 'dsv' for command environment
[0.621s] INFO:colcon.colcon_ros.task.ament_python.build:Building ROS package in '/home/arms/paper3_ws/src/ui' with build type 'ament_python'
[0.622s] Level 1:colcon.colcon_core.shell:create_environment_hook('ui', 'ament_prefix_path')
[0.622s] INFO:colcon.colcon_core.shell:Creating environment hook '/home/arms/paper3_ws/install/ui/share/ui/hook/ament_prefix_path.ps1'
[0.623s] INFO:colcon.colcon_core.shell:Creating environment descriptor '/home/arms/paper3_ws/install/ui/share/ui/hook/ament_prefix_path.dsv'
[0.623s] INFO:colcon.colcon_core.shell:Creating environment hook '/home/arms/paper3_ws/install/ui/share/ui/hook/ament_prefix_path.sh'
[0.624s] INFO:colcon.colcon_core.shell:Skip shell extension 'powershell' for command environment: Not usable outside of PowerShell
[0.624s] DEBUG:colcon.colcon_core.shell:Skip shell extension 'dsv' for command environment
[0.632s] INFO:colcon.colcon_ros.task.ament_cmake.build:Building ROS package in '/home/arms/paper3_ws/src/uwb_range' with build type 'ament_cmake'
[0.632s] INFO:colcon.colcon_cmake.task.cmake.build:Building CMake package in '/home/arms/paper3_ws/src/uwb_range'
[0.632s] INFO:colcon.colcon_core.shell:Skip shell extension 'powershell' for command environment: Not usable outside of PowerShell
[0.633s] DEBUG:colcon.colcon_core.shell:Skip shell extension 'dsv' for command environment
[0.640s] INFO:colcon.colcon_ros.task.ament_python.build:Building ROS package in '/home/arms/paper3_ws/src/uwb_slam' with build type 'ament_python'
[0.641s] Level 1:colcon.colcon_core.shell:create_environment_hook('uwb_slam', 'ament_prefix_path')
[0.641s] INFO:colcon.colcon_core.shell:Creating environment hook '/home/arms/paper3_ws/install/uwb_slam/share/uwb_slam/hook/ament_prefix_path.ps1'
[0.642s] INFO:colcon.colcon_core.shell:Creating environment descriptor '/home/arms/paper3_ws/install/uwb_slam/share/uwb_slam/hook/ament_prefix_path.dsv'
[0.642s] INFO:colcon.colcon_core.shell:Creating environment hook '/home/arms/paper3_ws/install/uwb_slam/share/uwb_slam/hook/ament_prefix_path.sh'
[0.643s] INFO:colcon.colcon_core.shell:Skip shell extension 'powershell' for command environment: Not usable outside of PowerShell
[0.643s] DEBUG:colcon.colcon_core.shell:Skip shell extension 'dsv' for command environment
[1.186s] INFO:colcon.colcon_core.task.python.build:Building Python package in '/home/arms/paper3_ws/src/ekf_slam'
[1.187s] INFO:colcon.colcon_core.shell:Skip shell extension 'powershell' for command environment: Not usable outside of PowerShell
[1.187s] DEBUG:colcon.colcon_core.shell:Skip shell extension 'dsv' for command environment
[1.717s] INFO:colcon.colcon_core.task.python.build:Building Python package in '/home/arms/paper3_ws/src/ui'
[1.718s] INFO:colcon.colcon_core.shell:Skip shell extension 'powershell' for command environment: Not usable outside of PowerShell
[1.718s] DEBUG:colcon.colcon_core.shell:Skip shell extension 'dsv' for command environment
[1.733s] DEBUG:colcon.colcon_core.event_handler.log_command:Invoking command in '/home/arms/paper3_ws/build/uwb_ranger': CMAKE_PREFIX_PATH=${CMAKE_PREFIX_PATH}:/home/arms/paper3_ws/install/uwb_slam:/home/arms/paper3_ws/install/ui:/home/arms/paper3_ws/install/lp_slam:/home/arms/X4M300_ws/install/python_parameters:/home/arms/X4M300_ws/install/novelda_x4m300:/home/arms/p440_ws/install/uwb_slam:/home/arms/p440_ws/install/uwb_raw_vis:/home/arms/p440_ws/install/ui:/home/arms/p440_ws/install/ekf_slam:/home/arms/ros2_driver_mmwave/install/save_db:/opt/ros/iron /usr/bin/cmake --build /home/arms/paper3_ws/build/uwb_ranger -- -j20 -l20
[2.302s] INFO:colcon.colcon_core.task.python.build:Building Python package in '/home/arms/paper3_ws/src/uwb_slam'
[2.302s] INFO:colcon.colcon_core.shell:Skip shell extension 'powershell' for command environment: Not usable outside of PowerShell
[2.302s] DEBUG:colcon.colcon_core.shell:Skip shell extension 'dsv' for command environment
[2.320s] DEBUG:colcon.colcon_core.event_handler.log_command:Invoked command in '/home/arms/paper3_ws/build/uwb_ranger' returned '0': CMAKE_PREFIX_PATH=${CMAKE_PREFIX_PATH}:/home/arms/paper3_ws/install/uwb_slam:/home/arms/paper3_ws/install/ui:/home/arms/paper3_ws/install/lp_slam:/home/arms/X4M300_ws/install/python_parameters:/home/arms/X4M300_ws/install/novelda_x4m300:/home/arms/p440_ws/install/uwb_slam:/home/arms/p440_ws/install/uwb_raw_vis:/home/arms/p440_ws/install/ui:/home/arms/p440_ws/install/ekf_slam:/home/arms/ros2_driver_mmwave/install/save_db:/opt/ros/iron /usr/bin/cmake --build /home/arms/paper3_ws/build/uwb_ranger -- -j20 -l20
[2.425s] DEBUG:colcon.colcon_core.event_handler.log_command:Invoking command in '/home/arms/paper3_ws/build/uwb_ranger': CMAKE_PREFIX_PATH=${CMAKE_PREFIX_PATH}:/home/arms/paper3_ws/install/uwb_slam:/home/arms/paper3_ws/install/ui:/home/arms/paper3_ws/install/lp_slam:/home/arms/X4M300_ws/install/python_parameters:/home/arms/X4M300_ws/install/novelda_x4m300:/home/arms/p440_ws/install/uwb_slam:/home/arms/p440_ws/install/uwb_raw_vis:/home/arms/p440_ws/install/ui:/home/arms/p440_ws/install/ekf_slam:/home/arms/ros2_driver_mmwave/install/save_db:/opt/ros/iron /usr/bin/cmake --install /home/arms/paper3_ws/build/uwb_ranger
[2.513s] Level 1:colcon.colcon_core.environment:create_environment_scripts_only(uwb_ranger)
[2.518s] DEBUG:colcon.colcon_core.event_handler.log_command:Invoked command in '/home/arms/paper3_ws/build/uwb_ranger' returned '0': CMAKE_PREFIX_PATH=${CMAKE_PREFIX_PATH}:/home/arms/paper3_ws/install/uwb_slam:/home/arms/paper3_ws/install/ui:/home/arms/paper3_ws/install/lp_slam:/home/arms/X4M300_ws/install/python_parameters:/home/arms/X4M300_ws/install/novelda_x4m300:/home/arms/p440_ws/install/uwb_slam:/home/arms/p440_ws/install/uwb_raw_vis:/home/arms/p440_ws/install/ui:/home/arms/p440_ws/install/ekf_slam:/home/arms/ros2_driver_mmwave/install/save_db:/opt/ros/iron /usr/bin/cmake --install /home/arms/paper3_ws/build/uwb_ranger
[2.525s] Level 1:colcon.colcon_core.environment:checking '/home/arms/paper3_ws/install/uwb_ranger' for CMake module files
[2.526s] Level 1:colcon.colcon_core.environment:checking '/home/arms/paper3_ws/install/uwb_ranger' for CMake config files
[2.528s] Level 1:colcon.colcon_core.shell:create_environment_hook('uwb_ranger', 'cmake_prefix_path')
[2.528s] INFO:colcon.colcon_core.shell:Creating environment hook '/home/arms/paper3_ws/install/uwb_ranger/share/uwb_ranger/hook/cmake_prefix_path.ps1'
[2.530s] INFO:colcon.colcon_core.shell:Creating environment descriptor '/home/arms/paper3_ws/install/uwb_ranger/share/uwb_ranger/hook/cmake_prefix_path.dsv'
[2.531s] INFO:colcon.colcon_core.shell:Creating environment hook '/home/arms/paper3_ws/install/uwb_ranger/share/uwb_ranger/hook/cmake_prefix_path.sh'
[2.533s] Level 1:colcon.colcon_core.environment:checking '/home/arms/paper3_ws/install/uwb_ranger/lib'
[2.533s] Level 1:colcon.colcon_core.environment:checking '/home/arms/paper3_ws/install/uwb_ranger/bin'
[2.534s] Level 1:colcon.colcon_core.environment:checking '/home/arms/paper3_ws/install/uwb_ranger/lib/pkgconfig/uwb_ranger.pc'
[2.535s] Level 1:colcon.colcon_core.environment:checking '/home/arms/paper3_ws/install/uwb_ranger/lib/python3.10/site-packages'
[2.535s] Level 1:colcon.colcon_core.environment:checking '/home/arms/paper3_ws/install/uwb_ranger/bin'
[2.536s] INFO:colcon.colcon_core.shell:Creating package script '/home/arms/paper3_ws/install/uwb_ranger/share/uwb_ranger/package.ps1'
[2.539s] INFO:colcon.colcon_core.shell:Creating package descriptor '/home/arms/paper3_ws/install/uwb_ranger/share/uwb_ranger/package.dsv'
[2.541s] INFO:colcon.colcon_core.shell:Creating package script '/home/arms/paper3_ws/install/uwb_ranger/share/uwb_ranger/package.sh'
[2.545s] INFO:colcon.colcon_core.shell:Creating package script '/home/arms/paper3_ws/install/uwb_ranger/share/uwb_ranger/package.bash'
[2.547s] INFO:colcon.colcon_core.shell:Creating package script '/home/arms/paper3_ws/install/uwb_ranger/share/uwb_ranger/package.zsh'
[2.549s] Level 1:colcon.colcon_core.environment:create_file_with_runtime_dependencies(/home/arms/paper3_ws/install/uwb_ranger/share/colcon-core/packages/uwb_ranger)
[2.779s] Level 1:colcon.colcon_core.environment:create_environment_scripts_only(uwb_ranger)
[2.781s] Level 1:colcon.colcon_core.environment:checking '/home/arms/paper3_ws/install/uwb_ranger' for CMake module files
[2.783s] Level 1:colcon.colcon_core.environment:checking '/home/arms/paper3_ws/install/uwb_ranger' for CMake config files
[2.784s] Level 1:colcon.colcon_core.shell:create_environment_hook('uwb_ranger', 'cmake_prefix_path')
[2.785s] INFO:colcon.colcon_core.shell:Creating environment hook '/home/arms/paper3_ws/install/uwb_ranger/share/uwb_ranger/hook/cmake_prefix_path.ps1'
[2.786s] INFO:colcon.colcon_core.shell:Creating environment descriptor '/home/arms/paper3_ws/install/uwb_ranger/share/uwb_ranger/hook/cmake_prefix_path.dsv'
[2.787s] INFO:colcon.colcon_core.shell:Creating environment hook '/home/arms/paper3_ws/install/uwb_ranger/share/uwb_ranger/hook/cmake_prefix_path.sh'
[2.788s] Level 1:colcon.colcon_core.environment:checking '/home/arms/paper3_ws/install/uwb_ranger/lib'
[2.789s] Level 1:colcon.colcon_core.environment:checking '/home/arms/paper3_ws/install/uwb_ranger/bin'
[2.789s] Level 1:colcon.colcon_core.environment:checking '/home/arms/paper3_ws/install/uwb_ranger/lib/pkgconfig/uwb_ranger.pc'
[2.790s] Level 1:colcon.colcon_core.environment:checking '/home/arms/paper3_ws/install/uwb_ranger/lib/python3.10/site-packages'
[2.790s] Level 1:colcon.colcon_core.environment:checking '/home/arms/paper3_ws/install/uwb_ranger/bin'
[2.791s] INFO:colcon.colcon_core.shell:Creating package script '/home/arms/paper3_ws/install/uwb_ranger/share/uwb_ranger/package.ps1'
[2.792s] INFO:colcon.colcon_core.shell:Creating package descriptor '/home/arms/paper3_ws/install/uwb_ranger/share/uwb_ranger/package.dsv'
[2.794s] INFO:colcon.colcon_core.shell:Creating package script '/home/arms/paper3_ws/install/uwb_ranger/share/uwb_ranger/package.sh'
[2.795s] INFO:colcon.colcon_core.shell:Creating package script '/home/arms/paper3_ws/install/uwb_ranger/share/uwb_ranger/package.bash'
[2.796s] INFO:colcon.colcon_core.shell:Creating package script '/home/arms/paper3_ws/install/uwb_ranger/share/uwb_ranger/package.zsh'
[2.797s] Level 1:colcon.colcon_core.environment:create_file_with_runtime_dependencies(/home/arms/paper3_ws/install/uwb_ranger/share/colcon-core/packages/uwb_ranger)
[3.951s] DEBUG:colcon.colcon_core.event_handler.log_command:Invoking command in '/home/arms/paper3_ws/src/ekf_slam': PYTHONPATH=/home/arms/paper3_ws/build/lp_slam/prefix_override:/home/arms/paper3_ws/install/lp_slam/lib/python3.10/site-packages:${PYTHONPATH} /usr/bin/python3 -W ignore:setup.py install is deprecated setup.py egg_info --egg-base ../../build/lp_slam build --build-base /home/arms/paper3_ws/build/lp_slam/build install --record /home/arms/paper3_ws/build/lp_slam/install.log --single-version-externally-managed install_data
[3.974s] DEBUG:colcon.colcon_core.event_handler.log_command:Invoking command in '/home/arms/paper3_ws/src/uwb_slam': PYTHONPATH=/home/arms/paper3_ws/build/uwb_slam/prefix_override:/home/arms/paper3_ws/install/uwb_slam/lib/python3.10/site-packages:${PYTHONPATH} /usr/bin/python3 -W ignore:setup.py install is deprecated setup.py egg_info --egg-base ../../build/uwb_slam build --build-base /home/arms/paper3_ws/build/uwb_slam/build install --record /home/arms/paper3_ws/build/uwb_slam/install.log --single-version-externally-managed install_data
[4.068s] DEBUG:colcon.colcon_core.event_handler.log_command:Invoking command in '/home/arms/paper3_ws/src/ui': PYTHONPATH=/home/arms/paper3_ws/build/ui/prefix_override:/home/arms/paper3_ws/install/ui/lib/python3.10/site-packages:${PYTHONPATH} /usr/bin/python3 -W ignore:setup.py install is deprecated setup.py egg_info --egg-base ../../build/ui build --build-base /home/arms/paper3_ws/build/ui/build install --record /home/arms/paper3_ws/build/ui/install.log --single-version-externally-managed install_data
[5.179s] Level 1:colcon.colcon_core.environment:checking '/home/arms/paper3_ws/install/lp_slam' for CMake module files
[5.181s] DEBUG:colcon.colcon_core.event_handler.log_command:Invoked command in '/home/arms/paper3_ws/src/ekf_slam' returned '0': PYTHONPATH=/home/arms/paper3_ws/build/lp_slam/prefix_override:/home/arms/paper3_ws/install/lp_slam/lib/python3.10/site-packages:${PYTHONPATH} /usr/bin/python3 -W ignore:setup.py install is deprecated setup.py egg_info --egg-base ../../build/lp_slam build --build-base /home/arms/paper3_ws/build/lp_slam/build install --record /home/arms/paper3_ws/build/lp_slam/install.log --single-version-externally-managed install_data
[5.183s] Level 1:colcon.colcon_core.environment:checking '/home/arms/paper3_ws/install/lp_slam' for CMake config files
[5.185s] Level 1:colcon.colcon_core.environment:checking '/home/arms/paper3_ws/install/lp_slam/lib'
[5.185s] Level 1:colcon.colcon_core.environment:checking '/home/arms/paper3_ws/install/lp_slam/bin'
[5.185s] Level 1:colcon.colcon_core.environment:checking '/home/arms/paper3_ws/install/lp_slam/lib/pkgconfig/lp_slam.pc'
[5.186s] Level 1:colcon.colcon_core.environment:checking '/home/arms/paper3_ws/install/lp_slam/lib/python3.10/site-packages'
[5.186s] Level 1:colcon.colcon_core.shell:create_environment_hook('lp_slam', 'pythonpath')
[5.187s] INFO:colcon.colcon_core.shell:Creating environment hook '/home/arms/paper3_ws/install/lp_slam/share/lp_slam/hook/pythonpath.ps1'
[5.189s] INFO:colcon.colcon_core.shell:Creating environment descriptor '/home/arms/paper3_ws/install/lp_slam/share/lp_slam/hook/pythonpath.dsv'
[5.190s] INFO:colcon.colcon_core.shell:Creating environment hook '/home/arms/paper3_ws/install/lp_slam/share/lp_slam/hook/pythonpath.sh'
[5.192s] Level 1:colcon.colcon_core.environment:checking '/home/arms/paper3_ws/install/lp_slam/bin'
[5.192s] Level 1:colcon.colcon_core.environment:create_environment_scripts_only(lp_slam)
[5.193s] INFO:colcon.colcon_core.shell:Creating package script '/home/arms/paper3_ws/install/lp_slam/share/lp_slam/package.ps1'
[5.195s] INFO:colcon.colcon_core.shell:Creating package descriptor '/home/arms/paper3_ws/install/lp_slam/share/lp_slam/package.dsv'
[5.196s] INFO:colcon.colcon_core.shell:Creating package script '/home/arms/paper3_ws/install/lp_slam/share/lp_slam/package.sh'
[5.198s] INFO:colcon.colcon_core.shell:Creating package script '/home/arms/paper3_ws/install/lp_slam/share/lp_slam/package.bash'
[5.199s] INFO:colcon.colcon_core.shell:Creating package script '/home/arms/paper3_ws/install/lp_slam/share/lp_slam/package.zsh'
[5.200s] Level 1:colcon.colcon_core.environment:create_file_with_runtime_dependencies(/home/arms/paper3_ws/install/lp_slam/share/colcon-core/packages/lp_slam)
[5.250s] DEBUG:colcon.colcon_core.event_handler.log_command:Invoked command in '/home/arms/paper3_ws/src/uwb_slam' returned '0': PYTHONPATH=/home/arms/paper3_ws/build/uwb_slam/prefix_override:/home/arms/paper3_ws/install/uwb_slam/lib/python3.10/site-packages:${PYTHONPATH} /usr/bin/python3 -W ignore:setup.py install is deprecated setup.py egg_info --egg-base ../../build/uwb_slam build --build-base /home/arms/paper3_ws/build/uwb_slam/build install --record /home/arms/paper3_ws/build/uwb_slam/install.log --single-version-externally-managed install_data
[5.252s] Level 1:colcon.colcon_core.environment:checking '/home/arms/paper3_ws/install/uwb_slam' for CMake module files
[5.255s] Level 1:colcon.colcon_core.environment:checking '/home/arms/paper3_ws/install/uwb_slam' for CMake config files
[5.257s] Level 1:colcon.colcon_core.environment:checking '/home/arms/paper3_ws/install/uwb_slam/lib'
[5.257s] Level 1:colcon.colcon_core.environment:checking '/home/arms/paper3_ws/install/uwb_slam/bin'
[5.257s] Level 1:colcon.colcon_core.environment:checking '/home/arms/paper3_ws/install/uwb_slam/lib/pkgconfig/uwb_slam.pc'
[5.258s] Level 1:colcon.colcon_core.environment:checking '/home/arms/paper3_ws/install/uwb_slam/lib/python3.10/site-packages'
[5.258s] Level 1:colcon.colcon_core.shell:create_environment_hook('uwb_slam', 'pythonpath')
[5.259s] INFO:colcon.colcon_core.shell:Creating environment hook '/home/arms/paper3_ws/install/uwb_slam/share/uwb_slam/hook/pythonpath.ps1'
[5.260s] INFO:colcon.colcon_core.shell:Creating environment descriptor '/home/arms/paper3_ws/install/uwb_slam/share/uwb_slam/hook/pythonpath.dsv'
[5.261s] INFO:colcon.colcon_core.shell:Creating environment hook '/home/arms/paper3_ws/install/uwb_slam/share/uwb_slam/hook/pythonpath.sh'
[5.263s] Level 1:colcon.colcon_core.environment:checking '/home/arms/paper3_ws/install/uwb_slam/bin'
[5.263s] Level 1:colcon.colcon_core.environment:create_environment_scripts_only(uwb_slam)
[5.264s] INFO:colcon.colcon_core.shell:Creating package script '/home/arms/paper3_ws/install/uwb_slam/share/uwb_slam/package.ps1'
[5.265s] INFO:colcon.colcon_core.shell:Creating package descriptor '/home/arms/paper3_ws/install/uwb_slam/share/uwb_slam/package.dsv'
[5.267s] INFO:colcon.colcon_core.shell:Creating package script '/home/arms/paper3_ws/install/uwb_slam/share/uwb_slam/package.sh'
[5.268s] INFO:colcon.colcon_core.shell:Creating package script '/home/arms/paper3_ws/install/uwb_slam/share/uwb_slam/package.bash'
[5.269s] INFO:colcon.colcon_core.shell:Creating package script '/home/arms/paper3_ws/install/uwb_slam/share/uwb_slam/package.zsh'
[5.269s] Level 1:colcon.colcon_core.environment:create_file_with_runtime_dependencies(/home/arms/paper3_ws/install/uwb_slam/share/colcon-core/packages/uwb_slam)
[5.300s] Level 1:colcon.colcon_core.environment:checking '/home/arms/paper3_ws/install/ui' for CMake module files
[5.301s] DEBUG:colcon.colcon_core.event_handler.log_command:Invoked command in '/home/arms/paper3_ws/src/ui' returned '0': PYTHONPATH=/home/arms/paper3_ws/build/ui/prefix_override:/home/arms/paper3_ws/install/ui/lib/python3.10/site-packages:${PYTHONPATH} /usr/bin/python3 -W ignore:setup.py install is deprecated setup.py egg_info --egg-base ../../build/ui build --build-base /home/arms/paper3_ws/build/ui/build install --record /home/arms/paper3_ws/build/ui/install.log --single-version-externally-managed install_data
[5.303s] Level 1:colcon.colcon_core.environment:checking '/home/arms/paper3_ws/install/ui' for CMake config files
[5.304s] Level 1:colcon.colcon_core.environment:checking '/home/arms/paper3_ws/install/ui/lib'
[5.304s] Level 1:colcon.colcon_core.environment:checking '/home/arms/paper3_ws/install/ui/bin'
[5.304s] Level 1:colcon.colcon_core.environment:checking '/home/arms/paper3_ws/install/ui/lib/pkgconfig/ui.pc'
[5.305s] Level 1:colcon.colcon_core.environment:checking '/home/arms/paper3_ws/install/ui/lib/python3.10/site-packages'
[5.305s] Level 1:colcon.colcon_core.shell:create_environment_hook('ui', 'pythonpath')
[5.306s] INFO:colcon.colcon_core.shell:Creating environment hook '/home/arms/paper3_ws/install/ui/share/ui/hook/pythonpath.ps1'
[5.307s] INFO:colcon.colcon_core.shell:Creating environment descriptor '/home/arms/paper3_ws/install/ui/share/ui/hook/pythonpath.dsv'
[5.308s] INFO:colcon.colcon_core.shell:Creating environment hook '/home/arms/paper3_ws/install/ui/share/ui/hook/pythonpath.sh'
[5.309s] Level 1:colcon.colcon_core.environment:checking '/home/arms/paper3_ws/install/ui/bin'
[5.309s] Level 1:colcon.colcon_core.environment:create_environment_scripts_only(ui)
[5.310s] INFO:colcon.colcon_core.shell:Creating package script '/home/arms/paper3_ws/install/ui/share/ui/package.ps1'
[5.311s] INFO:colcon.colcon_core.shell:Creating package descriptor '/home/arms/paper3_ws/install/ui/share/ui/package.dsv'
[5.313s] INFO:colcon.colcon_core.shell:Creating package script '/home/arms/paper3_ws/install/ui/share/ui/package.sh'
[5.314s] INFO:colcon.colcon_core.shell:Creating package script '/home/arms/paper3_ws/install/ui/share/ui/package.bash'
[5.314s] INFO:colcon.colcon_core.shell:Creating package script '/home/arms/paper3_ws/install/ui/share/ui/package.zsh'
[5.315s] Level 1:colcon.colcon_core.environment:create_file_with_runtime_dependencies(/home/arms/paper3_ws/install/ui/share/colcon-core/packages/ui)
[5.316s] DEBUG:colcon.colcon_parallel_executor.executor.parallel:closing loop
[5.317s] DEBUG:colcon.colcon_parallel_executor.executor.parallel:loop closed
[5.317s] DEBUG:colcon.colcon_parallel_executor.executor.parallel:run_until_complete finished with '0'
[5.317s] DEBUG:colcon.colcon_core.event_reactor:joining thread
[5.333s] INFO:colcon.colcon_core.plugin_system:Skipping extension 'colcon_notification.desktop_notification.terminal_notifier': Not used on non-Darwin systems
[5.333s] INFO:colcon.colcon_core.plugin_system:Skipping extension 'colcon_notification.desktop_notification.win32': Not used on non-Windows systems
[5.334s] INFO:colcon.colcon_notification.desktop_notification:Sending desktop notification using 'notify2'
[5.399s] DEBUG:colcon.colcon_core.event_reactor:joined thread
[5.400s] INFO:colcon.colcon_core.shell:Creating prefix script '/home/arms/paper3_ws/install/local_setup.ps1'
[5.402s] INFO:colcon.colcon_core.shell:Creating prefix util module '/home/arms/paper3_ws/install/_local_setup_util_ps1.py'
[5.405s] INFO:colcon.colcon_core.shell:Creating prefix chain script '/home/arms/paper3_ws/install/setup.ps1'
[5.409s] INFO:colcon.colcon_core.shell:Creating prefix script '/home/arms/paper3_ws/install/local_setup.sh'
[5.410s] INFO:colcon.colcon_core.shell:Creating prefix util module '/home/arms/paper3_ws/install/_local_setup_util_sh.py'
[5.411s] INFO:colcon.colcon_core.shell:Creating prefix chain script '/home/arms/paper3_ws/install/setup.sh'
[5.415s] INFO:colcon.colcon_core.shell:Creating prefix script '/home/arms/paper3_ws/install/local_setup.bash'
[5.416s] INFO:colcon.colcon_core.shell:Creating prefix chain script '/home/arms/paper3_ws/install/setup.bash'
[5.420s] INFO:colcon.colcon_core.shell:Creating prefix script '/home/arms/paper3_ws/install/local_setup.zsh'
[5.421s] INFO:colcon.colcon_core.shell:Creating prefix chain script '/home/arms/paper3_ws/install/setup.zsh'
