[2.636s] Invoking command in '/home/arms/paper3_ws/src/uwb_slam': PYTHONPATH=/home/arms/paper3_ws/build/uwb_slam/prefix_override:/home/arms/paper3_ws/install/uwb_slam/lib/python3.10/site-packages:${PYTHONPATH} /usr/bin/python3 -W ignore:setup.py install is deprecated setup.py egg_info --egg-base ../../build/uwb_slam build --build-base /home/arms/paper3_ws/build/uwb_slam/build install --record /home/arms/paper3_ws/build/uwb_slam/install.log --single-version-externally-managed install_data
[3.149s] running egg_info
[3.150s] writing ../../build/uwb_slam/uwb_slam.egg-info/PKG-INFO
[3.150s] writing dependency_links to ../../build/uwb_slam/uwb_slam.egg-info/dependency_links.txt
[3.150s] writing entry points to ../../build/uwb_slam/uwb_slam.egg-info/entry_points.txt
[3.150s] writing requirements to ../../build/uwb_slam/uwb_slam.egg-info/requires.txt
[3.151s] writing top-level names to ../../build/uwb_slam/uwb_slam.egg-info/top_level.txt
[3.156s] reading manifest file '../../build/uwb_slam/uwb_slam.egg-info/SOURCES.txt'
[3.156s] adding license file 'LICENSE'
[3.157s] running build
[3.157s] running build_py
[3.157s] running install
[3.167s] running install_lib
[3.169s] running install_data
[3.169s] running install_egg_info
[3.173s] running install_scripts
[3.208s] Installing init_ancs script to /home/arms/paper3_ws/install/uwb_slam/lib/uwb_slam
[3.208s] Installing run_SLAM script to /home/arms/paper3_ws/install/uwb_slam/lib/uwb_slam
[3.208s] Installing test_LM script to /home/arms/paper3_ws/install/uwb_slam/lib/uwb_slam
[3.208s] Installing test_rot script to /home/arms/paper3_ws/install/uwb_slam/lib/uwb_slam
[3.264s] Invoked command in '/home/arms/paper3_ws/src/uwb_slam' returned '0': PYTHONPATH=/home/arms/paper3_ws/build/uwb_slam/prefix_override:/home/arms/paper3_ws/install/uwb_slam/lib/python3.10/site-packages:${PYTHONPATH} /usr/bin/python3 -W ignore:setup.py install is deprecated setup.py egg_info --egg-base ../../build/uwb_slam build --build-base /home/arms/paper3_ws/build/uwb_slam/build install --record /home/arms/paper3_ws/build/uwb_slam/install.log --single-version-externally-managed install_data
