/home/arms/paper3_ws/install/lp_slam/lib/python3.10/site-packages/lp_slam/__init__.py
/home/arms/paper3_ws/install/lp_slam/lib/python3.10/site-packages/lp_slam/lp_node_mat.py
/home/arms/paper3_ws/install/lp_slam/lib/python3.10/site-packages/lp_slam/lp_node_rawObs.py
/home/arms/paper3_ws/install/lp_slam/lib/python3.10/site-packages/lp_slam/lp_node_plot.py
/home/arms/paper3_ws/install/lp_slam/lib/python3.10/site-packages/lp_slam/src/ekf_funcs_lp.py
/home/arms/paper3_ws/install/lp_slam/lib/python3.10/site-packages/lp_slam/src/__init__.py
/home/arms/paper3_ws/install/lp_slam/lib/python3.10/site-packages/lp_slam/__pycache__/__init__.cpython-310.pyc
/home/arms/paper3_ws/install/lp_slam/lib/python3.10/site-packages/lp_slam/__pycache__/lp_node_mat.cpython-310.pyc
/home/arms/paper3_ws/install/lp_slam/lib/python3.10/site-packages/lp_slam/__pycache__/lp_node_rawObs.cpython-310.pyc
/home/arms/paper3_ws/install/lp_slam/lib/python3.10/site-packages/lp_slam/__pycache__/lp_node_plot.cpython-310.pyc
/home/arms/paper3_ws/install/lp_slam/lib/python3.10/site-packages/lp_slam/src/__pycache__/ekf_funcs_lp.cpython-310.pyc
/home/arms/paper3_ws/install/lp_slam/lib/python3.10/site-packages/lp_slam/src/__pycache__/__init__.cpython-310.pyc
/home/arms/paper3_ws/install/lp_slam/share/ament_index/resource_index/packages/lp_slam
/home/arms/paper3_ws/install/lp_slam/share/lp_slam/package.xml
/home/arms/paper3_ws/install/lp_slam/share/lp_slam/launch
/home/arms/paper3_ws/install/lp_slam/share/lp_slam/config/params.yaml
/home/arms/paper3_ws/install/lp_slam/share/lp_slam/config/params0.yaml
/home/arms/paper3_ws/install/lp_slam/lib/python3.10/site-packages/lp_slam-0.0.0-py3.10.egg-info/dependency_links.txt
/home/arms/paper3_ws/install/lp_slam/lib/python3.10/site-packages/lp_slam-0.0.0-py3.10.egg-info/PKG-INFO
/home/arms/paper3_ws/install/lp_slam/lib/python3.10/site-packages/lp_slam-0.0.0-py3.10.egg-info/requires.txt
/home/arms/paper3_ws/install/lp_slam/lib/python3.10/site-packages/lp_slam-0.0.0-py3.10.egg-info/SOURCES.txt
/home/arms/paper3_ws/install/lp_slam/lib/python3.10/site-packages/lp_slam-0.0.0-py3.10.egg-info/entry_points.txt
/home/arms/paper3_ws/install/lp_slam/lib/python3.10/site-packages/lp_slam-0.0.0-py3.10.egg-info/top_level.txt
/home/arms/paper3_ws/install/lp_slam/lib/python3.10/site-packages/lp_slam-0.0.0-py3.10.egg-info/zip-safe
/home/arms/paper3_ws/install/lp_slam/lib/lp_slam/lp_node_mat
/home/arms/paper3_ws/install/lp_slam/lib/lp_slam/plot_node
