[2.175s] Invoking command in '/home/arms/paper3_ws/src/uwb_slam': PYTHONPATH=/home/arms/paper3_ws/build/uwb_slam/prefix_override:/home/arms/paper3_ws/install/uwb_slam/lib/python3.10/site-packages:${PYTHONPATH} /usr/bin/python3 -W ignore:setup.py install is deprecated setup.py egg_info --egg-base ../../build/uwb_slam build --build-base /home/arms/paper3_ws/build/uwb_slam/build install --record /home/arms/paper3_ws/build/uwb_slam/install.log --single-version-externally-managed install_data
[2.706s] running egg_info
[2.706s] writing ../../build/uwb_slam/uwb_slam.egg-info/PKG-INFO
[2.707s] writing dependency_links to ../../build/uwb_slam/uwb_slam.egg-info/dependency_links.txt
[2.707s] writing entry points to ../../build/uwb_slam/uwb_slam.egg-info/entry_points.txt
[2.708s] writing requirements to ../../build/uwb_slam/uwb_slam.egg-info/requires.txt
[2.708s] writing top-level names to ../../build/uwb_slam/uwb_slam.egg-info/top_level.txt
[2.713s] reading manifest file '../../build/uwb_slam/uwb_slam.egg-info/SOURCES.txt'
[2.713s] adding license file 'LICENSE'
[2.714s] running build
[2.714s] running build_py
[2.715s] running install
[2.726s] running install_lib
[2.728s] running install_data
[2.729s] running install_egg_info
[2.733s] running install_scripts
[2.771s] Installing init_ancs script to /home/arms/paper3_ws/install/uwb_slam/lib/uwb_slam
[2.771s] Installing run_SLAM script to /home/arms/paper3_ws/install/uwb_slam/lib/uwb_slam
[2.771s] Installing test_LM script to /home/arms/paper3_ws/install/uwb_slam/lib/uwb_slam
[2.771s] Installing test_rot script to /home/arms/paper3_ws/install/uwb_slam/lib/uwb_slam
[2.816s] Invoked command in '/home/arms/paper3_ws/src/uwb_slam' returned '0': PYTHONPATH=/home/arms/paper3_ws/build/uwb_slam/prefix_override:/home/arms/paper3_ws/install/uwb_slam/lib/python3.10/site-packages:${PYTHONPATH} /usr/bin/python3 -W ignore:setup.py install is deprecated setup.py egg_info --egg-base ../../build/uwb_slam build --build-base /home/arms/paper3_ws/build/uwb_slam/build install --record /home/arms/paper3_ws/build/uwb_slam/install.log --single-version-externally-managed install_data
