[0.851s] Invoking command in '/home/arms/paper3_ws/src/uwb_slam': PYTHONPATH=/home/arms/paper3_ws/build/uwb_slam/prefix_override:/home/arms/paper3_ws/install/uwb_slam/lib/python3.10/site-packages:${PYTHONPATH} /usr/bin/python3 -W ignore:setup.py install is deprecated setup.py egg_info --egg-base ../../build/uwb_slam build --build-base /home/arms/paper3_ws/build/uwb_slam/build install --record /home/arms/paper3_ws/build/uwb_slam/install.log --single-version-externally-managed install_data
[1.030s] running egg_info
[1.031s] writing ../../build/uwb_slam/uwb_slam.egg-info/PKG-INFO
[1.031s] writing dependency_links to ../../build/uwb_slam/uwb_slam.egg-info/dependency_links.txt
[1.031s] writing entry points to ../../build/uwb_slam/uwb_slam.egg-info/entry_points.txt
[1.031s] writing requirements to ../../build/uwb_slam/uwb_slam.egg-info/requires.txt
[1.032s] writing top-level names to ../../build/uwb_slam/uwb_slam.egg-info/top_level.txt
[1.033s] reading manifest file '../../build/uwb_slam/uwb_slam.egg-info/SOURCES.txt'
[1.033s] adding license file 'LICENSE'
[1.033s] running build
[1.033s] running build_py
[1.034s] running install
[1.037s] running install_lib
[1.038s] running install_data
[1.038s] running install_egg_info
[1.040s] running install_scripts
[1.054s] Installing init_ancs script to /home/arms/paper3_ws/install/uwb_slam/lib/uwb_slam
[1.054s] Installing run_SLAM script to /home/arms/paper3_ws/install/uwb_slam/lib/uwb_slam
[1.054s] Installing test_LM script to /home/arms/paper3_ws/install/uwb_slam/lib/uwb_slam
[1.054s] Installing test_rot script to /home/arms/paper3_ws/install/uwb_slam/lib/uwb_slam
[1.076s] Invoked command in '/home/arms/paper3_ws/src/uwb_slam' returned '0': PYTHONPATH=/home/arms/paper3_ws/build/uwb_slam/prefix_override:/home/arms/paper3_ws/install/uwb_slam/lib/python3.10/site-packages:${PYTHONPATH} /usr/bin/python3 -W ignore:setup.py install is deprecated setup.py egg_info --egg-base ../../build/uwb_slam build --build-base /home/arms/paper3_ws/build/uwb_slam/build install --record /home/arms/paper3_ws/build/uwb_slam/install.log --single-version-externally-managed install_data
