/home/arms/paper3_ws/install/ui/lib/python3.10/site-packages/ui/__init__.py
/home/arms/paper3_ws/install/ui/lib/python3.10/site-packages/ui/slam_gui.py
/home/arms/paper3_ws/install/ui/lib/python3.10/site-packages/ui/feed_mu.py
/home/arms/paper3_ws/install/ui/lib/python3.10/site-packages/ui/leven_mar.py
/home/arms/paper3_ws/install/ui/lib/python3.10/site-packages/ui/run_gui_dispOnly.py
/home/arms/paper3_ws/install/ui/lib/python3.10/site-packages/ui/run_gui.py
/home/arms/paper3_ws/install/ui/lib/python3.10/site-packages/ui/range_disp.py
/home/arms/paper3_ws/install/ui/lib/python3.10/site-packages/ui/__pycache__/__init__.cpython-310.pyc
/home/arms/paper3_ws/install/ui/lib/python3.10/site-packages/ui/__pycache__/slam_gui.cpython-310.pyc
/home/arms/paper3_ws/install/ui/lib/python3.10/site-packages/ui/__pycache__/feed_mu.cpython-310.pyc
/home/arms/paper3_ws/install/ui/lib/python3.10/site-packages/ui/__pycache__/leven_mar.cpython-310.pyc
/home/arms/paper3_ws/install/ui/lib/python3.10/site-packages/ui/__pycache__/run_gui_dispOnly.cpython-310.pyc
/home/arms/paper3_ws/install/ui/lib/python3.10/site-packages/ui/__pycache__/run_gui.cpython-310.pyc
/home/arms/paper3_ws/install/ui/lib/python3.10/site-packages/ui/__pycache__/range_disp.cpython-310.pyc
/home/arms/paper3_ws/install/ui/share/ament_index/resource_index/packages/ui
/home/arms/paper3_ws/install/ui/share/ui/package.xml
/home/arms/paper3_ws/install/ui/lib/python3.10/site-packages/ui-0.0.0-py3.10.egg-info/dependency_links.txt
/home/arms/paper3_ws/install/ui/lib/python3.10/site-packages/ui-0.0.0-py3.10.egg-info/PKG-INFO
/home/arms/paper3_ws/install/ui/lib/python3.10/site-packages/ui-0.0.0-py3.10.egg-info/requires.txt
/home/arms/paper3_ws/install/ui/lib/python3.10/site-packages/ui-0.0.0-py3.10.egg-info/SOURCES.txt
/home/arms/paper3_ws/install/ui/lib/python3.10/site-packages/ui-0.0.0-py3.10.egg-info/entry_points.txt
/home/arms/paper3_ws/install/ui/lib/python3.10/site-packages/ui-0.0.0-py3.10.egg-info/top_level.txt
/home/arms/paper3_ws/install/ui/lib/python3.10/site-packages/ui-0.0.0-py3.10.egg-info/zip-safe
/home/arms/paper3_ws/install/ui/lib/ui/feed_mu
/home/arms/paper3_ws/install/ui/lib/ui/slam_node
/home/arms/paper3_ws/install/ui/lib/ui/ui_node
