[0.939s] Invoking command in '/home/arms/paper3_ws/src/ekf_slam': PYTHONPATH=/home/arms/paper3_ws/build/lp_slam/prefix_override:/home/arms/paper3_ws/install/lp_slam/lib/python3.10/site-packages:${PYTHONPATH} /usr/bin/python3 -W ignore:setup.py install is deprecated setup.py egg_info --egg-base ../../build/lp_slam build --build-base /home/arms/paper3_ws/build/lp_slam/build install --record /home/arms/paper3_ws/build/lp_slam/install.log --single-version-externally-managed install_data
[1.142s] running egg_info
[1.143s] writing ../../build/lp_slam/lp_slam.egg-info/PKG-INFO
[1.143s] writing dependency_links to ../../build/lp_slam/lp_slam.egg-info/dependency_links.txt
[1.143s] writing entry points to ../../build/lp_slam/lp_slam.egg-info/entry_points.txt
[1.143s] writing requirements to ../../build/lp_slam/lp_slam.egg-info/requires.txt
[1.143s] writing top-level names to ../../build/lp_slam/lp_slam.egg-info/top_level.txt
[1.145s] reading manifest file '../../build/lp_slam/lp_slam.egg-info/SOURCES.txt'
[1.145s] adding license file 'LICENSE'
[1.146s] running build
[1.146s] running build_py
[1.146s] running install
[1.151s] running install_lib
[1.156s] running install_data
[1.156s] running install_egg_info
[1.156s]   File "/home/arms/paper3_ws/install/lp_slam/lib/python3.10/site-packages/lp_slam/lp_node.py", line 430
[1.156s]     set_limits(ax2, np.concatenate((obs_lhs_R12, obs_rhs_R12), odom[i:i+stepsize, :])
[1.156s]               ^
[1.156s] SyntaxError: '(' was never closed
[1.156s] 
[1.158s] running install_scripts
[1.173s] Installing lp_node script to /home/arms/paper3_ws/install/lp_slam/lib/lp_slam
[1.193s] Invoked command in '/home/arms/paper3_ws/src/ekf_slam' returned '0': PYTHONPATH=/home/arms/paper3_ws/build/lp_slam/prefix_override:/home/arms/paper3_ws/install/lp_slam/lib/python3.10/site-packages:${PYTHONPATH} /usr/bin/python3 -W ignore:setup.py install is deprecated setup.py egg_info --egg-base ../../build/lp_slam build --build-base /home/arms/paper3_ws/build/lp_slam/build install --record /home/arms/paper3_ws/build/lp_slam/install.log --single-version-externally-managed install_data
